CRITICAL - 2024-04-20 07:21:04 --> Trying to access array offset on value of type null
#0 C:\xampp\htdocs\siakad\app\Views\template\sidebar.php(59): CodeIgniter\Debug\Exceptions->errorHandler(8, 'Trying to acces...', 'C:\\xampp\\htdocs...', 59, Array)
#1 C:\xampp\htdocs\siakad\system\View\View.php(214): include('C:\\xampp\\htdocs...')
#2 C:\xampp\htdocs\siakad\system\View\View.php(217): CodeIgniter\View\View->CodeIgniter\View\{closure}()
#3 C:\xampp\htdocs\siakad\system\View\View.php(432): CodeIgniter\View\View->render('template/sideba...', NULL, true)
#4 C:\xampp\htdocs\siakad\app\Views\template\template-backend.php(17): CodeIgniter\View\View->include('template/sideba...')
#5 C:\xampp\htdocs\siakad\system\View\View.php(214): include('C:\\xampp\\htdocs...')
#6 C:\xampp\htdocs\siakad\system\View\View.php(217): CodeIgniter\View\View->CodeIgniter\View\{closure}()
#7 C:\xampp\htdocs\siakad\system\View\View.php(230): CodeIgniter\View\View->render('template/templa...', Array, true)
#8 C:\xampp\htdocs\siakad\system\Common.php(1092): CodeIgniter\View\View->render('admin/v_dashboa...', Array, true)
#9 C:\xampp\htdocs\siakad\app\Controllers\Admin.php(56): view('admin/v_dashboa...', Array)
#10 C:\xampp\htdocs\siakad\system\CodeIgniter.php(802): App\Controllers\Admin->index()
#11 C:\xampp\htdocs\siakad\system\CodeIgniter.php(399): CodeIgniter\CodeIgniter->runController(Object(App\Controllers\Admin))
#12 C:\xampp\htdocs\siakad\system\CodeIgniter.php(317): CodeIgniter\CodeIgniter->handleRequest(NULL, Object(Config\Cache), false)
#13 C:\xampp\htdocs\siakad\public\index.php(37): CodeIgniter\CodeIgniter->run()
#14 C:\xampp\htdocs\siakad\system\Commands\Server\rewrite.php(43): require_once('C:\\xampp\\htdocs...')
#15 {main}
CRITICAL - 2024-04-20 10:01:59 --> Class 'App\Controllers\Endroid\QrCode\QrCode' not found
#0 C:\xampp\htdocs\siakad\system\CodeIgniter.php(802): App\Controllers\Presensi->generate_qr()
#1 C:\xampp\htdocs\siakad\system\CodeIgniter.php(399): CodeIgniter\CodeIgniter->runController(Object(App\Controllers\Presensi))
#2 C:\xampp\htdocs\siakad\system\CodeIgniter.php(317): CodeIgniter\CodeIgniter->handleRequest(NULL, Object(Config\Cache), false)
#3 C:\xampp\htdocs\siakad\public\index.php(37): CodeIgniter\CodeIgniter->run()
#4 C:\xampp\htdocs\siakad\system\Commands\Server\rewrite.php(43): require_once('C:\\xampp\\htdocs...')
#5 {main}
CRITICAL - 2024-04-20 10:04:08 --> Call to undefined method Endroid\QrCode\QrCode::getContentType()
#0 C:\xampp\htdocs\siakad\system\CodeIgniter.php(802): App\Controllers\Presensi->generate_qr()
#1 C:\xampp\htdocs\siakad\system\CodeIgniter.php(399): CodeIgniter\CodeIgniter->runController(Object(App\Controllers\Presensi))
#2 C:\xampp\htdocs\siakad\system\CodeIgniter.php(317): CodeIgniter\CodeIgniter->handleRequest(NULL, Object(Config\Cache), false)
#3 C:\xampp\htdocs\siakad\public\index.php(37): CodeIgniter\CodeIgniter->run()
#4 C:\xampp\htdocs\siakad\system\Commands\Server\rewrite.php(43): require_once('C:\\xampp\\htdocs...')
#5 {main}
