ERROR - 2024-06-15 02:41:34 --> Unknown column 'tbl_mutasi.id_siswa' in 'on clause'
CRITICAL - 2024-06-15 02:41:34 --> Unknown column 'tbl_mutasi.id_siswa' in 'on clause'
#0 C:\xampp\htdocs\siakad\system\Database\MySQLi\Connection.php(280): mysqli->query('SELECT *\nFROM `...')
#1 C:\xampp\htdocs\siakad\system\Database\BaseConnection.php(663): CodeIgniter\Database\MySQLi\Connection->execute('SELECT *\nFROM `...')
#2 C:\xampp\htdocs\siakad\system\Database\BaseConnection.php(591): CodeIgniter\Database\BaseConnection->simpleQuery('SELECT *\nFROM `...')
#3 C:\xampp\htdocs\siakad\system\Database\BaseBuilder.php(1428): CodeIgniter\Database\BaseConnection->query('SELECT *\nFROM `...', Array, false)
#4 C:\xampp\htdocs\siakad\app\Models\ModelPendidik.php(58): CodeIgniter\Database\BaseBuilder->get()
#5 C:\xampp\htdocs\siakad\app\Controllers\Pendidik.php(164): App\Models\ModelPendidik->mutasi('1')
#6 C:\xampp\htdocs\siakad\system\CodeIgniter.php(802): App\Controllers\Pendidik->pengajuan()
#7 C:\xampp\htdocs\siakad\system\CodeIgniter.php(399): CodeIgniter\CodeIgniter->runController(Object(App\Controllers\Pendidik))
#8 C:\xampp\htdocs\siakad\system\CodeIgniter.php(317): CodeIgniter\CodeIgniter->handleRequest(NULL, Object(Config\Cache), false)
#9 C:\xampp\htdocs\siakad\public\index.php(37): CodeIgniter\CodeIgniter->run()
#10 C:\xampp\htdocs\siakad\system\Commands\Server\rewrite.php(43): require_once('C:\\xampp\\htdocs...')
#11 {main}
ERROR - 2024-06-15 02:41:59 --> Unknown column 'tbl_mutasi.id_siswa' in 'on clause'
CRITICAL - 2024-06-15 02:41:59 --> Unknown column 'tbl_mutasi.id_siswa' in 'on clause'
#0 C:\xampp\htdocs\siakad\system\Database\MySQLi\Connection.php(280): mysqli->query('SELECT *\nFROM `...')
#1 C:\xampp\htdocs\siakad\system\Database\BaseConnection.php(663): CodeIgniter\Database\MySQLi\Connection->execute('SELECT *\nFROM `...')
#2 C:\xampp\htdocs\siakad\system\Database\BaseConnection.php(591): CodeIgniter\Database\BaseConnection->simpleQuery('SELECT *\nFROM `...')
#3 C:\xampp\htdocs\siakad\system\Database\BaseBuilder.php(1428): CodeIgniter\Database\BaseConnection->query('SELECT *\nFROM `...', Array, false)
#4 C:\xampp\htdocs\siakad\app\Models\ModelPendidik.php(58): CodeIgniter\Database\BaseBuilder->get()
#5 C:\xampp\htdocs\siakad\app\Controllers\Pendidik.php(164): App\Models\ModelPendidik->mutasi('1')
#6 C:\xampp\htdocs\siakad\system\CodeIgniter.php(802): App\Controllers\Pendidik->pengajuan()
#7 C:\xampp\htdocs\siakad\system\CodeIgniter.php(399): CodeIgniter\CodeIgniter->runController(Object(App\Controllers\Pendidik))
#8 C:\xampp\htdocs\siakad\system\CodeIgniter.php(317): CodeIgniter\CodeIgniter->handleRequest(NULL, Object(Config\Cache), false)
#9 C:\xampp\htdocs\siakad\public\index.php(37): CodeIgniter\CodeIgniter->run()
#10 C:\xampp\htdocs\siakad\system\Commands\Server\rewrite.php(43): require_once('C:\\xampp\\htdocs...')
#11 {main}
ERROR - 2024-06-15 02:42:02 --> Unknown column 'tbl_mutasi.id_siswa' in 'on clause'
CRITICAL - 2024-06-15 02:42:02 --> Unknown column 'tbl_mutasi.id_siswa' in 'on clause'
#0 C:\xampp\htdocs\siakad\system\Database\MySQLi\Connection.php(280): mysqli->query('SELECT *\nFROM `...')
#1 C:\xampp\htdocs\siakad\system\Database\BaseConnection.php(663): CodeIgniter\Database\MySQLi\Connection->execute('SELECT *\nFROM `...')
#2 C:\xampp\htdocs\siakad\system\Database\BaseConnection.php(591): CodeIgniter\Database\BaseConnection->simpleQuery('SELECT *\nFROM `...')
#3 C:\xampp\htdocs\siakad\system\Database\BaseBuilder.php(1428): CodeIgniter\Database\BaseConnection->query('SELECT *\nFROM `...', Array, false)
#4 C:\xampp\htdocs\siakad\app\Models\ModelPendidik.php(58): CodeIgniter\Database\BaseBuilder->get()
#5 C:\xampp\htdocs\siakad\app\Controllers\Pendidik.php(164): App\Models\ModelPendidik->mutasi('1')
#6 C:\xampp\htdocs\siakad\system\CodeIgniter.php(802): App\Controllers\Pendidik->pengajuan()
#7 C:\xampp\htdocs\siakad\system\CodeIgniter.php(399): CodeIgniter\CodeIgniter->runController(Object(App\Controllers\Pendidik))
#8 C:\xampp\htdocs\siakad\system\CodeIgniter.php(317): CodeIgniter\CodeIgniter->handleRequest(NULL, Object(Config\Cache), false)
#9 C:\xampp\htdocs\siakad\public\index.php(37): CodeIgniter\CodeIgniter->run()
#10 C:\xampp\htdocs\siakad\system\Commands\Server\rewrite.php(43): require_once('C:\\xampp\\htdocs...')
#11 {main}
ERROR - 2024-06-15 02:44:11 --> Unknown column 'tbl_id_siswa' in 'on clause'
CRITICAL - 2024-06-15 02:44:11 --> Unknown column 'tbl_id_siswa' in 'on clause'
#0 C:\xampp\htdocs\siakad\system\Database\MySQLi\Connection.php(280): mysqli->query('SELECT *\nFROM `...')
#1 C:\xampp\htdocs\siakad\system\Database\BaseConnection.php(663): CodeIgniter\Database\MySQLi\Connection->execute('SELECT *\nFROM `...')
#2 C:\xampp\htdocs\siakad\system\Database\BaseConnection.php(591): CodeIgniter\Database\BaseConnection->simpleQuery('SELECT *\nFROM `...')
#3 C:\xampp\htdocs\siakad\system\Database\BaseBuilder.php(1428): CodeIgniter\Database\BaseConnection->query('SELECT *\nFROM `...', Array, false)
#4 C:\xampp\htdocs\siakad\app\Models\ModelPendidik.php(58): CodeIgniter\Database\BaseBuilder->get()
#5 C:\xampp\htdocs\siakad\app\Controllers\Pendidik.php(164): App\Models\ModelPendidik->mutasi('1')
#6 C:\xampp\htdocs\siakad\system\CodeIgniter.php(802): App\Controllers\Pendidik->pengajuan()
#7 C:\xampp\htdocs\siakad\system\CodeIgniter.php(399): CodeIgniter\CodeIgniter->runController(Object(App\Controllers\Pendidik))
#8 C:\xampp\htdocs\siakad\system\CodeIgniter.php(317): CodeIgniter\CodeIgniter->handleRequest(NULL, Object(Config\Cache), false)
#9 C:\xampp\htdocs\siakad\public\index.php(37): CodeIgniter\CodeIgniter->run()
#10 C:\xampp\htdocs\siakad\system\Commands\Server\rewrite.php(43): require_once('C:\\xampp\\htdocs...')
#11 {main}
ERROR - 2024-06-15 03:13:32 --> Unknown column 'tbl_ta.id_ta_mutasi' in 'where clause'
CRITICAL - 2024-06-15 03:13:32 --> Unknown column 'tbl_ta.id_ta_mutasi' in 'where clause'
#0 C:\xampp\htdocs\siakad\system\Database\MySQLi\Connection.php(280): mysqli->query('SELECT *\nFROM `...')
#1 C:\xampp\htdocs\siakad\system\Database\BaseConnection.php(663): CodeIgniter\Database\MySQLi\Connection->execute('SELECT *\nFROM `...')
#2 C:\xampp\htdocs\siakad\system\Database\BaseConnection.php(591): CodeIgniter\Database\BaseConnection->simpleQuery('SELECT *\nFROM `...')
#3 C:\xampp\htdocs\siakad\system\Database\BaseBuilder.php(1428): CodeIgniter\Database\BaseConnection->query('SELECT *\nFROM `...', Array, false)
#4 C:\xampp\htdocs\siakad\app\Models\ModelSiswa.php(147): CodeIgniter\Database\BaseBuilder->get()
#5 C:\xampp\htdocs\siakad\app\Controllers\Siswa.php(1019): App\Models\ModelSiswa->mutasi('1')
#6 C:\xampp\htdocs\siakad\system\CodeIgniter.php(802): App\Controllers\Siswa->pengajuan()
#7 C:\xampp\htdocs\siakad\system\CodeIgniter.php(399): CodeIgniter\CodeIgniter->runController(Object(App\Controllers\Siswa))
#8 C:\xampp\htdocs\siakad\system\CodeIgniter.php(317): CodeIgniter\CodeIgniter->handleRequest(NULL, Object(Config\Cache), false)
#9 C:\xampp\htdocs\siakad\public\index.php(37): CodeIgniter\CodeIgniter->run()
#10 C:\xampp\htdocs\siakad\system\Commands\Server\rewrite.php(43): require_once('C:\\xampp\\htdocs...')
#11 {main}
CRITICAL - 2024-06-15 03:13:49 --> Illegal string offset 'status_mutasi'
#0 C:\xampp\htdocs\siakad\app\Views\siswa\v_pengajuan.php(38): CodeIgniter\Debug\Exceptions->errorHandler(2, 'Illegal string ...', 'C:\\xampp\\htdocs...', 38, Array)
#1 C:\xampp\htdocs\siakad\system\View\View.php(214): include('C:\\xampp\\htdocs...')
#2 C:\xampp\htdocs\siakad\system\View\View.php(217): CodeIgniter\View\View->CodeIgniter\View\{closure}()
#3 C:\xampp\htdocs\siakad\system\Common.php(1092): CodeIgniter\View\View->render('siswa/v_pengaju...', Array, true)
#4 C:\xampp\htdocs\siakad\app\Controllers\Siswa.php(1024): view('siswa/v_pengaju...', Array)
#5 C:\xampp\htdocs\siakad\system\CodeIgniter.php(802): App\Controllers\Siswa->pengajuan()
#6 C:\xampp\htdocs\siakad\system\CodeIgniter.php(399): CodeIgniter\CodeIgniter->runController(Object(App\Controllers\Siswa))
#7 C:\xampp\htdocs\siakad\system\CodeIgniter.php(317): CodeIgniter\CodeIgniter->handleRequest(NULL, Object(Config\Cache), false)
#8 C:\xampp\htdocs\siakad\public\index.php(37): CodeIgniter\CodeIgniter->run()
#9 C:\xampp\htdocs\siakad\system\Commands\Server\rewrite.php(43): require_once('C:\\xampp\\htdocs...')
#10 {main}
CRITICAL - 2024-06-15 03:13:52 --> Illegal string offset 'status_mutasi'
#0 C:\xampp\htdocs\siakad\app\Views\siswa\v_pengajuan.php(38): CodeIgniter\Debug\Exceptions->errorHandler(2, 'Illegal string ...', 'C:\\xampp\\htdocs...', 38, Array)
#1 C:\xampp\htdocs\siakad\system\View\View.php(214): include('C:\\xampp\\htdocs...')
#2 C:\xampp\htdocs\siakad\system\View\View.php(217): CodeIgniter\View\View->CodeIgniter\View\{closure}()
#3 C:\xampp\htdocs\siakad\system\Common.php(1092): CodeIgniter\View\View->render('siswa/v_pengaju...', Array, true)
#4 C:\xampp\htdocs\siakad\app\Controllers\Siswa.php(1024): view('siswa/v_pengaju...', Array)
#5 C:\xampp\htdocs\siakad\system\CodeIgniter.php(802): App\Controllers\Siswa->pengajuan()
#6 C:\xampp\htdocs\siakad\system\CodeIgniter.php(399): CodeIgniter\CodeIgniter->runController(Object(App\Controllers\Siswa))
#7 C:\xampp\htdocs\siakad\system\CodeIgniter.php(317): CodeIgniter\CodeIgniter->handleRequest(NULL, Object(Config\Cache), false)
#8 C:\xampp\htdocs\siakad\public\index.php(37): CodeIgniter\CodeIgniter->run()
#9 C:\xampp\htdocs\siakad\system\Commands\Server\rewrite.php(43): require_once('C:\\xampp\\htdocs...')
#10 {main}
CRITICAL - 2024-06-15 03:15:29 --> Trying to access array offset on value of type null
#0 C:\xampp\htdocs\siakad\app\Views\siswa\v_pengajuan.php(38): CodeIgniter\Debug\Exceptions->errorHandler(8, 'Trying to acces...', 'C:\\xampp\\htdocs...', 38, Array)
#1 C:\xampp\htdocs\siakad\system\View\View.php(214): include('C:\\xampp\\htdocs...')
#2 C:\xampp\htdocs\siakad\system\View\View.php(217): CodeIgniter\View\View->CodeIgniter\View\{closure}()
#3 C:\xampp\htdocs\siakad\system\Common.php(1092): CodeIgniter\View\View->render('siswa/v_pengaju...', Array, true)
#4 C:\xampp\htdocs\siakad\app\Controllers\Siswa.php(1024): view('siswa/v_pengaju...', Array)
#5 C:\xampp\htdocs\siakad\system\CodeIgniter.php(802): App\Controllers\Siswa->pengajuan()
#6 C:\xampp\htdocs\siakad\system\CodeIgniter.php(399): CodeIgniter\CodeIgniter->runController(Object(App\Controllers\Siswa))
#7 C:\xampp\htdocs\siakad\system\CodeIgniter.php(317): CodeIgniter\CodeIgniter->handleRequest(NULL, Object(Config\Cache), false)
#8 C:\xampp\htdocs\siakad\public\index.php(37): CodeIgniter\CodeIgniter->run()
#9 C:\xampp\htdocs\siakad\system\Commands\Server\rewrite.php(43): require_once('C:\\xampp\\htdocs...')
#10 {main}
CRITICAL - 2024-06-15 03:15:54 --> syntax error, unexpected end of file
#0 C:\xampp\htdocs\siakad\system\View\View.php(217): CodeIgniter\View\View->CodeIgniter\View\{closure}()
#1 C:\xampp\htdocs\siakad\system\Common.php(1092): CodeIgniter\View\View->render('siswa/v_pengaju...', Array, true)
#2 C:\xampp\htdocs\siakad\app\Controllers\Siswa.php(1024): view('siswa/v_pengaju...', Array)
#3 C:\xampp\htdocs\siakad\system\CodeIgniter.php(802): App\Controllers\Siswa->pengajuan()
#4 C:\xampp\htdocs\siakad\system\CodeIgniter.php(399): CodeIgniter\CodeIgniter->runController(Object(App\Controllers\Siswa))
#5 C:\xampp\htdocs\siakad\system\CodeIgniter.php(317): CodeIgniter\CodeIgniter->handleRequest(NULL, Object(Config\Cache), false)
#6 C:\xampp\htdocs\siakad\public\index.php(37): CodeIgniter\CodeIgniter->run()
#7 C:\xampp\htdocs\siakad\system\Commands\Server\rewrite.php(43): require_once('C:\\xampp\\htdocs...')
#8 {main}
CRITICAL - 2024-06-15 03:16:14 --> Trying to access array offset on value of type null
#0 C:\xampp\htdocs\siakad\app\Views\siswa\v_pengajuan.php(38): CodeIgniter\Debug\Exceptions->errorHandler(8, 'Trying to acces...', 'C:\\xampp\\htdocs...', 38, Array)
#1 C:\xampp\htdocs\siakad\system\View\View.php(214): include('C:\\xampp\\htdocs...')
#2 C:\xampp\htdocs\siakad\system\View\View.php(217): CodeIgniter\View\View->CodeIgniter\View\{closure}()
#3 C:\xampp\htdocs\siakad\system\Common.php(1092): CodeIgniter\View\View->render('siswa/v_pengaju...', Array, true)
#4 C:\xampp\htdocs\siakad\app\Controllers\Siswa.php(1024): view('siswa/v_pengaju...', Array)
#5 C:\xampp\htdocs\siakad\system\CodeIgniter.php(802): App\Controllers\Siswa->pengajuan()
#6 C:\xampp\htdocs\siakad\system\CodeIgniter.php(399): CodeIgniter\CodeIgniter->runController(Object(App\Controllers\Siswa))
#7 C:\xampp\htdocs\siakad\system\CodeIgniter.php(317): CodeIgniter\CodeIgniter->handleRequest(NULL, Object(Config\Cache), false)
#8 C:\xampp\htdocs\siakad\public\index.php(37): CodeIgniter\CodeIgniter->run()
#9 C:\xampp\htdocs\siakad\system\Commands\Server\rewrite.php(43): require_once('C:\\xampp\\htdocs...')
#10 {main}
CRITICAL - 2024-06-15 03:17:09 --> Trying to access array offset on value of type null
#0 C:\xampp\htdocs\siakad\app\Views\siswa\v_pengajuan.php(38): CodeIgniter\Debug\Exceptions->errorHandler(8, 'Trying to acces...', 'C:\\xampp\\htdocs...', 38, Array)
#1 C:\xampp\htdocs\siakad\system\View\View.php(214): include('C:\\xampp\\htdocs...')
#2 C:\xampp\htdocs\siakad\system\View\View.php(217): CodeIgniter\View\View->CodeIgniter\View\{closure}()
#3 C:\xampp\htdocs\siakad\system\Common.php(1092): CodeIgniter\View\View->render('siswa/v_pengaju...', Array, true)
#4 C:\xampp\htdocs\siakad\app\Controllers\Siswa.php(1024): view('siswa/v_pengaju...', Array)
#5 C:\xampp\htdocs\siakad\system\CodeIgniter.php(802): App\Controllers\Siswa->pengajuan()
#6 C:\xampp\htdocs\siakad\system\CodeIgniter.php(399): CodeIgniter\CodeIgniter->runController(Object(App\Controllers\Siswa))
#7 C:\xampp\htdocs\siakad\system\CodeIgniter.php(317): CodeIgniter\CodeIgniter->handleRequest(NULL, Object(Config\Cache), false)
#8 C:\xampp\htdocs\siakad\public\index.php(37): CodeIgniter\CodeIgniter->run()
#9 C:\xampp\htdocs\siakad\system\Commands\Server\rewrite.php(43): require_once('C:\\xampp\\htdocs...')
#10 {main}
CRITICAL - 2024-06-15 03:20:08 --> Trying to access array offset on value of type null
#0 C:\xampp\htdocs\siakad\app\Views\siswa\v_pengajuan.php(38): CodeIgniter\Debug\Exceptions->errorHandler(8, 'Trying to acces...', 'C:\\xampp\\htdocs...', 38, Array)
#1 C:\xampp\htdocs\siakad\system\View\View.php(214): include('C:\\xampp\\htdocs...')
#2 C:\xampp\htdocs\siakad\system\View\View.php(217): CodeIgniter\View\View->CodeIgniter\View\{closure}()
#3 C:\xampp\htdocs\siakad\system\Common.php(1092): CodeIgniter\View\View->render('siswa/v_pengaju...', Array, true)
#4 C:\xampp\htdocs\siakad\app\Controllers\Siswa.php(1024): view('siswa/v_pengaju...', Array)
#5 C:\xampp\htdocs\siakad\system\CodeIgniter.php(802): App\Controllers\Siswa->pengajuan()
#6 C:\xampp\htdocs\siakad\system\CodeIgniter.php(399): CodeIgniter\CodeIgniter->runController(Object(App\Controllers\Siswa))
#7 C:\xampp\htdocs\siakad\system\CodeIgniter.php(317): CodeIgniter\CodeIgniter->handleRequest(NULL, Object(Config\Cache), false)
#8 C:\xampp\htdocs\siakad\public\index.php(37): CodeIgniter\CodeIgniter->run()
#9 C:\xampp\htdocs\siakad\system\Commands\Server\rewrite.php(43): require_once('C:\\xampp\\htdocs...')
#10 {main}
CRITICAL - 2024-06-15 03:20:50 --> Trying to access array offset on value of type null
#0 C:\xampp\htdocs\siakad\app\Views\siswa\v_pengajuan.php(38): CodeIgniter\Debug\Exceptions->errorHandler(8, 'Trying to acces...', 'C:\\xampp\\htdocs...', 38, Array)
#1 C:\xampp\htdocs\siakad\system\View\View.php(214): include('C:\\xampp\\htdocs...')
#2 C:\xampp\htdocs\siakad\system\View\View.php(217): CodeIgniter\View\View->CodeIgniter\View\{closure}()
#3 C:\xampp\htdocs\siakad\system\Common.php(1092): CodeIgniter\View\View->render('siswa/v_pengaju...', Array, true)
#4 C:\xampp\htdocs\siakad\app\Controllers\Siswa.php(1024): view('siswa/v_pengaju...', Array)
#5 C:\xampp\htdocs\siakad\system\CodeIgniter.php(802): App\Controllers\Siswa->pengajuan()
#6 C:\xampp\htdocs\siakad\system\CodeIgniter.php(399): CodeIgniter\CodeIgniter->runController(Object(App\Controllers\Siswa))
#7 C:\xampp\htdocs\siakad\system\CodeIgniter.php(317): CodeIgniter\CodeIgniter->handleRequest(NULL, Object(Config\Cache), false)
#8 C:\xampp\htdocs\siakad\public\index.php(37): CodeIgniter\CodeIgniter->run()
#9 C:\xampp\htdocs\siakad\system\Commands\Server\rewrite.php(43): require_once('C:\\xampp\\htdocs...')
#10 {main}
CRITICAL - 2024-06-15 03:21:13 --> Trying to access array offset on value of type null
#0 C:\xampp\htdocs\siakad\app\Views\siswa\v_pengajuan.php(39): CodeIgniter\Debug\Exceptions->errorHandler(8, 'Trying to acces...', 'C:\\xampp\\htdocs...', 39, Array)
#1 C:\xampp\htdocs\siakad\system\View\View.php(214): include('C:\\xampp\\htdocs...')
#2 C:\xampp\htdocs\siakad\system\View\View.php(217): CodeIgniter\View\View->CodeIgniter\View\{closure}()
#3 C:\xampp\htdocs\siakad\system\Common.php(1092): CodeIgniter\View\View->render('siswa/v_pengaju...', Array, true)
#4 C:\xampp\htdocs\siakad\app\Controllers\Siswa.php(1024): view('siswa/v_pengaju...', Array)
#5 C:\xampp\htdocs\siakad\system\CodeIgniter.php(802): App\Controllers\Siswa->pengajuan()
#6 C:\xampp\htdocs\siakad\system\CodeIgniter.php(399): CodeIgniter\CodeIgniter->runController(Object(App\Controllers\Siswa))
#7 C:\xampp\htdocs\siakad\system\CodeIgniter.php(317): CodeIgniter\CodeIgniter->handleRequest(NULL, Object(Config\Cache), false)
#8 C:\xampp\htdocs\siakad\public\index.php(37): CodeIgniter\CodeIgniter->run()
#9 C:\xampp\htdocs\siakad\system\Commands\Server\rewrite.php(43): require_once('C:\\xampp\\htdocs...')
#10 {main}
CRITICAL - 2024-06-15 03:21:30 --> Trying to access array offset on value of type null
#0 C:\xampp\htdocs\siakad\app\Views\siswa\v_pengajuan.php(39): CodeIgniter\Debug\Exceptions->errorHandler(8, 'Trying to acces...', 'C:\\xampp\\htdocs...', 39, Array)
#1 C:\xampp\htdocs\siakad\system\View\View.php(214): include('C:\\xampp\\htdocs...')
#2 C:\xampp\htdocs\siakad\system\View\View.php(217): CodeIgniter\View\View->CodeIgniter\View\{closure}()
#3 C:\xampp\htdocs\siakad\system\Common.php(1092): CodeIgniter\View\View->render('siswa/v_pengaju...', Array, true)
#4 C:\xampp\htdocs\siakad\app\Controllers\Siswa.php(1024): view('siswa/v_pengaju...', Array)
#5 C:\xampp\htdocs\siakad\system\CodeIgniter.php(802): App\Controllers\Siswa->pengajuan()
#6 C:\xampp\htdocs\siakad\system\CodeIgniter.php(399): CodeIgniter\CodeIgniter->runController(Object(App\Controllers\Siswa))
#7 C:\xampp\htdocs\siakad\system\CodeIgniter.php(317): CodeIgniter\CodeIgniter->handleRequest(NULL, Object(Config\Cache), false)
#8 C:\xampp\htdocs\siakad\public\index.php(37): CodeIgniter\CodeIgniter->run()
#9 C:\xampp\htdocs\siakad\system\Commands\Server\rewrite.php(43): require_once('C:\\xampp\\htdocs...')
#10 {main}
CRITICAL - 2024-06-15 03:21:32 --> Trying to access array offset on value of type null
#0 C:\xampp\htdocs\siakad\app\Views\siswa\v_pengajuan.php(39): CodeIgniter\Debug\Exceptions->errorHandler(8, 'Trying to acces...', 'C:\\xampp\\htdocs...', 39, Array)
#1 C:\xampp\htdocs\siakad\system\View\View.php(214): include('C:\\xampp\\htdocs...')
#2 C:\xampp\htdocs\siakad\system\View\View.php(217): CodeIgniter\View\View->CodeIgniter\View\{closure}()
#3 C:\xampp\htdocs\siakad\system\Common.php(1092): CodeIgniter\View\View->render('siswa/v_pengaju...', Array, true)
#4 C:\xampp\htdocs\siakad\app\Controllers\Siswa.php(1024): view('siswa/v_pengaju...', Array)
#5 C:\xampp\htdocs\siakad\system\CodeIgniter.php(802): App\Controllers\Siswa->pengajuan()
#6 C:\xampp\htdocs\siakad\system\CodeIgniter.php(399): CodeIgniter\CodeIgniter->runController(Object(App\Controllers\Siswa))
#7 C:\xampp\htdocs\siakad\system\CodeIgniter.php(317): CodeIgniter\CodeIgniter->handleRequest(NULL, Object(Config\Cache), false)
#8 C:\xampp\htdocs\siakad\public\index.php(37): CodeIgniter\CodeIgniter->run()
#9 C:\xampp\htdocs\siakad\system\Commands\Server\rewrite.php(43): require_once('C:\\xampp\\htdocs...')
#10 {main}
CRITICAL - 2024-06-15 03:21:44 --> Trying to access array offset on value of type null
#0 C:\xampp\htdocs\siakad\app\Views\siswa\v_pengajuan.php(39): CodeIgniter\Debug\Exceptions->errorHandler(8, 'Trying to acces...', 'C:\\xampp\\htdocs...', 39, Array)
#1 C:\xampp\htdocs\siakad\system\View\View.php(214): include('C:\\xampp\\htdocs...')
#2 C:\xampp\htdocs\siakad\system\View\View.php(217): CodeIgniter\View\View->CodeIgniter\View\{closure}()
#3 C:\xampp\htdocs\siakad\system\Common.php(1092): CodeIgniter\View\View->render('siswa/v_pengaju...', Array, true)
#4 C:\xampp\htdocs\siakad\app\Controllers\Siswa.php(1024): view('siswa/v_pengaju...', Array)
#5 C:\xampp\htdocs\siakad\system\CodeIgniter.php(802): App\Controllers\Siswa->pengajuan()
#6 C:\xampp\htdocs\siakad\system\CodeIgniter.php(399): CodeIgniter\CodeIgniter->runController(Object(App\Controllers\Siswa))
#7 C:\xampp\htdocs\siakad\system\CodeIgniter.php(317): CodeIgniter\CodeIgniter->handleRequest(NULL, Object(Config\Cache), false)
#8 C:\xampp\htdocs\siakad\public\index.php(37): CodeIgniter\CodeIgniter->run()
#9 C:\xampp\htdocs\siakad\system\Commands\Server\rewrite.php(43): require_once('C:\\xampp\\htdocs...')
#10 {main}
ERROR - 2024-06-15 03:29:55 --> Unknown column 'tbl_mutasi.nisn' in 'on clause'
CRITICAL - 2024-06-15 03:29:55 --> Unknown column 'tbl_mutasi.nisn' in 'on clause'
#0 C:\xampp\htdocs\siakad\system\Database\MySQLi\Connection.php(280): mysqli->query('SELECT *\nFROM `...')
#1 C:\xampp\htdocs\siakad\system\Database\BaseConnection.php(663): CodeIgniter\Database\MySQLi\Connection->execute('SELECT *\nFROM `...')
#2 C:\xampp\htdocs\siakad\system\Database\BaseConnection.php(591): CodeIgniter\Database\BaseConnection->simpleQuery('SELECT *\nFROM `...')
#3 C:\xampp\htdocs\siakad\system\Database\BaseBuilder.php(1428): CodeIgniter\Database\BaseConnection->query('SELECT *\nFROM `...', Array, false)
#4 C:\xampp\htdocs\siakad\app\Models\ModelSurat.php(19): CodeIgniter\Database\BaseBuilder->get()
#5 C:\xampp\htdocs\siakad\app\Controllers\Surat.php(39): App\Models\ModelSurat->AllData()
#6 C:\xampp\htdocs\siakad\system\CodeIgniter.php(802): App\Controllers\Surat->mutasi()
#7 C:\xampp\htdocs\siakad\system\CodeIgniter.php(399): CodeIgniter\CodeIgniter->runController(Object(App\Controllers\Surat))
#8 C:\xampp\htdocs\siakad\system\CodeIgniter.php(317): CodeIgniter\CodeIgniter->handleRequest(NULL, Object(Config\Cache), false)
#9 C:\xampp\htdocs\siakad\public\index.php(37): CodeIgniter\CodeIgniter->run()
#10 C:\xampp\htdocs\siakad\system\Commands\Server\rewrite.php(43): require_once('C:\\xampp\\htdocs...')
#11 {main}
ERROR - 2024-06-15 03:30:48 --> Unknown column 'tbl_mutasi.nisn' in 'on clause'
CRITICAL - 2024-06-15 03:30:48 --> Unknown column 'tbl_mutasi.nisn' in 'on clause'
#0 C:\xampp\htdocs\siakad\system\Database\MySQLi\Connection.php(280): mysqli->query('SELECT *\nFROM `...')
#1 C:\xampp\htdocs\siakad\system\Database\BaseConnection.php(663): CodeIgniter\Database\MySQLi\Connection->execute('SELECT *\nFROM `...')
#2 C:\xampp\htdocs\siakad\system\Database\BaseConnection.php(591): CodeIgniter\Database\BaseConnection->simpleQuery('SELECT *\nFROM `...')
#3 C:\xampp\htdocs\siakad\system\Database\BaseBuilder.php(1428): CodeIgniter\Database\BaseConnection->query('SELECT *\nFROM `...', Array, false)
#4 C:\xampp\htdocs\siakad\app\Models\ModelSurat.php(53): CodeIgniter\Database\BaseBuilder->get()
#5 C:\xampp\htdocs\siakad\app\Controllers\Surat.php(154): App\Models\ModelSurat->permohonan('10')
#6 C:\xampp\htdocs\siakad\system\CodeIgniter.php(802): App\Controllers\Surat->printmohon('10')
#7 C:\xampp\htdocs\siakad\system\CodeIgniter.php(399): CodeIgniter\CodeIgniter->runController(Object(App\Controllers\Surat))
#8 C:\xampp\htdocs\siakad\system\CodeIgniter.php(317): CodeIgniter\CodeIgniter->handleRequest(NULL, Object(Config\Cache), false)
#9 C:\xampp\htdocs\siakad\public\index.php(37): CodeIgniter\CodeIgniter->run()
#10 C:\xampp\htdocs\siakad\system\Commands\Server\rewrite.php(43): require_once('C:\\xampp\\htdocs...')
#11 {main}
CRITICAL - 2024-06-15 03:36:17 --> Call to undefined function formatindo()
#0 C:\xampp\htdocs\siakad\system\View\View.php(214): include()
#1 C:\xampp\htdocs\siakad\system\View\View.php(217): CodeIgniter\View\View->CodeIgniter\View\{closure}()
#2 C:\xampp\htdocs\siakad\system\Common.php(1092): CodeIgniter\View\View->render('admin/surat/per...', Array, true)
#3 C:\xampp\htdocs\siakad\app\Controllers\Surat.php(157): view('admin/surat/per...', Array)
#4 C:\xampp\htdocs\siakad\system\CodeIgniter.php(802): App\Controllers\Surat->printmohon('10')
#5 C:\xampp\htdocs\siakad\system\CodeIgniter.php(399): CodeIgniter\CodeIgniter->runController(Object(App\Controllers\Surat))
#6 C:\xampp\htdocs\siakad\system\CodeIgniter.php(317): CodeIgniter\CodeIgniter->handleRequest(NULL, Object(Config\Cache), false)
#7 C:\xampp\htdocs\siakad\public\index.php(37): CodeIgniter\CodeIgniter->run()
#8 C:\xampp\htdocs\siakad\system\Commands\Server\rewrite.php(43): require_once('C:\\xampp\\htdocs...')
#9 {main}
CRITICAL - 2024-06-15 03:36:18 --> Call to undefined function formatindo()
#0 C:\xampp\htdocs\siakad\system\View\View.php(214): include()
#1 C:\xampp\htdocs\siakad\system\View\View.php(217): CodeIgniter\View\View->CodeIgniter\View\{closure}()
#2 C:\xampp\htdocs\siakad\system\Common.php(1092): CodeIgniter\View\View->render('admin/surat/per...', Array, true)
#3 C:\xampp\htdocs\siakad\app\Controllers\Surat.php(157): view('admin/surat/per...', Array)
#4 C:\xampp\htdocs\siakad\system\CodeIgniter.php(802): App\Controllers\Surat->printmohon('10')
#5 C:\xampp\htdocs\siakad\system\CodeIgniter.php(399): CodeIgniter\CodeIgniter->runController(Object(App\Controllers\Surat))
#6 C:\xampp\htdocs\siakad\system\CodeIgniter.php(317): CodeIgniter\CodeIgniter->handleRequest(NULL, Object(Config\Cache), false)
#7 C:\xampp\htdocs\siakad\public\index.php(37): CodeIgniter\CodeIgniter->run()
#8 C:\xampp\htdocs\siakad\system\Commands\Server\rewrite.php(43): require_once('C:\\xampp\\htdocs...')
#9 {main}
CRITICAL - 2024-06-15 03:37:28 --> Undefined offset: -1
#0 C:\xampp\htdocs\siakad\app\Helpers\formatindo_helper.php(15): CodeIgniter\Debug\Exceptions->errorHandler(8, 'Undefined offse...', 'C:\\xampp\\htdocs...', 15, Array)
#1 C:\xampp\htdocs\siakad\app\Views\admin\surat\permohonan.php(150): formatindo('15 Jun 2024')
#2 C:\xampp\htdocs\siakad\system\View\View.php(214): include('C:\\xampp\\htdocs...')
#3 C:\xampp\htdocs\siakad\system\View\View.php(217): CodeIgniter\View\View->CodeIgniter\View\{closure}()
#4 C:\xampp\htdocs\siakad\system\Common.php(1092): CodeIgniter\View\View->render('admin/surat/per...', Array, true)
#5 C:\xampp\htdocs\siakad\app\Controllers\Surat.php(158): view('admin/surat/per...', Array)
#6 C:\xampp\htdocs\siakad\system\CodeIgniter.php(802): App\Controllers\Surat->printmohon('10')
#7 C:\xampp\htdocs\siakad\system\CodeIgniter.php(399): CodeIgniter\CodeIgniter->runController(Object(App\Controllers\Surat))
#8 C:\xampp\htdocs\siakad\system\CodeIgniter.php(317): CodeIgniter\CodeIgniter->handleRequest(NULL, Object(Config\Cache), false)
#9 C:\xampp\htdocs\siakad\public\index.php(37): CodeIgniter\CodeIgniter->run()
#10 C:\xampp\htdocs\siakad\system\Commands\Server\rewrite.php(43): require_once('C:\\xampp\\htdocs...')
#11 {main}
CRITICAL - 2024-06-15 03:37:28 --> Undefined offset: -1
#0 C:\xampp\htdocs\siakad\app\Helpers\formatindo_helper.php(15): CodeIgniter\Debug\Exceptions->errorHandler(8, 'Undefined offse...', 'C:\\xampp\\htdocs...', 15, Array)
#1 C:\xampp\htdocs\siakad\app\Views\admin\surat\permohonan.php(150): formatindo('15 Jun 2024')
#2 C:\xampp\htdocs\siakad\system\View\View.php(214): include('C:\\xampp\\htdocs...')
#3 C:\xampp\htdocs\siakad\system\View\View.php(217): CodeIgniter\View\View->CodeIgniter\View\{closure}()
#4 C:\xampp\htdocs\siakad\system\Common.php(1092): CodeIgniter\View\View->render('admin/surat/per...', Array, true)
#5 C:\xampp\htdocs\siakad\app\Controllers\Surat.php(158): view('admin/surat/per...', Array)
#6 C:\xampp\htdocs\siakad\system\CodeIgniter.php(802): App\Controllers\Surat->printmohon('10')
#7 C:\xampp\htdocs\siakad\system\CodeIgniter.php(399): CodeIgniter\CodeIgniter->runController(Object(App\Controllers\Surat))
#8 C:\xampp\htdocs\siakad\system\CodeIgniter.php(317): CodeIgniter\CodeIgniter->handleRequest(NULL, Object(Config\Cache), false)
#9 C:\xampp\htdocs\siakad\public\index.php(37): CodeIgniter\CodeIgniter->run()
#10 C:\xampp\htdocs\siakad\system\Commands\Server\rewrite.php(43): require_once('C:\\xampp\\htdocs...')
#11 {main}
CRITICAL - 2024-06-15 03:39:32 --> Undefined offset: -1
#0 C:\xampp\htdocs\siakad\app\Helpers\formatindo_helper.php(15): CodeIgniter\Debug\Exceptions->errorHandler(8, 'Undefined offse...', 'C:\\xampp\\htdocs...', 15, Array)
#1 C:\xampp\htdocs\siakad\app\Views\admin\surat\permohonan.php(150): formatindo('Sat Jun 2024')
#2 C:\xampp\htdocs\siakad\system\View\View.php(214): include('C:\\xampp\\htdocs...')
#3 C:\xampp\htdocs\siakad\system\View\View.php(217): CodeIgniter\View\View->CodeIgniter\View\{closure}()
#4 C:\xampp\htdocs\siakad\system\Common.php(1092): CodeIgniter\View\View->render('admin/surat/per...', Array, true)
#5 C:\xampp\htdocs\siakad\app\Controllers\Surat.php(158): view('admin/surat/per...', Array)
#6 C:\xampp\htdocs\siakad\system\CodeIgniter.php(802): App\Controllers\Surat->printmohon('10')
#7 C:\xampp\htdocs\siakad\system\CodeIgniter.php(399): CodeIgniter\CodeIgniter->runController(Object(App\Controllers\Surat))
#8 C:\xampp\htdocs\siakad\system\CodeIgniter.php(317): CodeIgniter\CodeIgniter->handleRequest(NULL, Object(Config\Cache), false)
#9 C:\xampp\htdocs\siakad\public\index.php(37): CodeIgniter\CodeIgniter->run()
#10 C:\xampp\htdocs\siakad\system\Commands\Server\rewrite.php(43): require_once('C:\\xampp\\htdocs...')
#11 {main}
CRITICAL - 2024-06-15 03:40:24 --> Undefined offset: -1
#0 C:\xampp\htdocs\siakad\app\Helpers\formatindo_helper.php(15): CodeIgniter\Debug\Exceptions->errorHandler(8, 'Undefined offse...', 'C:\\xampp\\htdocs...', 15, Array)
#1 C:\xampp\htdocs\siakad\app\Views\admin\surat\permohonan.php(150): formatindo('Sat Jun 2024')
#2 C:\xampp\htdocs\siakad\system\View\View.php(214): include('C:\\xampp\\htdocs...')
#3 C:\xampp\htdocs\siakad\system\View\View.php(217): CodeIgniter\View\View->CodeIgniter\View\{closure}()
#4 C:\xampp\htdocs\siakad\system\Common.php(1092): CodeIgniter\View\View->render('admin/surat/per...', Array, true)
#5 C:\xampp\htdocs\siakad\app\Controllers\Surat.php(158): view('admin/surat/per...', Array)
#6 C:\xampp\htdocs\siakad\system\CodeIgniter.php(802): App\Controllers\Surat->printmohon('10')
#7 C:\xampp\htdocs\siakad\system\CodeIgniter.php(399): CodeIgniter\CodeIgniter->runController(Object(App\Controllers\Surat))
#8 C:\xampp\htdocs\siakad\system\CodeIgniter.php(317): CodeIgniter\CodeIgniter->handleRequest(NULL, Object(Config\Cache), false)
#9 C:\xampp\htdocs\siakad\public\index.php(37): CodeIgniter\CodeIgniter->run()
#10 C:\xampp\htdocs\siakad\system\Commands\Server\rewrite.php(43): require_once('C:\\xampp\\htdocs...')
#11 {main}
CRITICAL - 2024-06-15 03:40:24 --> Undefined offset: -1
#0 C:\xampp\htdocs\siakad\app\Helpers\formatindo_helper.php(15): CodeIgniter\Debug\Exceptions->errorHandler(8, 'Undefined offse...', 'C:\\xampp\\htdocs...', 15, Array)
#1 C:\xampp\htdocs\siakad\app\Views\admin\surat\permohonan.php(150): formatindo('Sat Jun 2024')
#2 C:\xampp\htdocs\siakad\system\View\View.php(214): include('C:\\xampp\\htdocs...')
#3 C:\xampp\htdocs\siakad\system\View\View.php(217): CodeIgniter\View\View->CodeIgniter\View\{closure}()
#4 C:\xampp\htdocs\siakad\system\Common.php(1092): CodeIgniter\View\View->render('admin/surat/per...', Array, true)
#5 C:\xampp\htdocs\siakad\app\Controllers\Surat.php(158): view('admin/surat/per...', Array)
#6 C:\xampp\htdocs\siakad\system\CodeIgniter.php(802): App\Controllers\Surat->printmohon('10')
#7 C:\xampp\htdocs\siakad\system\CodeIgniter.php(399): CodeIgniter\CodeIgniter->runController(Object(App\Controllers\Surat))
#8 C:\xampp\htdocs\siakad\system\CodeIgniter.php(317): CodeIgniter\CodeIgniter->handleRequest(NULL, Object(Config\Cache), false)
#9 C:\xampp\htdocs\siakad\public\index.php(37): CodeIgniter\CodeIgniter->run()
#10 C:\xampp\htdocs\siakad\system\Commands\Server\rewrite.php(43): require_once('C:\\xampp\\htdocs...')
#11 {main}
CRITICAL - 2024-06-15 03:40:59 --> Undefined offset: -1
#0 C:\xampp\htdocs\siakad\app\Helpers\formatindo_helper.php(15): CodeIgniter\Debug\Exceptions->errorHandler(8, 'Undefined offse...', 'C:\\xampp\\htdocs...', 15, Array)
#1 C:\xampp\htdocs\siakad\app\Views\admin\surat\permohonan.php(150): formatindo('15 Jun 2024')
#2 C:\xampp\htdocs\siakad\system\View\View.php(214): include('C:\\xampp\\htdocs...')
#3 C:\xampp\htdocs\siakad\system\View\View.php(217): CodeIgniter\View\View->CodeIgniter\View\{closure}()
#4 C:\xampp\htdocs\siakad\system\Common.php(1092): CodeIgniter\View\View->render('admin/surat/per...', Array, true)
#5 C:\xampp\htdocs\siakad\app\Controllers\Surat.php(158): view('admin/surat/per...', Array)
#6 C:\xampp\htdocs\siakad\system\CodeIgniter.php(802): App\Controllers\Surat->printmohon('10')
#7 C:\xampp\htdocs\siakad\system\CodeIgniter.php(399): CodeIgniter\CodeIgniter->runController(Object(App\Controllers\Surat))
#8 C:\xampp\htdocs\siakad\system\CodeIgniter.php(317): CodeIgniter\CodeIgniter->handleRequest(NULL, Object(Config\Cache), false)
#9 C:\xampp\htdocs\siakad\public\index.php(37): CodeIgniter\CodeIgniter->run()
#10 C:\xampp\htdocs\siakad\system\Commands\Server\rewrite.php(43): require_once('C:\\xampp\\htdocs...')
#11 {main}
CRITICAL - 2024-06-15 11:17:42 --> Undefined index: nama_kelas
#0 C:\xampp\htdocs\siakad\app\Views\admin\peserta\v_detail_siswa.php(922): CodeIgniter\Debug\Exceptions->errorHandler(8, 'Undefined index...', 'C:\\xampp\\htdocs...', 922, Array)
#1 C:\xampp\htdocs\siakad\system\View\View.php(214): include('C:\\xampp\\htdocs...')
#2 C:\xampp\htdocs\siakad\system\View\View.php(217): CodeIgniter\View\View->CodeIgniter\View\{closure}()
#3 C:\xampp\htdocs\siakad\system\Common.php(1092): CodeIgniter\View\View->render('admin/peserta/v...', Array, true)
#4 C:\xampp\htdocs\siakad\app\Controllers\Peserta.php(156): view('admin/peserta/v...', Array)
#5 C:\xampp\htdocs\siakad\system\CodeIgniter.php(802): App\Controllers\Peserta->detail_siswa('1235')
#6 C:\xampp\htdocs\siakad\system\CodeIgniter.php(399): CodeIgniter\CodeIgniter->runController(Object(App\Controllers\Peserta))
#7 C:\xampp\htdocs\siakad\system\CodeIgniter.php(317): CodeIgniter\CodeIgniter->handleRequest(NULL, Object(Config\Cache), false)
#8 C:\xampp\htdocs\siakad\public\index.php(37): CodeIgniter\CodeIgniter->run()
#9 C:\xampp\htdocs\siakad\system\Commands\Server\rewrite.php(43): require_once('C:\\xampp\\htdocs...')
#10 {main}
ERROR - 2024-06-15 11:20:07 --> Column 'id_tingkat' in where clause is ambiguous
CRITICAL - 2024-06-15 11:20:07 --> Column 'id_tingkat' in where clause is ambiguous
#0 C:\xampp\htdocs\siakad\system\Database\MySQLi\Connection.php(280): mysqli->query('SELECT *\nFROM `...')
#1 C:\xampp\htdocs\siakad\system\Database\BaseConnection.php(663): CodeIgniter\Database\MySQLi\Connection->execute('SELECT *\nFROM `...')
#2 C:\xampp\htdocs\siakad\system\Database\BaseConnection.php(591): CodeIgniter\Database\BaseConnection->simpleQuery('SELECT *\nFROM `...')
#3 C:\xampp\htdocs\siakad\system\Database\BaseBuilder.php(1428): CodeIgniter\Database\BaseConnection->query('SELECT *\nFROM `...', Array, false)
#4 C:\xampp\htdocs\siakad\app\Models\ModelKelas.php(113): CodeIgniter\Database\BaseBuilder->get()
#5 C:\xampp\htdocs\siakad\app\Controllers\Peserta.php(145): App\Models\ModelKelas->kelas()
#6 C:\xampp\htdocs\siakad\system\CodeIgniter.php(802): App\Controllers\Peserta->detail_siswa('1235')
#7 C:\xampp\htdocs\siakad\system\CodeIgniter.php(399): CodeIgniter\CodeIgniter->runController(Object(App\Controllers\Peserta))
#8 C:\xampp\htdocs\siakad\system\CodeIgniter.php(317): CodeIgniter\CodeIgniter->handleRequest(NULL, Object(Config\Cache), false)
#9 C:\xampp\htdocs\siakad\public\index.php(37): CodeIgniter\CodeIgniter->run()
#10 C:\xampp\htdocs\siakad\system\Commands\Server\rewrite.php(43): require_once('C:\\xampp\\htdocs...')
#11 {main}
CRITICAL - 2024-06-15 11:25:17 --> You must set the database table to be used with your query.
#0 C:\xampp\htdocs\siakad\system\Model.php(545): CodeIgniter\Database\BaseConnection->table(NULL)
#1 C:\xampp\htdocs\siakad\system\Model.php(688): CodeIgniter\Model->builder()
#2 C:\xampp\htdocs\siakad\app\Controllers\Peserta.php(140): CodeIgniter\Model->__get('AllData')
#3 C:\xampp\htdocs\siakad\system\CodeIgniter.php(802): App\Controllers\Peserta->detail_siswa('1235')
#4 C:\xampp\htdocs\siakad\system\CodeIgniter.php(399): CodeIgniter\CodeIgniter->runController(Object(App\Controllers\Peserta))
#5 C:\xampp\htdocs\siakad\system\CodeIgniter.php(317): CodeIgniter\CodeIgniter->handleRequest(NULL, Object(Config\Cache), false)
#6 C:\xampp\htdocs\siakad\public\index.php(37): CodeIgniter\CodeIgniter->run()
#7 C:\xampp\htdocs\siakad\system\Commands\Server\rewrite.php(43): require_once('C:\\xampp\\htdocs...')
#8 {main}
CRITICAL - 2024-06-15 11:25:31 --> Undefined index: id_tingkat
#0 C:\xampp\htdocs\siakad\app\Controllers\Peserta.php(146): CodeIgniter\Debug\Exceptions->errorHandler(8, 'Undefined index...', 'C:\\xampp\\htdocs...', 146, Array)
#1 C:\xampp\htdocs\siakad\system\CodeIgniter.php(802): App\Controllers\Peserta->detail_siswa('1235')
#2 C:\xampp\htdocs\siakad\system\CodeIgniter.php(399): CodeIgniter\CodeIgniter->runController(Object(App\Controllers\Peserta))
#3 C:\xampp\htdocs\siakad\system\CodeIgniter.php(317): CodeIgniter\CodeIgniter->handleRequest(NULL, Object(Config\Cache), false)
#4 C:\xampp\htdocs\siakad\public\index.php(37): CodeIgniter\CodeIgniter->run()
#5 C:\xampp\htdocs\siakad\system\Commands\Server\rewrite.php(43): require_once('C:\\xampp\\htdocs...')
#6 {main}
CRITICAL - 2024-06-15 11:25:46 --> Undefined index: kelas
#0 C:\xampp\htdocs\siakad\app\Controllers\Peserta.php(146): CodeIgniter\Debug\Exceptions->errorHandler(8, 'Undefined index...', 'C:\\xampp\\htdocs...', 146, Array)
#1 C:\xampp\htdocs\siakad\system\CodeIgniter.php(802): App\Controllers\Peserta->detail_siswa('1235')
#2 C:\xampp\htdocs\siakad\system\CodeIgniter.php(399): CodeIgniter\CodeIgniter->runController(Object(App\Controllers\Peserta))
#3 C:\xampp\htdocs\siakad\system\CodeIgniter.php(317): CodeIgniter\CodeIgniter->handleRequest(NULL, Object(Config\Cache), false)
#4 C:\xampp\htdocs\siakad\public\index.php(37): CodeIgniter\CodeIgniter->run()
#5 C:\xampp\htdocs\siakad\system\Commands\Server\rewrite.php(43): require_once('C:\\xampp\\htdocs...')
#6 {main}
CRITICAL - 2024-06-15 11:26:18 --> Too few arguments to function App\Models\ModelKelas::kelas(), 0 passed in C:\xampp\htdocs\siakad\app\Controllers\Peserta.php on line 146 and exactly 1 expected
#0 C:\xampp\htdocs\siakad\app\Controllers\Peserta.php(146): App\Models\ModelKelas->kelas()
#1 C:\xampp\htdocs\siakad\system\CodeIgniter.php(802): App\Controllers\Peserta->detail_siswa('1235')
#2 C:\xampp\htdocs\siakad\system\CodeIgniter.php(399): CodeIgniter\CodeIgniter->runController(Object(App\Controllers\Peserta))
#3 C:\xampp\htdocs\siakad\system\CodeIgniter.php(317): CodeIgniter\CodeIgniter->handleRequest(NULL, Object(Config\Cache), false)
#4 C:\xampp\htdocs\siakad\public\index.php(37): CodeIgniter\CodeIgniter->run()
#5 C:\xampp\htdocs\siakad\system\Commands\Server\rewrite.php(43): require_once('C:\\xampp\\htdocs...')
#6 {main}
CRITICAL - 2024-06-15 11:27:21 --> Undefined property: App\Controllers\Peserta::$ModelTingkat
#0 C:\xampp\htdocs\siakad\app\Controllers\Peserta.php(140): CodeIgniter\Debug\Exceptions->errorHandler(8, 'Undefined prope...', 'C:\\xampp\\htdocs...', 140, Array)
#1 C:\xampp\htdocs\siakad\system\CodeIgniter.php(802): App\Controllers\Peserta->detail_siswa('1235')
#2 C:\xampp\htdocs\siakad\system\CodeIgniter.php(399): CodeIgniter\CodeIgniter->runController(Object(App\Controllers\Peserta))
#3 C:\xampp\htdocs\siakad\system\CodeIgniter.php(317): CodeIgniter\CodeIgniter->handleRequest(NULL, Object(Config\Cache), false)
#4 C:\xampp\htdocs\siakad\public\index.php(37): CodeIgniter\CodeIgniter->run()
#5 C:\xampp\htdocs\siakad\system\Commands\Server\rewrite.php(43): require_once('C:\\xampp\\htdocs...')
#6 {main}
CRITICAL - 2024-06-15 11:27:38 --> Undefined property: App\Controllers\Peserta::$ModelTingkat
#0 C:\xampp\htdocs\siakad\app\Controllers\Peserta.php(140): CodeIgniter\Debug\Exceptions->errorHandler(8, 'Undefined prope...', 'C:\\xampp\\htdocs...', 140, Array)
#1 C:\xampp\htdocs\siakad\system\CodeIgniter.php(802): App\Controllers\Peserta->detail_siswa('1235')
#2 C:\xampp\htdocs\siakad\system\CodeIgniter.php(399): CodeIgniter\CodeIgniter->runController(Object(App\Controllers\Peserta))
#3 C:\xampp\htdocs\siakad\system\CodeIgniter.php(317): CodeIgniter\CodeIgniter->handleRequest(NULL, Object(Config\Cache), false)
#4 C:\xampp\htdocs\siakad\public\index.php(37): CodeIgniter\CodeIgniter->run()
#5 C:\xampp\htdocs\siakad\system\Commands\Server\rewrite.php(43): require_once('C:\\xampp\\htdocs...')
#6 {main}
ERROR - 2024-06-15 11:52:02 --> Column 'id_kelas' cannot be null
CRITICAL - 2024-06-15 11:52:02 --> Column 'id_kelas' cannot be null
#0 C:\xampp\htdocs\siakad\system\Database\MySQLi\Connection.php(280): mysqli->query('INSERT INTO `tb...')
#1 C:\xampp\htdocs\siakad\system\Database\BaseConnection.php(663): CodeIgniter\Database\MySQLi\Connection->execute('INSERT INTO `tb...')
#2 C:\xampp\htdocs\siakad\system\Database\BaseConnection.php(591): CodeIgniter\Database\BaseConnection->simpleQuery('INSERT INTO `tb...')
#3 C:\xampp\htdocs\siakad\system\Database\BaseBuilder.php(1733): CodeIgniter\Database\BaseConnection->query('INSERT INTO `tb...', Array, false)
#4 C:\xampp\htdocs\siakad\app\Models\ModelPeserta.php(58): CodeIgniter\Database\BaseBuilder->insert(Array)
#5 C:\xampp\htdocs\siakad\app\Controllers\Peserta.php(833): App\Models\ModelPeserta->addkelas(Array)
#6 C:\xampp\htdocs\siakad\system\CodeIgniter.php(802): App\Controllers\Peserta->masukkelas('1235')
#7 C:\xampp\htdocs\siakad\system\CodeIgniter.php(399): CodeIgniter\CodeIgniter->runController(Object(App\Controllers\Peserta))
#8 C:\xampp\htdocs\siakad\system\CodeIgniter.php(317): CodeIgniter\CodeIgniter->handleRequest(NULL, Object(Config\Cache), false)
#9 C:\xampp\htdocs\siakad\public\index.php(37): CodeIgniter\CodeIgniter->run()
#10 C:\xampp\htdocs\siakad\system\Commands\Server\rewrite.php(43): require_once('C:\\xampp\\htdocs...')
#11 {main}
