CRITICAL - 2025-04-12 09:54:43 --> Undefined index: nisn
#0 E:\APLIKASI\koding\siakad\app\Controllers\Peserta.php(610): CodeIgniter\Debug\Exceptions->errorHandler(8, 'Undefined index...', 'E:\\APLIKASI\\kod...', 610, Array)
#1 E:\APLIKASI\koding\siakad\system\CodeIgniter.php(802): App\Controllers\Peserta->lulus()
#2 E:\APLIKASI\koding\siakad\system\CodeIgniter.php(399): CodeIgniter\CodeIgniter->runController(Object(App\Controllers\Peserta))
#3 E:\APLIKASI\koding\siakad\system\CodeIgniter.php(317): CodeIgniter\CodeIgniter->handleRequest(NULL, Object(Config\Cache), false)
#4 E:\APLIKASI\koding\siakad\public\index.php(37): CodeIgniter\CodeIgniter->run()
#5 E:\APLIKASI\koding\siakad\system\Commands\Server\rewrite.php(43): require_once('E:\\APLIKASI\\kod...')
#6 {main}
CRITICAL - 2025-04-12 10:10:09 --> Cannot redeclare App\Models\ModelPeserta::lulus()
#0 [internal function]: CodeIgniter\Debug\Exceptions->shutdownHandler()
#1 {main}
CRITICAL - 2025-04-12 10:11:17 --> Undefined variable: jumlahAktif
#0 E:\APLIKASI\koding\siakad\app\Views\peserta\lulus.php(29): CodeIgniter\Debug\Exceptions->errorHandler(8, 'Undefined varia...', 'E:\\APLIKASI\\kod...', 29, Array)
#1 E:\APLIKASI\koding\siakad\system\View\View.php(214): include('E:\\APLIKASI\\kod...')
#2 E:\APLIKASI\koding\siakad\system\View\View.php(217): CodeIgniter\View\View->CodeIgniter\View\{closure}()
#3 E:\APLIKASI\koding\siakad\system\Common.php(1092): CodeIgniter\View\View->render('peserta/lulus', Array, true)
#4 E:\APLIKASI\koding\siakad\app\Controllers\Peserta.php(873): view('peserta/lulus', Array)
#5 E:\APLIKASI\koding\siakad\system\CodeIgniter.php(802): App\Controllers\Peserta->sudahlulus()
#6 E:\APLIKASI\koding\siakad\system\CodeIgniter.php(399): CodeIgniter\CodeIgniter->runController(Object(App\Controllers\Peserta))
#7 E:\APLIKASI\koding\siakad\system\CodeIgniter.php(317): CodeIgniter\CodeIgniter->handleRequest(NULL, Object(Config\Cache), false)
#8 E:\APLIKASI\koding\siakad\public\index.php(37): CodeIgniter\CodeIgniter->run()
#9 E:\APLIKASI\koding\siakad\system\Commands\Server\rewrite.php(43): require_once('E:\\APLIKASI\\kod...')
#10 {main}
CRITICAL - 2025-04-12 10:12:36 --> Undefined variable: peserta
#0 E:\APLIKASI\koding\siakad\app\Views\peserta\lulus.php(60): CodeIgniter\Debug\Exceptions->errorHandler(8, 'Undefined varia...', 'E:\\APLIKASI\\kod...', 60, Array)
#1 E:\APLIKASI\koding\siakad\system\View\View.php(214): include('E:\\APLIKASI\\kod...')
#2 E:\APLIKASI\koding\siakad\system\View\View.php(217): CodeIgniter\View\View->CodeIgniter\View\{closure}()
#3 E:\APLIKASI\koding\siakad\system\Common.php(1092): CodeIgniter\View\View->render('peserta/lulus', Array, true)
#4 E:\APLIKASI\koding\siakad\app\Controllers\Peserta.php(873): view('peserta/lulus', Array)
#5 E:\APLIKASI\koding\siakad\system\CodeIgniter.php(802): App\Controllers\Peserta->sudahlulus()
#6 E:\APLIKASI\koding\siakad\system\CodeIgniter.php(399): CodeIgniter\CodeIgniter->runController(Object(App\Controllers\Peserta))
#7 E:\APLIKASI\koding\siakad\system\CodeIgniter.php(317): CodeIgniter\CodeIgniter->handleRequest(NULL, Object(Config\Cache), false)
#8 E:\APLIKASI\koding\siakad\public\index.php(37): CodeIgniter\CodeIgniter->run()
#9 E:\APLIKASI\koding\siakad\system\Commands\Server\rewrite.php(43): require_once('E:\\APLIKASI\\kod...')
#10 {main}
CRITICAL - 2025-04-12 10:12:56 --> Undefined variable: peserta
#0 E:\APLIKASI\koding\siakad\app\Views\peserta\lulus.php(113): CodeIgniter\Debug\Exceptions->errorHandler(8, 'Undefined varia...', 'E:\\APLIKASI\\kod...', 113, Array)
#1 E:\APLIKASI\koding\siakad\system\View\View.php(214): include('E:\\APLIKASI\\kod...')
#2 E:\APLIKASI\koding\siakad\system\View\View.php(217): CodeIgniter\View\View->CodeIgniter\View\{closure}()
#3 E:\APLIKASI\koding\siakad\system\Common.php(1092): CodeIgniter\View\View->render('peserta/lulus', Array, true)
#4 E:\APLIKASI\koding\siakad\app\Controllers\Peserta.php(873): view('peserta/lulus', Array)
#5 E:\APLIKASI\koding\siakad\system\CodeIgniter.php(802): App\Controllers\Peserta->sudahlulus()
#6 E:\APLIKASI\koding\siakad\system\CodeIgniter.php(399): CodeIgniter\CodeIgniter->runController(Object(App\Controllers\Peserta))
#7 E:\APLIKASI\koding\siakad\system\CodeIgniter.php(317): CodeIgniter\CodeIgniter->handleRequest(NULL, Object(Config\Cache), false)
#8 E:\APLIKASI\koding\siakad\public\index.php(37): CodeIgniter\CodeIgniter->run()
#9 E:\APLIKASI\koding\siakad\system\Commands\Server\rewrite.php(43): require_once('E:\\APLIKASI\\kod...')
#10 {main}
CRITICAL - 2025-04-12 10:33:26 --> Undefined variable: lulus
#0 E:\APLIKASI\koding\siakad\app\Views\peserta\lulus.php(60): CodeIgniter\Debug\Exceptions->errorHandler(8, 'Undefined varia...', 'E:\\APLIKASI\\kod...', 60, Array)
#1 E:\APLIKASI\koding\siakad\system\View\View.php(214): include('E:\\APLIKASI\\kod...')
#2 E:\APLIKASI\koding\siakad\system\View\View.php(217): CodeIgniter\View\View->CodeIgniter\View\{closure}()
#3 E:\APLIKASI\koding\siakad\system\Common.php(1092): CodeIgniter\View\View->render('peserta/lulus', Array, true)
#4 E:\APLIKASI\koding\siakad\app\Controllers\Peserta.php(889): view('peserta/lulus', Array)
#5 E:\APLIKASI\koding\siakad\system\CodeIgniter.php(802): App\Controllers\Peserta->sudahkeluar()
#6 E:\APLIKASI\koding\siakad\system\CodeIgniter.php(399): CodeIgniter\CodeIgniter->runController(Object(App\Controllers\Peserta))
#7 E:\APLIKASI\koding\siakad\system\CodeIgniter.php(317): CodeIgniter\CodeIgniter->handleRequest(NULL, Object(Config\Cache), false)
#8 E:\APLIKASI\koding\siakad\public\index.php(37): CodeIgniter\CodeIgniter->run()
#9 E:\APLIKASI\koding\siakad\system\Commands\Server\rewrite.php(43): require_once('E:\\APLIKASI\\kod...')
#10 {main}
CRITICAL - 2025-04-12 10:38:20 --> Undefined index: 
#0 E:\APLIKASI\koding\siakad\app\Helpers\terbilang_helper.php(9): CodeIgniter\Debug\Exceptions->errorHandler(8, 'Undefined index...', 'E:\\APLIKASI\\kod...', 9, Array)
#1 E:\APLIKASI\koding\siakad\app\Views\admin\surat\surat_pindah.php(263): terbilang(NULL)
#2 E:\APLIKASI\koding\siakad\system\View\View.php(214): include('E:\\APLIKASI\\kod...')
#3 E:\APLIKASI\koding\siakad\system\View\View.php(217): CodeIgniter\View\View->CodeIgniter\View\{closure}()
#4 E:\APLIKASI\koding\siakad\system\Common.php(1092): CodeIgniter\View\View->render('admin/surat/sur...', Array, true)
#5 E:\APLIKASI\koding\siakad\app\Controllers\Surat.php(159): view('admin/surat/sur...', Array)
#6 E:\APLIKASI\koding\siakad\system\CodeIgniter.php(802): App\Controllers\Surat->printmohon('0083424329')
#7 E:\APLIKASI\koding\siakad\system\CodeIgniter.php(399): CodeIgniter\CodeIgniter->runController(Object(App\Controllers\Surat))
#8 E:\APLIKASI\koding\siakad\system\CodeIgniter.php(317): CodeIgniter\CodeIgniter->handleRequest(NULL, Object(Config\Cache), false)
#9 E:\APLIKASI\koding\siakad\public\index.php(37): CodeIgniter\CodeIgniter->run()
#10 E:\APLIKASI\koding\siakad\system\Commands\Server\rewrite.php(43): require_once('E:\\APLIKASI\\kod...')
#11 {main}
CRITICAL - 2025-04-12 10:38:25 --> Undefined offset: -1
#0 E:\APLIKASI\koding\siakad\app\Helpers\formatindo_helper.php(15): CodeIgniter\Debug\Exceptions->errorHandler(8, 'Undefined offse...', 'E:\\APLIKASI\\kod...', 15, Array)
#1 E:\APLIKASI\koding\siakad\app\Views\admin\surat\surat_pindah.php(293): formatindo('10 Apr 2025')
#2 E:\APLIKASI\koding\siakad\system\View\View.php(214): include('E:\\APLIKASI\\kod...')
#3 E:\APLIKASI\koding\siakad\system\View\View.php(217): CodeIgniter\View\View->CodeIgniter\View\{closure}()
#4 E:\APLIKASI\koding\siakad\system\Common.php(1092): CodeIgniter\View\View->render('admin/surat/sur...', Array, true)
#5 E:\APLIKASI\koding\siakad\app\Controllers\Surat.php(159): view('admin/surat/sur...', Array)
#6 E:\APLIKASI\koding\siakad\system\CodeIgniter.php(802): App\Controllers\Surat->printmohon('0117509894')
#7 E:\APLIKASI\koding\siakad\system\CodeIgniter.php(399): CodeIgniter\CodeIgniter->runController(Object(App\Controllers\Surat))
#8 E:\APLIKASI\koding\siakad\system\CodeIgniter.php(317): CodeIgniter\CodeIgniter->handleRequest(NULL, Object(Config\Cache), false)
#9 E:\APLIKASI\koding\siakad\public\index.php(37): CodeIgniter\CodeIgniter->run()
#10 E:\APLIKASI\koding\siakad\system\Commands\Server\rewrite.php(43): require_once('E:\\APLIKASI\\kod...')
#11 {main}
CRITICAL - 2025-04-12 10:38:32 --> Undefined offset: -1
#0 E:\APLIKASI\koding\siakad\app\Helpers\formatindo_helper.php(15): CodeIgniter\Debug\Exceptions->errorHandler(8, 'Undefined offse...', 'E:\\APLIKASI\\kod...', 15, Array)
#1 E:\APLIKASI\koding\siakad\app\Views\admin\surat\surat_pindah.php(293): formatindo('10 Apr 2025')
#2 E:\APLIKASI\koding\siakad\system\View\View.php(214): include('E:\\APLIKASI\\kod...')
#3 E:\APLIKASI\koding\siakad\system\View\View.php(217): CodeIgniter\View\View->CodeIgniter\View\{closure}()
#4 E:\APLIKASI\koding\siakad\system\Common.php(1092): CodeIgniter\View\View->render('admin/surat/sur...', Array, true)
#5 E:\APLIKASI\koding\siakad\app\Controllers\Surat.php(159): view('admin/surat/sur...', Array)
#6 E:\APLIKASI\koding\siakad\system\CodeIgniter.php(802): App\Controllers\Surat->printmohon('0112590172')
#7 E:\APLIKASI\koding\siakad\system\CodeIgniter.php(399): CodeIgniter\CodeIgniter->runController(Object(App\Controllers\Surat))
#8 E:\APLIKASI\koding\siakad\system\CodeIgniter.php(317): CodeIgniter\CodeIgniter->handleRequest(NULL, Object(Config\Cache), false)
#9 E:\APLIKASI\koding\siakad\public\index.php(37): CodeIgniter\CodeIgniter->run()
#10 E:\APLIKASI\koding\siakad\system\Commands\Server\rewrite.php(43): require_once('E:\\APLIKASI\\kod...')
#11 {main}
CRITICAL - 2025-04-12 10:38:35 --> Undefined offset: -1
#0 E:\APLIKASI\koding\siakad\app\Helpers\formatindo_helper.php(15): CodeIgniter\Debug\Exceptions->errorHandler(8, 'Undefined offse...', 'E:\\APLIKASI\\kod...', 15, Array)
#1 E:\APLIKASI\koding\siakad\app\Views\admin\surat\surat_pindah.php(293): formatindo('')
#2 E:\APLIKASI\koding\siakad\system\View\View.php(214): include('E:\\APLIKASI\\kod...')
#3 E:\APLIKASI\koding\siakad\system\View\View.php(217): CodeIgniter\View\View->CodeIgniter\View\{closure}()
#4 E:\APLIKASI\koding\siakad\system\Common.php(1092): CodeIgniter\View\View->render('admin/surat/sur...', Array, true)
#5 E:\APLIKASI\koding\siakad\app\Controllers\Surat.php(159): view('admin/surat/sur...', Array)
#6 E:\APLIKASI\koding\siakad\system\CodeIgniter.php(802): App\Controllers\Surat->printmohon('0116917403')
#7 E:\APLIKASI\koding\siakad\system\CodeIgniter.php(399): CodeIgniter\CodeIgniter->runController(Object(App\Controllers\Surat))
#8 E:\APLIKASI\koding\siakad\system\CodeIgniter.php(317): CodeIgniter\CodeIgniter->handleRequest(NULL, Object(Config\Cache), false)
#9 E:\APLIKASI\koding\siakad\public\index.php(37): CodeIgniter\CodeIgniter->run()
#10 E:\APLIKASI\koding\siakad\system\Commands\Server\rewrite.php(43): require_once('E:\\APLIKASI\\kod...')
#11 {main}
CRITICAL - 2025-04-12 10:42:15 --> Undefined offset: -1
#0 E:\APLIKASI\koding\siakad\app\Helpers\formatindo_helper.php(15): CodeIgniter\Debug\Exceptions->errorHandler(8, 'Undefined offse...', 'E:\\APLIKASI\\kod...', 15, Array)
#1 E:\APLIKASI\koding\siakad\app\Views\peserta\keluar.php(53): formatindo('10 Apr 2025')
#2 E:\APLIKASI\koding\siakad\system\View\View.php(214): include('E:\\APLIKASI\\kod...')
#3 E:\APLIKASI\koding\siakad\system\View\View.php(217): CodeIgniter\View\View->CodeIgniter\View\{closure}()
#4 E:\APLIKASI\koding\siakad\system\Common.php(1092): CodeIgniter\View\View->render('peserta/keluar', Array, true)
#5 E:\APLIKASI\koding\siakad\app\Controllers\Peserta.php(889): view('peserta/keluar', Array)
#6 E:\APLIKASI\koding\siakad\system\CodeIgniter.php(802): App\Controllers\Peserta->sudahkeluar()
#7 E:\APLIKASI\koding\siakad\system\CodeIgniter.php(399): CodeIgniter\CodeIgniter->runController(Object(App\Controllers\Peserta))
#8 E:\APLIKASI\koding\siakad\system\CodeIgniter.php(317): CodeIgniter\CodeIgniter->handleRequest(NULL, Object(Config\Cache), false)
#9 E:\APLIKASI\koding\siakad\public\index.php(37): CodeIgniter\CodeIgniter->run()
#10 E:\APLIKASI\koding\siakad\system\Commands\Server\rewrite.php(43): require_once('E:\\APLIKASI\\kod...')
#11 {main}
CRITICAL - 2025-04-12 10:44:57 --> Undefined offset: -1
#0 E:\APLIKASI\koding\siakad\app\Helpers\formatindo_helper.php(15): CodeIgniter\Debug\Exceptions->errorHandler(8, 'Undefined offse...', 'E:\\APLIKASI\\kod...', 15, Array)
#1 E:\APLIKASI\koding\siakad\app\Views\peserta\keluar.php(53): formatindo('')
#2 E:\APLIKASI\koding\siakad\system\View\View.php(214): include('E:\\APLIKASI\\kod...')
#3 E:\APLIKASI\koding\siakad\system\View\View.php(217): CodeIgniter\View\View->CodeIgniter\View\{closure}()
#4 E:\APLIKASI\koding\siakad\system\Common.php(1092): CodeIgniter\View\View->render('peserta/keluar', Array, true)
#5 E:\APLIKASI\koding\siakad\app\Controllers\Peserta.php(889): view('peserta/keluar', Array)
#6 E:\APLIKASI\koding\siakad\system\CodeIgniter.php(802): App\Controllers\Peserta->sudahkeluar()
#7 E:\APLIKASI\koding\siakad\system\CodeIgniter.php(399): CodeIgniter\CodeIgniter->runController(Object(App\Controllers\Peserta))
#8 E:\APLIKASI\koding\siakad\system\CodeIgniter.php(317): CodeIgniter\CodeIgniter->handleRequest(NULL, Object(Config\Cache), false)
#9 E:\APLIKASI\koding\siakad\public\index.php(37): CodeIgniter\CodeIgniter->run()
#10 E:\APLIKASI\koding\siakad\system\Commands\Server\rewrite.php(43): require_once('E:\\APLIKASI\\kod...')
#11 {main}
CRITICAL - 2025-04-12 10:45:03 --> Undefined offset: -1
#0 E:\APLIKASI\koding\siakad\app\Helpers\formatindo_helper.php(15): CodeIgniter\Debug\Exceptions->errorHandler(8, 'Undefined offse...', 'E:\\APLIKASI\\kod...', 15, Array)
#1 E:\APLIKASI\koding\siakad\app\Views\peserta\keluar.php(53): formatindo('')
#2 E:\APLIKASI\koding\siakad\system\View\View.php(214): include('E:\\APLIKASI\\kod...')
#3 E:\APLIKASI\koding\siakad\system\View\View.php(217): CodeIgniter\View\View->CodeIgniter\View\{closure}()
#4 E:\APLIKASI\koding\siakad\system\Common.php(1092): CodeIgniter\View\View->render('peserta/keluar', Array, true)
#5 E:\APLIKASI\koding\siakad\app\Controllers\Peserta.php(889): view('peserta/keluar', Array)
#6 E:\APLIKASI\koding\siakad\system\CodeIgniter.php(802): App\Controllers\Peserta->sudahkeluar()
#7 E:\APLIKASI\koding\siakad\system\CodeIgniter.php(399): CodeIgniter\CodeIgniter->runController(Object(App\Controllers\Peserta))
#8 E:\APLIKASI\koding\siakad\system\CodeIgniter.php(317): CodeIgniter\CodeIgniter->handleRequest(NULL, Object(Config\Cache), false)
#9 E:\APLIKASI\koding\siakad\public\index.php(37): CodeIgniter\CodeIgniter->run()
#10 E:\APLIKASI\koding\siakad\system\Commands\Server\rewrite.php(43): require_once('E:\\APLIKASI\\kod...')
#11 {main}
CRITICAL - 2025-04-12 10:45:51 --> Undefined index: 
#0 E:\APLIKASI\koding\siakad\app\Helpers\terbilang_helper.php(9): CodeIgniter\Debug\Exceptions->errorHandler(8, 'Undefined index...', 'E:\\APLIKASI\\kod...', 9, Array)
#1 E:\APLIKASI\koding\siakad\app\Views\admin\surat\surat_pindah.php(263): terbilang(NULL)
#2 E:\APLIKASI\koding\siakad\system\View\View.php(214): include('E:\\APLIKASI\\kod...')
#3 E:\APLIKASI\koding\siakad\system\View\View.php(217): CodeIgniter\View\View->CodeIgniter\View\{closure}()
#4 E:\APLIKASI\koding\siakad\system\Common.php(1092): CodeIgniter\View\View->render('admin/surat/sur...', Array, true)
#5 E:\APLIKASI\koding\siakad\app\Controllers\Surat.php(159): view('admin/surat/sur...', Array)
#6 E:\APLIKASI\koding\siakad\system\CodeIgniter.php(802): App\Controllers\Surat->printmohon('0083424329')
#7 E:\APLIKASI\koding\siakad\system\CodeIgniter.php(399): CodeIgniter\CodeIgniter->runController(Object(App\Controllers\Surat))
#8 E:\APLIKASI\koding\siakad\system\CodeIgniter.php(317): CodeIgniter\CodeIgniter->handleRequest(NULL, Object(Config\Cache), false)
#9 E:\APLIKASI\koding\siakad\public\index.php(37): CodeIgniter\CodeIgniter->run()
#10 E:\APLIKASI\koding\siakad\system\Commands\Server\rewrite.php(43): require_once('E:\\APLIKASI\\kod...')
#11 {main}
CRITICAL - 2025-04-12 10:48:35 --> Undefined index: 
#0 E:\APLIKASI\koding\siakad\app\Helpers\terbilang_helper.php(9): CodeIgniter\Debug\Exceptions->errorHandler(8, 'Undefined index...', 'E:\\APLIKASI\\kod...', 9, Array)
#1 E:\APLIKASI\koding\siakad\app\Views\admin\surat\surat_pindah.php(263): terbilang(NULL)
#2 E:\APLIKASI\koding\siakad\system\View\View.php(214): include('E:\\APLIKASI\\kod...')
#3 E:\APLIKASI\koding\siakad\system\View\View.php(217): CodeIgniter\View\View->CodeIgniter\View\{closure}()
#4 E:\APLIKASI\koding\siakad\system\Common.php(1092): CodeIgniter\View\View->render('admin/surat/sur...', Array, true)
#5 E:\APLIKASI\koding\siakad\app\Controllers\Surat.php(159): view('admin/surat/sur...', Array)
#6 E:\APLIKASI\koding\siakad\system\CodeIgniter.php(802): App\Controllers\Surat->printmohon('0083424329')
#7 E:\APLIKASI\koding\siakad\system\CodeIgniter.php(399): CodeIgniter\CodeIgniter->runController(Object(App\Controllers\Surat))
#8 E:\APLIKASI\koding\siakad\system\CodeIgniter.php(317): CodeIgniter\CodeIgniter->handleRequest(NULL, Object(Config\Cache), false)
#9 E:\APLIKASI\koding\siakad\public\index.php(37): CodeIgniter\CodeIgniter->run()
#10 E:\APLIKASI\koding\siakad\system\Commands\Server\rewrite.php(43): require_once('E:\\APLIKASI\\kod...')
#11 {main}
CRITICAL - 2025-04-12 10:48:42 --> Undefined index: 
#0 E:\APLIKASI\koding\siakad\app\Helpers\terbilang_helper.php(9): CodeIgniter\Debug\Exceptions->errorHandler(8, 'Undefined index...', 'E:\\APLIKASI\\kod...', 9, Array)
#1 E:\APLIKASI\koding\siakad\app\Views\admin\surat\surat_pindah.php(263): terbilang(NULL)
#2 E:\APLIKASI\koding\siakad\system\View\View.php(214): include('E:\\APLIKASI\\kod...')
#3 E:\APLIKASI\koding\siakad\system\View\View.php(217): CodeIgniter\View\View->CodeIgniter\View\{closure}()
#4 E:\APLIKASI\koding\siakad\system\Common.php(1092): CodeIgniter\View\View->render('admin/surat/sur...', Array, true)
#5 E:\APLIKASI\koding\siakad\app\Controllers\Surat.php(159): view('admin/surat/sur...', Array)
#6 E:\APLIKASI\koding\siakad\system\CodeIgniter.php(802): App\Controllers\Surat->printmohon('0083424329')
#7 E:\APLIKASI\koding\siakad\system\CodeIgniter.php(399): CodeIgniter\CodeIgniter->runController(Object(App\Controllers\Surat))
#8 E:\APLIKASI\koding\siakad\system\CodeIgniter.php(317): CodeIgniter\CodeIgniter->handleRequest(NULL, Object(Config\Cache), false)
#9 E:\APLIKASI\koding\siakad\public\index.php(37): CodeIgniter\CodeIgniter->run()
#10 E:\APLIKASI\koding\siakad\system\Commands\Server\rewrite.php(43): require_once('E:\\APLIKASI\\kod...')
#11 {main}
CRITICAL - 2025-04-12 10:51:38 --> Class 'App\Controllers\Options' not found
#0 E:\APLIKASI\koding\siakad\system\CodeIgniter.php(802): App\Controllers\Peserta->printmohon('0116917403')
#1 E:\APLIKASI\koding\siakad\system\CodeIgniter.php(399): CodeIgniter\CodeIgniter->runController(Object(App\Controllers\Peserta))
#2 E:\APLIKASI\koding\siakad\system\CodeIgniter.php(317): CodeIgniter\CodeIgniter->handleRequest(NULL, Object(Config\Cache), false)
#3 E:\APLIKASI\koding\siakad\public\index.php(37): CodeIgniter\CodeIgniter->run()
#4 E:\APLIKASI\koding\siakad\system\Commands\Server\rewrite.php(43): require_once('E:\\APLIKASI\\kod...')
#5 {main}
CRITICAL - 2025-04-12 10:52:25 --> Undefined property: App\Controllers\Peserta::$ModelSurat
#0 E:\APLIKASI\koding\siakad\app\Controllers\Peserta.php(905): CodeIgniter\Debug\Exceptions->errorHandler(8, 'Undefined prope...', 'E:\\APLIKASI\\kod...', 905, Array)
#1 E:\APLIKASI\koding\siakad\system\CodeIgniter.php(802): App\Controllers\Peserta->printmohon('0116917403')
#2 E:\APLIKASI\koding\siakad\system\CodeIgniter.php(399): CodeIgniter\CodeIgniter->runController(Object(App\Controllers\Peserta))
#3 E:\APLIKASI\koding\siakad\system\CodeIgniter.php(317): CodeIgniter\CodeIgniter->handleRequest(NULL, Object(Config\Cache), false)
#4 E:\APLIKASI\koding\siakad\public\index.php(37): CodeIgniter\CodeIgniter->run()
#5 E:\APLIKASI\koding\siakad\system\Commands\Server\rewrite.php(43): require_once('E:\\APLIKASI\\kod...')
#6 {main}
CRITICAL - 2025-04-12 11:39:31 --> Illegal string offset 'ta'
#0 E:\APLIKASI\koding\siakad\app\Views\peserta\lulus.php(38): CodeIgniter\Debug\Exceptions->errorHandler(2, 'Illegal string ...', 'E:\\APLIKASI\\kod...', 38, Array)
#1 E:\APLIKASI\koding\siakad\system\View\View.php(214): include('E:\\APLIKASI\\kod...')
#2 E:\APLIKASI\koding\siakad\system\View\View.php(217): CodeIgniter\View\View->CodeIgniter\View\{closure}()
#3 E:\APLIKASI\koding\siakad\system\Common.php(1092): CodeIgniter\View\View->render('peserta/lulus', Array, true)
#4 E:\APLIKASI\koding\siakad\app\Controllers\Peserta.php(878): view('peserta/lulus', Array)
#5 E:\APLIKASI\koding\siakad\system\CodeIgniter.php(802): App\Controllers\Peserta->sudahlulus()
#6 E:\APLIKASI\koding\siakad\system\CodeIgniter.php(399): CodeIgniter\CodeIgniter->runController(Object(App\Controllers\Peserta))
#7 E:\APLIKASI\koding\siakad\system\CodeIgniter.php(317): CodeIgniter\CodeIgniter->handleRequest(NULL, Object(Config\Cache), false)
#8 E:\APLIKASI\koding\siakad\public\index.php(37): CodeIgniter\CodeIgniter->run()
#9 E:\APLIKASI\koding\siakad\system\Commands\Server\rewrite.php(43): require_once('E:\\APLIKASI\\kod...')
#10 {main}
CRITICAL - 2025-04-12 11:40:09 --> Illegal string offset 'ta'
#0 E:\APLIKASI\koding\siakad\app\Views\peserta\lulus.php(38): CodeIgniter\Debug\Exceptions->errorHandler(2, 'Illegal string ...', 'E:\\APLIKASI\\kod...', 38, Array)
#1 E:\APLIKASI\koding\siakad\system\View\View.php(214): include('E:\\APLIKASI\\kod...')
#2 E:\APLIKASI\koding\siakad\system\View\View.php(217): CodeIgniter\View\View->CodeIgniter\View\{closure}()
#3 E:\APLIKASI\koding\siakad\system\Common.php(1092): CodeIgniter\View\View->render('peserta/lulus', Array, true)
#4 E:\APLIKASI\koding\siakad\app\Controllers\Peserta.php(879): view('peserta/lulus', Array)
#5 E:\APLIKASI\koding\siakad\system\CodeIgniter.php(802): App\Controllers\Peserta->sudahlulus()
#6 E:\APLIKASI\koding\siakad\system\CodeIgniter.php(399): CodeIgniter\CodeIgniter->runController(Object(App\Controllers\Peserta))
#7 E:\APLIKASI\koding\siakad\system\CodeIgniter.php(317): CodeIgniter\CodeIgniter->handleRequest(NULL, Object(Config\Cache), false)
#8 E:\APLIKASI\koding\siakad\public\index.php(37): CodeIgniter\CodeIgniter->run()
#9 E:\APLIKASI\koding\siakad\system\Commands\Server\rewrite.php(43): require_once('E:\\APLIKASI\\kod...')
#10 {main}
CRITICAL - 2025-04-12 11:41:27 --> Illegal string offset 'ta'
#0 E:\APLIKASI\koding\siakad\app\Views\peserta\lulus.php(38): CodeIgniter\Debug\Exceptions->errorHandler(2, 'Illegal string ...', 'E:\\APLIKASI\\kod...', 38, Array)
#1 E:\APLIKASI\koding\siakad\system\View\View.php(214): include('E:\\APLIKASI\\kod...')
#2 E:\APLIKASI\koding\siakad\system\View\View.php(217): CodeIgniter\View\View->CodeIgniter\View\{closure}()
#3 E:\APLIKASI\koding\siakad\system\Common.php(1092): CodeIgniter\View\View->render('peserta/lulus', Array, true)
#4 E:\APLIKASI\koding\siakad\app\Controllers\Peserta.php(879): view('peserta/lulus', Array)
#5 E:\APLIKASI\koding\siakad\system\CodeIgniter.php(802): App\Controllers\Peserta->sudahlulus()
#6 E:\APLIKASI\koding\siakad\system\CodeIgniter.php(399): CodeIgniter\CodeIgniter->runController(Object(App\Controllers\Peserta))
#7 E:\APLIKASI\koding\siakad\system\CodeIgniter.php(317): CodeIgniter\CodeIgniter->handleRequest(NULL, Object(Config\Cache), false)
#8 E:\APLIKASI\koding\siakad\public\index.php(37): CodeIgniter\CodeIgniter->run()
#9 E:\APLIKASI\koding\siakad\system\Commands\Server\rewrite.php(43): require_once('E:\\APLIKASI\\kod...')
#10 {main}
