ERROR - 2024-09-15 08:42:55 --> Table 'db_sekolah.tbl_database' doesn't exist
CRITICAL - 2024-09-15 08:42:55 --> Table 'db_sekolah.tbl_database' doesn't exist
#0 E:\APLIKASI\koding\sneat\system\Database\MySQLi\Connection.php(280): mysqli->query('SELECT `kelas`,...')
#1 E:\APLIKASI\koding\sneat\system\Database\BaseConnection.php(663): CodeIgniter\Database\MySQLi\Connection->execute('SELECT `kelas`,...')
#2 E:\APLIKASI\koding\sneat\system\Database\BaseConnection.php(591): CodeIgniter\Database\BaseConnection->simpleQuery('SELECT `kelas`,...')
#3 E:\APLIKASI\koding\sneat\system\Database\BaseBuilder.php(1428): CodeIgniter\Database\BaseConnection->query('SELECT `kelas`,...', Array, false)
#4 E:\APLIKASI\koding\sneat\app\Models\ModelKelas.php(235): CodeIgniter\Database\BaseBuilder->get()
#5 E:\APLIKASI\koding\sneat\app\Controllers\Admin.php(45): App\Models\ModelKelas->kelas_grup()
#6 E:\APLIKASI\koding\sneat\system\CodeIgniter.php(802): App\Controllers\Admin->index()
#7 E:\APLIKASI\koding\sneat\system\CodeIgniter.php(399): CodeIgniter\CodeIgniter->runController(Object(App\Controllers\Admin))
#8 E:\APLIKASI\koding\sneat\system\CodeIgniter.php(317): CodeIgniter\CodeIgniter->handleRequest(NULL, Object(Config\Cache), false)
#9 E:\APLIKASI\koding\sneat\public\index.php(37): CodeIgniter\CodeIgniter->run()
#10 E:\APLIKASI\koding\sneat\system\Commands\Server\rewrite.php(43): require_once('E:\\APLIKASI\\kod...')
#11 {main}
ERROR - 2024-09-15 08:44:51 --> Unknown column 'tbl_database.nisn' in 'on clause'
CRITICAL - 2024-09-15 08:44:51 --> Unknown column 'tbl_database.nisn' in 'on clause'
#0 E:\APLIKASI\koding\sneat\system\Database\MySQLi\Connection.php(280): mysqli->query('SELECT `kelas`,...')
#1 E:\APLIKASI\koding\sneat\system\Database\BaseConnection.php(663): CodeIgniter\Database\MySQLi\Connection->execute('SELECT `kelas`,...')
#2 E:\APLIKASI\koding\sneat\system\Database\BaseConnection.php(591): CodeIgniter\Database\BaseConnection->simpleQuery('SELECT `kelas`,...')
#3 E:\APLIKASI\koding\sneat\system\Database\BaseBuilder.php(1428): CodeIgniter\Database\BaseConnection->query('SELECT `kelas`,...', Array, false)
#4 E:\APLIKASI\koding\sneat\app\Models\ModelKelas.php(235): CodeIgniter\Database\BaseBuilder->get()
#5 E:\APLIKASI\koding\sneat\app\Controllers\Admin.php(45): App\Models\ModelKelas->kelas_grup()
#6 E:\APLIKASI\koding\sneat\system\CodeIgniter.php(802): App\Controllers\Admin->index()
#7 E:\APLIKASI\koding\sneat\system\CodeIgniter.php(399): CodeIgniter\CodeIgniter->runController(Object(App\Controllers\Admin))
#8 E:\APLIKASI\koding\sneat\system\CodeIgniter.php(317): CodeIgniter\CodeIgniter->handleRequest(NULL, Object(Config\Cache), false)
#9 E:\APLIKASI\koding\sneat\public\index.php(37): CodeIgniter\CodeIgniter->run()
#10 E:\APLIKASI\koding\sneat\system\Commands\Server\rewrite.php(43): require_once('E:\\APLIKASI\\kod...')
#11 {main}
