CRITICAL - 2024-06-23 16:43:13 --> Undefined variable: validation
#0 C:\xampp\htdocs\siakad\app\Views\guru\profile.php(67): CodeIgniter\Debug\Exceptions->errorHandler(8, 'Undefined varia...', 'C:\\xampp\\htdocs...', 67, Array)
#1 C:\xampp\htdocs\siakad\system\View\View.php(214): include('C:\\xampp\\htdocs...')
#2 C:\xampp\htdocs\siakad\system\View\View.php(217): CodeIgniter\View\View->CodeIgniter\View\{closure}()
#3 C:\xampp\htdocs\siakad\system\Common.php(1092): CodeIgniter\View\View->render('guru/profile', Array, true)
#4 C:\xampp\htdocs\siakad\app\Controllers\Pendidik.php(50): view('guru/profile', Array)
#5 C:\xampp\htdocs\siakad\system\CodeIgniter.php(802): App\Controllers\Pendidik->profile()
#6 C:\xampp\htdocs\siakad\system\CodeIgniter.php(399): CodeIgniter\CodeIgniter->runController(Object(App\Controllers\Pendidik))
#7 C:\xampp\htdocs\siakad\system\CodeIgniter.php(317): CodeIgniter\CodeIgniter->handleRequest(NULL, Object(Config\Cache), false)
#8 C:\xampp\htdocs\siakad\public\index.php(37): CodeIgniter\CodeIgniter->run()
#9 C:\xampp\htdocs\siakad\system\Commands\Server\rewrite.php(43): require_once('C:\\xampp\\htdocs...')
#10 {main}
CRITICAL - 2024-06-23 16:44:28 --> Undefined variable: validation
#0 C:\xampp\htdocs\siakad\app\Views\guru\profile.php(67): CodeIgniter\Debug\Exceptions->errorHandler(8, 'Undefined varia...', 'C:\\xampp\\htdocs...', 67, Array)
#1 C:\xampp\htdocs\siakad\system\View\View.php(214): include('C:\\xampp\\htdocs...')
#2 C:\xampp\htdocs\siakad\system\View\View.php(217): CodeIgniter\View\View->CodeIgniter\View\{closure}()
#3 C:\xampp\htdocs\siakad\system\Common.php(1092): CodeIgniter\View\View->render('guru/profile', Array, true)
#4 C:\xampp\htdocs\siakad\app\Controllers\Pendidik.php(50): view('guru/profile', Array)
#5 C:\xampp\htdocs\siakad\system\CodeIgniter.php(802): App\Controllers\Pendidik->profile()
#6 C:\xampp\htdocs\siakad\system\CodeIgniter.php(399): CodeIgniter\CodeIgniter->runController(Object(App\Controllers\Pendidik))
#7 C:\xampp\htdocs\siakad\system\CodeIgniter.php(317): CodeIgniter\CodeIgniter->handleRequest(NULL, Object(Config\Cache), false)
#8 C:\xampp\htdocs\siakad\public\index.php(37): CodeIgniter\CodeIgniter->run()
#9 C:\xampp\htdocs\siakad\system\Commands\Server\rewrite.php(43): require_once('C:\\xampp\\htdocs...')
#10 {main}
CRITICAL - 2024-06-23 16:50:30 --> Undefined variable: provinsi
#0 C:\xampp\htdocs\siakad\app\Views\guru\profile.php(102): CodeIgniter\Debug\Exceptions->errorHandler(8, 'Undefined varia...', 'C:\\xampp\\htdocs...', 102, Array)
#1 C:\xampp\htdocs\siakad\system\View\View.php(214): include('C:\\xampp\\htdocs...')
#2 C:\xampp\htdocs\siakad\system\View\View.php(217): CodeIgniter\View\View->CodeIgniter\View\{closure}()
#3 C:\xampp\htdocs\siakad\system\Common.php(1092): CodeIgniter\View\View->render('guru/profile', Array, true)
#4 C:\xampp\htdocs\siakad\app\Controllers\Pendidik.php(51): view('guru/profile', Array)
#5 C:\xampp\htdocs\siakad\system\CodeIgniter.php(802): App\Controllers\Pendidik->profile()
#6 C:\xampp\htdocs\siakad\system\CodeIgniter.php(399): CodeIgniter\CodeIgniter->runController(Object(App\Controllers\Pendidik))
#7 C:\xampp\htdocs\siakad\system\CodeIgniter.php(317): CodeIgniter\CodeIgniter->handleRequest(NULL, Object(Config\Cache), false)
#8 C:\xampp\htdocs\siakad\public\index.php(37): CodeIgniter\CodeIgniter->run()
#9 C:\xampp\htdocs\siakad\system\Commands\Server\rewrite.php(43): require_once('C:\\xampp\\htdocs...')
#10 {main}
CRITICAL - 2024-06-23 16:51:00 --> Undefined property: App\Controllers\Pendidik::$ModelWilayah
#0 C:\xampp\htdocs\siakad\app\Controllers\Pendidik.php(50): CodeIgniter\Debug\Exceptions->errorHandler(8, 'Undefined prope...', 'C:\\xampp\\htdocs...', 50, Array)
#1 C:\xampp\htdocs\siakad\system\CodeIgniter.php(802): App\Controllers\Pendidik->profile()
#2 C:\xampp\htdocs\siakad\system\CodeIgniter.php(399): CodeIgniter\CodeIgniter->runController(Object(App\Controllers\Pendidik))
#3 C:\xampp\htdocs\siakad\system\CodeIgniter.php(317): CodeIgniter\CodeIgniter->handleRequest(NULL, Object(Config\Cache), false)
#4 C:\xampp\htdocs\siakad\public\index.php(37): CodeIgniter\CodeIgniter->run()
#5 C:\xampp\htdocs\siakad\system\Commands\Server\rewrite.php(43): require_once('C:\\xampp\\htdocs...')
#6 {main}
CRITICAL - 2024-06-23 17:58:16 --> Undefined variable: ta
#0 C:\xampp\htdocs\siakad\app\Views\admin\nilai\uts.php(8): CodeIgniter\Debug\Exceptions->errorHandler(8, 'Undefined varia...', 'C:\\xampp\\htdocs...', 8, Array)
#1 C:\xampp\htdocs\siakad\system\View\View.php(214): include('C:\\xampp\\htdocs...')
#2 C:\xampp\htdocs\siakad\system\View\View.php(217): CodeIgniter\View\View->CodeIgniter\View\{closure}()
#3 C:\xampp\htdocs\siakad\system\Common.php(1092): CodeIgniter\View\View->render('admin/nilai/uts', Array, true)
#4 C:\xampp\htdocs\siakad\app\Controllers\Nilai.php(38): view('admin/nilai/uts', Array)
#5 C:\xampp\htdocs\siakad\system\CodeIgniter.php(802): App\Controllers\Nilai->index()
#6 C:\xampp\htdocs\siakad\system\CodeIgniter.php(399): CodeIgniter\CodeIgniter->runController(Object(App\Controllers\Nilai))
#7 C:\xampp\htdocs\siakad\system\CodeIgniter.php(317): CodeIgniter\CodeIgniter->handleRequest(NULL, Object(Config\Cache), false)
#8 C:\xampp\htdocs\siakad\public\index.php(37): CodeIgniter\CodeIgniter->run()
#9 C:\xampp\htdocs\siakad\system\Commands\Server\rewrite.php(43): require_once('C:\\xampp\\htdocs...')
#10 {main}
