CRITICAL - 2024-10-01 22:03:06 --> Undefined variable: title
#0 E:\APLIKASI\koding\sneat\app\Views\v_datasiswa.php(11): CodeIgniter\Debug\Exceptions->errorHandler(8, 'Undefined varia...', 'E:\\APLIKASI\\kod...', 11, Array)
#1 E:\APLIKASI\koding\sneat\system\View\View.php(214): include('E:\\APLIKASI\\kod...')
#2 E:\APLIKASI\koding\sneat\system\View\View.php(217): CodeIgniter\View\View->CodeIgniter\View\{closure}()
#3 E:\APLIKASI\koding\sneat\system\Common.php(1092): CodeIgniter\View\View->render('v_datasiswa', Array, true)
#4 E:\APLIKASI\koding\sneat\app\Controllers\Home.php(16): view('v_datasiswa')
#5 E:\APLIKASI\koding\sneat\system\CodeIgniter.php(802): App\Controllers\Home->datasiswa()
#6 E:\APLIKASI\koding\sneat\system\CodeIgniter.php(399): CodeIgniter\CodeIgniter->runController(Object(App\Controllers\Home))
#7 E:\APLIKASI\koding\sneat\system\CodeIgniter.php(317): CodeIgniter\CodeIgniter->handleRequest(NULL, Object(Config\Cache), false)
#8 E:\APLIKASI\koding\sneat\public\index.php(37): CodeIgniter\CodeIgniter->run()
#9 E:\APLIKASI\koding\sneat\system\Commands\Server\rewrite.php(43): require_once('E:\\APLIKASI\\kod...')
#10 {main}
CRITICAL - 2024-10-01 22:12:49 --> You must set the database table to be used with your query.
#0 E:\APLIKASI\koding\sneat\system\Model.php(545): CodeIgniter\Database\BaseConnection->table(NULL)
#1 E:\APLIKASI\koding\sneat\system\Model.php(719): CodeIgniter\Model->builder()
#2 E:\APLIKASI\koding\sneat\app\Controllers\Home.php(30): CodeIgniter\Model->__call('AllData', Array)
#3 E:\APLIKASI\koding\sneat\system\CodeIgniter.php(802): App\Controllers\Home->datasiswa()
#4 E:\APLIKASI\koding\sneat\system\CodeIgniter.php(399): CodeIgniter\CodeIgniter->runController(Object(App\Controllers\Home))
#5 E:\APLIKASI\koding\sneat\system\CodeIgniter.php(317): CodeIgniter\CodeIgniter->handleRequest(NULL, Object(Config\Cache), false)
#6 E:\APLIKASI\koding\sneat\public\index.php(37): CodeIgniter\CodeIgniter->run()
#7 E:\APLIKASI\koding\sneat\system\Commands\Server\rewrite.php(43): require_once('E:\\APLIKASI\\kod...')
#8 {main}
CRITICAL - 2024-10-01 22:26:33 --> Undefined index: tingkat
#0 E:\APLIKASI\koding\sneat\app\Views\admin\peserta\v_peserta.php(79): CodeIgniter\Debug\Exceptions->errorHandler(8, 'Undefined index...', 'E:\\APLIKASI\\kod...', 79, Array)
#1 E:\APLIKASI\koding\sneat\system\View\View.php(214): include('E:\\APLIKASI\\kod...')
#2 E:\APLIKASI\koding\sneat\system\View\View.php(217): CodeIgniter\View\View->CodeIgniter\View\{closure}()
#3 E:\APLIKASI\koding\sneat\system\Common.php(1092): CodeIgniter\View\View->render('admin/peserta/v...', Array, true)
#4 E:\APLIKASI\koding\sneat\app\Controllers\Peserta.php(64): view('admin/peserta/v...', Array)
#5 E:\APLIKASI\koding\sneat\system\CodeIgniter.php(802): App\Controllers\Peserta->index()
#6 E:\APLIKASI\koding\sneat\system\CodeIgniter.php(399): CodeIgniter\CodeIgniter->runController(Object(App\Controllers\Peserta))
#7 E:\APLIKASI\koding\sneat\system\CodeIgniter.php(317): CodeIgniter\CodeIgniter->handleRequest(NULL, Object(Config\Cache), false)
#8 E:\APLIKASI\koding\sneat\public\index.php(37): CodeIgniter\CodeIgniter->run()
#9 E:\APLIKASI\koding\sneat\system\Commands\Server\rewrite.php(43): require_once('E:\\APLIKASI\\kod...')
#10 {main}
