CRITICAL - 2024-04-04 00:00:00 --> Invalid data at path "C:\xampp\htdocs\siakad\public\/qrcode/logo.png"
#0 C:\xampp\htdocs\siakad\vendor\endroid\qr-code\src\Writer\PngWriter.php(129): Endroid\QrCode\ImageData\LogoImageData::createForLogo(Object(Endroid\QrCode\Logo\Logo))
#1 C:\xampp\htdocs\siakad\vendor\endroid\qr-code\src\Writer\PngWriter.php(117): Endroid\QrCode\Writer\PngWriter->addLogo(Object(Endroid\QrCode\Logo\Logo), Object(Endroid\QrCode\Writer\Result\PngResult))
#2 C:\xampp\htdocs\siakad\app\Controllers\Barcode.php(39): Endroid\QrCode\Writer\PngWriter->write(Object(Endroid\QrCode\QrCode), Object(Endroid\QrCode\Logo\Logo), Object(Endroid\QrCode\Label\Label))
#3 C:\xampp\htdocs\siakad\system\CodeIgniter.php(802): App\Controllers\Barcode->index()
#4 C:\xampp\htdocs\siakad\system\CodeIgniter.php(399): CodeIgniter\CodeIgniter->runController(Object(App\Controllers\Barcode))
#5 C:\xampp\htdocs\siakad\system\CodeIgniter.php(317): CodeIgniter\CodeIgniter->handleRequest(NULL, Object(Config\Cache), false)
#6 C:\xampp\htdocs\siakad\public\index.php(37): CodeIgniter\CodeIgniter->run()
#7 C:\xampp\htdocs\siakad\system\Commands\Server\rewrite.php(43): require_once('C:\\xampp\\htdocs...')
#8 {main}
CRITICAL - 2024-04-04 00:00:02 --> Invalid data at path "C:\xampp\htdocs\siakad\public\/qrcode/logo.png"
#0 C:\xampp\htdocs\siakad\vendor\endroid\qr-code\src\Writer\PngWriter.php(129): Endroid\QrCode\ImageData\LogoImageData::createForLogo(Object(Endroid\QrCode\Logo\Logo))
#1 C:\xampp\htdocs\siakad\vendor\endroid\qr-code\src\Writer\PngWriter.php(117): Endroid\QrCode\Writer\PngWriter->addLogo(Object(Endroid\QrCode\Logo\Logo), Object(Endroid\QrCode\Writer\Result\PngResult))
#2 C:\xampp\htdocs\siakad\app\Controllers\Barcode.php(39): Endroid\QrCode\Writer\PngWriter->write(Object(Endroid\QrCode\QrCode), Object(Endroid\QrCode\Logo\Logo), Object(Endroid\QrCode\Label\Label))
#3 C:\xampp\htdocs\siakad\system\CodeIgniter.php(802): App\Controllers\Barcode->index()
#4 C:\xampp\htdocs\siakad\system\CodeIgniter.php(399): CodeIgniter\CodeIgniter->runController(Object(App\Controllers\Barcode))
#5 C:\xampp\htdocs\siakad\system\CodeIgniter.php(317): CodeIgniter\CodeIgniter->handleRequest(NULL, Object(Config\Cache), false)
#6 C:\xampp\htdocs\siakad\public\index.php(37): CodeIgniter\CodeIgniter->run()
#7 C:\xampp\htdocs\siakad\system\Commands\Server\rewrite.php(43): require_once('C:\\xampp\\htdocs...')
#8 {main}
CRITICAL - 2024-04-04 00:00:25 --> Invalid data at path "C:\xampp\htdocs\siakad\public\qrcode\logo.png"
#0 C:\xampp\htdocs\siakad\vendor\endroid\qr-code\src\Writer\PngWriter.php(129): Endroid\QrCode\ImageData\LogoImageData::createForLogo(Object(Endroid\QrCode\Logo\Logo))
#1 C:\xampp\htdocs\siakad\vendor\endroid\qr-code\src\Writer\PngWriter.php(117): Endroid\QrCode\Writer\PngWriter->addLogo(Object(Endroid\QrCode\Logo\Logo), Object(Endroid\QrCode\Writer\Result\PngResult))
#2 C:\xampp\htdocs\siakad\app\Controllers\Barcode.php(39): Endroid\QrCode\Writer\PngWriter->write(Object(Endroid\QrCode\QrCode), Object(Endroid\QrCode\Logo\Logo), Object(Endroid\QrCode\Label\Label))
#3 C:\xampp\htdocs\siakad\system\CodeIgniter.php(802): App\Controllers\Barcode->index()
#4 C:\xampp\htdocs\siakad\system\CodeIgniter.php(399): CodeIgniter\CodeIgniter->runController(Object(App\Controllers\Barcode))
#5 C:\xampp\htdocs\siakad\system\CodeIgniter.php(317): CodeIgniter\CodeIgniter->handleRequest(NULL, Object(Config\Cache), false)
#6 C:\xampp\htdocs\siakad\public\index.php(37): CodeIgniter\CodeIgniter->run()
#7 C:\xampp\htdocs\siakad\system\Commands\Server\rewrite.php(43): require_once('C:\\xampp\\htdocs...')
#8 {main}
CRITICAL - 2024-04-04 00:01:55 --> Invalid data at path "C:\xampp\htdocs\siakad\public\qrcode\logo.png"
#0 C:\xampp\htdocs\siakad\vendor\endroid\qr-code\src\Writer\PngWriter.php(129): Endroid\QrCode\ImageData\LogoImageData::createForLogo(Object(Endroid\QrCode\Logo\Logo))
#1 C:\xampp\htdocs\siakad\vendor\endroid\qr-code\src\Writer\PngWriter.php(117): Endroid\QrCode\Writer\PngWriter->addLogo(Object(Endroid\QrCode\Logo\Logo), Object(Endroid\QrCode\Writer\Result\PngResult))
#2 C:\xampp\htdocs\siakad\app\Controllers\Barcode.php(39): Endroid\QrCode\Writer\PngWriter->write(Object(Endroid\QrCode\QrCode), Object(Endroid\QrCode\Logo\Logo), Object(Endroid\QrCode\Label\Label))
#3 C:\xampp\htdocs\siakad\system\CodeIgniter.php(802): App\Controllers\Barcode->index()
#4 C:\xampp\htdocs\siakad\system\CodeIgniter.php(399): CodeIgniter\CodeIgniter->runController(Object(App\Controllers\Barcode))
#5 C:\xampp\htdocs\siakad\system\CodeIgniter.php(317): CodeIgniter\CodeIgniter->handleRequest(NULL, Object(Config\Cache), false)
#6 C:\xampp\htdocs\siakad\public\index.php(37): CodeIgniter\CodeIgniter->run()
#7 C:\xampp\htdocs\siakad\system\Commands\Server\rewrite.php(43): require_once('C:\\xampp\\htdocs...')
#8 {main}
CRITICAL - 2024-04-04 00:02:32 --> syntax error, unexpected 'public' (T_PUBLIC)
#0 C:\xampp\htdocs\siakad\system\Router\Router.php(160): CodeIgniter\Router\Router->autoRoute('barcode')
#1 C:\xampp\htdocs\siakad\system\CodeIgniter.php(702): CodeIgniter\Router\Router->handle('barcode')
#2 C:\xampp\htdocs\siakad\system\CodeIgniter.php(358): CodeIgniter\CodeIgniter->tryToRouteIt(Object(CodeIgniter\Router\RouteCollection))
#3 C:\xampp\htdocs\siakad\system\CodeIgniter.php(317): CodeIgniter\CodeIgniter->handleRequest(NULL, Object(Config\Cache), false)
#4 C:\xampp\htdocs\siakad\public\index.php(37): CodeIgniter\CodeIgniter->run()
#5 C:\xampp\htdocs\siakad\system\Commands\Server\rewrite.php(43): require_once('C:\\xampp\\htdocs...')
#6 {main}
CRITICAL - 2024-04-04 00:02:57 --> Invalid data at path "C:\xampp\htdocs\siakad\public\/logo.png"
#0 C:\xampp\htdocs\siakad\vendor\endroid\qr-code\src\Writer\PngWriter.php(129): Endroid\QrCode\ImageData\LogoImageData::createForLogo(Object(Endroid\QrCode\Logo\Logo))
#1 C:\xampp\htdocs\siakad\vendor\endroid\qr-code\src\Writer\PngWriter.php(117): Endroid\QrCode\Writer\PngWriter->addLogo(Object(Endroid\QrCode\Logo\Logo), Object(Endroid\QrCode\Writer\Result\PngResult))
#2 C:\xampp\htdocs\siakad\app\Controllers\Barcode.php(41): Endroid\QrCode\Writer\PngWriter->write(Object(Endroid\QrCode\QrCode), Object(Endroid\QrCode\Logo\Logo), Object(Endroid\QrCode\Label\Label))
#3 C:\xampp\htdocs\siakad\system\CodeIgniter.php(802): App\Controllers\Barcode->index()
#4 C:\xampp\htdocs\siakad\system\CodeIgniter.php(399): CodeIgniter\CodeIgniter->runController(Object(App\Controllers\Barcode))
#5 C:\xampp\htdocs\siakad\system\CodeIgniter.php(317): CodeIgniter\CodeIgniter->handleRequest(NULL, Object(Config\Cache), false)
#6 C:\xampp\htdocs\siakad\public\index.php(37): CodeIgniter\CodeIgniter->run()
#7 C:\xampp\htdocs\siakad\system\Commands\Server\rewrite.php(43): require_once('C:\\xampp\\htdocs...')
#8 {main}
CRITICAL - 2024-04-04 00:03:14 --> Invalid data at path "C:\xampp\htdocs\siakad\public\\logo.png"
#0 C:\xampp\htdocs\siakad\vendor\endroid\qr-code\src\Writer\PngWriter.php(129): Endroid\QrCode\ImageData\LogoImageData::createForLogo(Object(Endroid\QrCode\Logo\Logo))
#1 C:\xampp\htdocs\siakad\vendor\endroid\qr-code\src\Writer\PngWriter.php(117): Endroid\QrCode\Writer\PngWriter->addLogo(Object(Endroid\QrCode\Logo\Logo), Object(Endroid\QrCode\Writer\Result\PngResult))
#2 C:\xampp\htdocs\siakad\app\Controllers\Barcode.php(41): Endroid\QrCode\Writer\PngWriter->write(Object(Endroid\QrCode\QrCode), Object(Endroid\QrCode\Logo\Logo), Object(Endroid\QrCode\Label\Label))
#3 C:\xampp\htdocs\siakad\system\CodeIgniter.php(802): App\Controllers\Barcode->index()
#4 C:\xampp\htdocs\siakad\system\CodeIgniter.php(399): CodeIgniter\CodeIgniter->runController(Object(App\Controllers\Barcode))
#5 C:\xampp\htdocs\siakad\system\CodeIgniter.php(317): CodeIgniter\CodeIgniter->handleRequest(NULL, Object(Config\Cache), false)
#6 C:\xampp\htdocs\siakad\public\index.php(37): CodeIgniter\CodeIgniter->run()
#7 C:\xampp\htdocs\siakad\system\Commands\Server\rewrite.php(43): require_once('C:\\xampp\\htdocs...')
#8 {main}
CRITICAL - 2024-04-04 00:08:15 --> syntax error, unexpected 'public' (T_PUBLIC)
#0 C:\xampp\htdocs\siakad\system\Router\Router.php(160): CodeIgniter\Router\Router->autoRoute('barcode')
#1 C:\xampp\htdocs\siakad\system\CodeIgniter.php(702): CodeIgniter\Router\Router->handle('barcode')
#2 C:\xampp\htdocs\siakad\system\CodeIgniter.php(358): CodeIgniter\CodeIgniter->tryToRouteIt(Object(CodeIgniter\Router\RouteCollection))
#3 C:\xampp\htdocs\siakad\system\CodeIgniter.php(317): CodeIgniter\CodeIgniter->handleRequest(NULL, Object(Config\Cache), false)
#4 C:\xampp\htdocs\siakad\public\index.php(37): CodeIgniter\CodeIgniter->run()
#5 C:\xampp\htdocs\siakad\system\Commands\Server\rewrite.php(43): require_once('C:\\xampp\\htdocs...')
#6 {main}
CRITICAL - 2024-04-04 00:08:16 --> syntax error, unexpected 'public' (T_PUBLIC)
#0 C:\xampp\htdocs\siakad\system\Router\Router.php(160): CodeIgniter\Router\Router->autoRoute('barcode')
#1 C:\xampp\htdocs\siakad\system\CodeIgniter.php(702): CodeIgniter\Router\Router->handle('barcode')
#2 C:\xampp\htdocs\siakad\system\CodeIgniter.php(358): CodeIgniter\CodeIgniter->tryToRouteIt(Object(CodeIgniter\Router\RouteCollection))
#3 C:\xampp\htdocs\siakad\system\CodeIgniter.php(317): CodeIgniter\CodeIgniter->handleRequest(NULL, Object(Config\Cache), false)
#4 C:\xampp\htdocs\siakad\public\index.php(37): CodeIgniter\CodeIgniter->run()
#5 C:\xampp\htdocs\siakad\system\Commands\Server\rewrite.php(43): require_once('C:\\xampp\\htdocs...')
#6 {main}
CRITICAL - 2024-04-04 08:45:44 --> Invalid file: admin/barcode/index.php
#0 C:\xampp\htdocs\siakad\system\View\View.php(198): CodeIgniter\Exceptions\FrameworkException::forInvalidFile('admin/barcode/i...')
#1 C:\xampp\htdocs\siakad\system\Common.php(1092): CodeIgniter\View\View->render('admin/barcode/i...', Array, true)
#2 C:\xampp\htdocs\siakad\app\Controllers\Absen.php(32): view('admin/barcode/i...', Array)
#3 C:\xampp\htdocs\siakad\system\CodeIgniter.php(802): App\Controllers\Absen->index()
#4 C:\xampp\htdocs\siakad\system\CodeIgniter.php(399): CodeIgniter\CodeIgniter->runController(Object(App\Controllers\Absen))
#5 C:\xampp\htdocs\siakad\system\CodeIgniter.php(317): CodeIgniter\CodeIgniter->handleRequest(NULL, Object(Config\Cache), false)
#6 C:\xampp\htdocs\siakad\public\index.php(37): CodeIgniter\CodeIgniter->run()
#7 C:\xampp\htdocs\siakad\system\Commands\Server\rewrite.php(43): require_once('C:\\xampp\\htdocs...')
#8 {main}
