ERROR - 2025-04-10 07:53:43 --> Table 'db_sekolah.tbl_terima' doesn't exist
CRITICAL - 2025-04-10 07:53:43 --> Table 'db_sekolah.tbl_terima' doesn't exist
#0 E:\APLIKASI\koding\siakad\system\Database\MySQLi\Connection.php(280): mysqli->query('SELECT *\nFROM `...')
#1 E:\APLIKASI\koding\siakad\system\Database\BaseConnection.php(663): CodeIgniter\Database\MySQLi\Connection->execute('SELECT *\nFROM `...')
#2 E:\APLIKASI\koding\siakad\system\Database\BaseConnection.php(591): CodeIgniter\Database\BaseConnection->simpleQuery('SELECT *\nFROM `...')
#3 E:\APLIKASI\koding\siakad\system\Database\BaseBuilder.php(1428): CodeIgniter\Database\BaseConnection->query('SELECT *\nFROM `...', Array, false)
#4 E:\APLIKASI\koding\siakad\app\Models\ModelSurat.php(60): CodeIgniter\Database\BaseBuilder->get()
#5 E:\APLIKASI\koding\siakad\app\Controllers\Surat.php(54): App\Models\ModelSurat->terima()
#6 E:\APLIKASI\koding\siakad\system\CodeIgniter.php(802): App\Controllers\Surat->terima()
#7 E:\APLIKASI\koding\siakad\system\CodeIgniter.php(399): CodeIgniter\CodeIgniter->runController(Object(App\Controllers\Surat))
#8 E:\APLIKASI\koding\siakad\system\CodeIgniter.php(317): CodeIgniter\CodeIgniter->handleRequest(NULL, Object(Config\Cache), false)
#9 E:\APLIKASI\koding\siakad\public\index.php(37): CodeIgniter\CodeIgniter->run()
#10 E:\APLIKASI\koding\siakad\system\Commands\Server\rewrite.php(43): require_once('E:\\APLIKASI\\kod...')
#11 {main}
ERROR - 2025-04-10 07:57:24 --> Unknown column 'sekolah' in 'field list'
CRITICAL - 2025-04-10 07:57:24 --> Unknown column 'sekolah' in 'field list'
#0 E:\APLIKASI\koding\siakad\system\Database\MySQLi\Connection.php(280): mysqli->query('INSERT INTO `tb...')
#1 E:\APLIKASI\koding\siakad\system\Database\BaseConnection.php(663): CodeIgniter\Database\MySQLi\Connection->execute('INSERT INTO `tb...')
#2 E:\APLIKASI\koding\siakad\system\Database\BaseConnection.php(591): CodeIgniter\Database\BaseConnection->simpleQuery('INSERT INTO `tb...')
#3 E:\APLIKASI\koding\siakad\system\Database\BaseBuilder.php(1733): CodeIgniter\Database\BaseConnection->query('INSERT INTO `tb...', Array, false)
#4 E:\APLIKASI\koding\siakad\app\Models\ModelSiswa.php(167): CodeIgniter\Database\BaseBuilder->insert(Array)
#5 E:\APLIKASI\koding\siakad\app\Controllers\Siswa.php(1036): App\Models\ModelSiswa->insertpengajuan(Array)
#6 E:\APLIKASI\koding\siakad\system\CodeIgniter.php(802): App\Controllers\Siswa->mutasi('702')
#7 E:\APLIKASI\koding\siakad\system\CodeIgniter.php(399): CodeIgniter\CodeIgniter->runController(Object(App\Controllers\Siswa))
#8 E:\APLIKASI\koding\siakad\system\CodeIgniter.php(317): CodeIgniter\CodeIgniter->handleRequest(NULL, Object(Config\Cache), false)
#9 E:\APLIKASI\koding\siakad\public\index.php(37): CodeIgniter\CodeIgniter->run()
#10 E:\APLIKASI\koding\siakad\system\Commands\Server\rewrite.php(43): require_once('E:\\APLIKASI\\kod...')
#11 {main}
CRITICAL - 2025-04-10 08:01:06 --> Undefined index: id_mutasi
#0 E:\APLIKASI\koding\siakad\app\Views\admin\surat\mutasi.php(41): CodeIgniter\Debug\Exceptions->errorHandler(8, 'Undefined index...', 'E:\\APLIKASI\\kod...', 41, Array)
#1 E:\APLIKASI\koding\siakad\system\View\View.php(214): include('E:\\APLIKASI\\kod...')
#2 E:\APLIKASI\koding\siakad\system\View\View.php(217): CodeIgniter\View\View->CodeIgniter\View\{closure}()
#3 E:\APLIKASI\koding\siakad\system\Common.php(1092): CodeIgniter\View\View->render('admin/surat/mut...', Array, true)
#4 E:\APLIKASI\koding\siakad\app\Controllers\Surat.php(44): view('admin/surat/mut...', Array)
#5 E:\APLIKASI\koding\siakad\system\CodeIgniter.php(802): App\Controllers\Surat->mutasi()
#6 E:\APLIKASI\koding\siakad\system\CodeIgniter.php(399): CodeIgniter\CodeIgniter->runController(Object(App\Controllers\Surat))
#7 E:\APLIKASI\koding\siakad\system\CodeIgniter.php(317): CodeIgniter\CodeIgniter->handleRequest(NULL, Object(Config\Cache), false)
#8 E:\APLIKASI\koding\siakad\public\index.php(37): CodeIgniter\CodeIgniter->run()
#9 E:\APLIKASI\koding\siakad\system\Commands\Server\rewrite.php(43): require_once('E:\\APLIKASI\\kod...')
#10 {main}
CRITICAL - 2025-04-10 08:01:59 --> Undefined variable: siswa
#0 E:\APLIKASI\koding\siakad\app\Views\admin\surat\mutasi.php(35): CodeIgniter\Debug\Exceptions->errorHandler(8, 'Undefined varia...', 'E:\\APLIKASI\\kod...', 35, Array)
#1 E:\APLIKASI\koding\siakad\system\View\View.php(214): include('E:\\APLIKASI\\kod...')
#2 E:\APLIKASI\koding\siakad\system\View\View.php(217): CodeIgniter\View\View->CodeIgniter\View\{closure}()
#3 E:\APLIKASI\koding\siakad\system\Common.php(1092): CodeIgniter\View\View->render('admin/surat/mut...', Array, true)
#4 E:\APLIKASI\koding\siakad\app\Controllers\Surat.php(44): view('admin/surat/mut...', Array)
#5 E:\APLIKASI\koding\siakad\system\CodeIgniter.php(802): App\Controllers\Surat->mutasi()
#6 E:\APLIKASI\koding\siakad\system\CodeIgniter.php(399): CodeIgniter\CodeIgniter->runController(Object(App\Controllers\Surat))
#7 E:\APLIKASI\koding\siakad\system\CodeIgniter.php(317): CodeIgniter\CodeIgniter->handleRequest(NULL, Object(Config\Cache), false)
#8 E:\APLIKASI\koding\siakad\public\index.php(37): CodeIgniter\CodeIgniter->run()
#9 E:\APLIKASI\koding\siakad\system\Commands\Server\rewrite.php(43): require_once('E:\\APLIKASI\\kod...')
#10 {main}
ERROR - 2025-04-10 08:12:45 --> Unknown column 'tbl_database.id_ta' in 'on clause'
CRITICAL - 2025-04-10 08:12:45 --> Unknown column 'tbl_database.id_ta' in 'on clause'
#0 E:\APLIKASI\koding\siakad\system\Database\MySQLi\Connection.php(280): mysqli->query('SELECT *\nFROM `...')
#1 E:\APLIKASI\koding\siakad\system\Database\BaseConnection.php(663): CodeIgniter\Database\MySQLi\Connection->execute('SELECT *\nFROM `...')
#2 E:\APLIKASI\koding\siakad\system\Database\BaseConnection.php(591): CodeIgniter\Database\BaseConnection->simpleQuery('SELECT *\nFROM `...')
#3 E:\APLIKASI\koding\siakad\system\Database\BaseBuilder.php(1428): CodeIgniter\Database\BaseConnection->query('SELECT *\nFROM `...', Array, false)
#4 E:\APLIKASI\koding\siakad\app\Models\ModelSurat.php(16): CodeIgniter\Database\BaseBuilder->get()
#5 E:\APLIKASI\koding\siakad\app\Controllers\Surat.php(40): App\Models\ModelSurat->AllData()
#6 E:\APLIKASI\koding\siakad\system\CodeIgniter.php(802): App\Controllers\Surat->mutasi()
#7 E:\APLIKASI\koding\siakad\system\CodeIgniter.php(399): CodeIgniter\CodeIgniter->runController(Object(App\Controllers\Surat))
#8 E:\APLIKASI\koding\siakad\system\CodeIgniter.php(317): CodeIgniter\CodeIgniter->handleRequest(NULL, Object(Config\Cache), false)
#9 E:\APLIKASI\koding\siakad\public\index.php(37): CodeIgniter\CodeIgniter->run()
#10 E:\APLIKASI\koding\siakad\system\Commands\Server\rewrite.php(43): require_once('E:\\APLIKASI\\kod...')
#11 {main}
CRITICAL - 2025-04-10 08:13:46 --> Trying to access array offset on value of type null
#0 E:\APLIKASI\koding\siakad\app\Views\admin\surat\permohonan.php(108): CodeIgniter\Debug\Exceptions->errorHandler(8, 'Trying to acces...', 'E:\\APLIKASI\\kod...', 108, Array)
#1 E:\APLIKASI\koding\siakad\system\View\View.php(214): include('E:\\APLIKASI\\kod...')
#2 E:\APLIKASI\koding\siakad\system\View\View.php(217): CodeIgniter\View\View->CodeIgniter\View\{closure}()
#3 E:\APLIKASI\koding\siakad\system\Common.php(1092): CodeIgniter\View\View->render('admin/surat/per...', Array, true)
#4 E:\APLIKASI\koding\siakad\app\Controllers\Surat.php(158): view('admin/surat/per...', Array)
#5 E:\APLIKASI\koding\siakad\system\CodeIgniter.php(802): App\Controllers\Surat->printmohon('687')
#6 E:\APLIKASI\koding\siakad\system\CodeIgniter.php(399): CodeIgniter\CodeIgniter->runController(Object(App\Controllers\Surat))
#7 E:\APLIKASI\koding\siakad\system\CodeIgniter.php(317): CodeIgniter\CodeIgniter->handleRequest(NULL, Object(Config\Cache), false)
#8 E:\APLIKASI\koding\siakad\public\index.php(37): CodeIgniter\CodeIgniter->run()
#9 E:\APLIKASI\koding\siakad\system\Commands\Server\rewrite.php(43): require_once('E:\\APLIKASI\\kod...')
#10 {main}
ERROR - 2025-04-10 08:15:25 --> Unknown column 'tbl_database.id_kelas' in 'on clause'
CRITICAL - 2025-04-10 08:15:25 --> Unknown column 'tbl_database.id_kelas' in 'on clause'
#0 E:\APLIKASI\koding\siakad\system\Database\MySQLi\Connection.php(280): mysqli->query('SELECT *\nFROM `...')
#1 E:\APLIKASI\koding\siakad\system\Database\BaseConnection.php(663): CodeIgniter\Database\MySQLi\Connection->execute('SELECT *\nFROM `...')
#2 E:\APLIKASI\koding\siakad\system\Database\BaseConnection.php(591): CodeIgniter\Database\BaseConnection->simpleQuery('SELECT *\nFROM `...')
#3 E:\APLIKASI\koding\siakad\system\Database\BaseBuilder.php(1428): CodeIgniter\Database\BaseConnection->query('SELECT *\nFROM `...', Array, false)
#4 E:\APLIKASI\koding\siakad\app\Models\ModelSurat.php(18): CodeIgniter\Database\BaseBuilder->get()
#5 E:\APLIKASI\koding\siakad\app\Controllers\Surat.php(40): App\Models\ModelSurat->AllData()
#6 E:\APLIKASI\koding\siakad\system\CodeIgniter.php(802): App\Controllers\Surat->mutasi()
#7 E:\APLIKASI\koding\siakad\system\CodeIgniter.php(399): CodeIgniter\CodeIgniter->runController(Object(App\Controllers\Surat))
#8 E:\APLIKASI\koding\siakad\system\CodeIgniter.php(317): CodeIgniter\CodeIgniter->handleRequest(NULL, Object(Config\Cache), false)
#9 E:\APLIKASI\koding\siakad\public\index.php(37): CodeIgniter\CodeIgniter->run()
#10 E:\APLIKASI\koding\siakad\system\Commands\Server\rewrite.php(43): require_once('E:\\APLIKASI\\kod...')
#11 {main}
CRITICAL - 2025-04-10 08:16:09 --> Trying to access array offset on value of type null
#0 E:\APLIKASI\koding\siakad\app\Views\admin\surat\permohonan.php(108): CodeIgniter\Debug\Exceptions->errorHandler(8, 'Trying to acces...', 'E:\\APLIKASI\\kod...', 108, Array)
#1 E:\APLIKASI\koding\siakad\system\View\View.php(214): include('E:\\APLIKASI\\kod...')
#2 E:\APLIKASI\koding\siakad\system\View\View.php(217): CodeIgniter\View\View->CodeIgniter\View\{closure}()
#3 E:\APLIKASI\koding\siakad\system\Common.php(1092): CodeIgniter\View\View->render('admin/surat/per...', Array, true)
#4 E:\APLIKASI\koding\siakad\app\Controllers\Surat.php(158): view('admin/surat/per...', Array)
#5 E:\APLIKASI\koding\siakad\system\CodeIgniter.php(802): App\Controllers\Surat->printmohon('687')
#6 E:\APLIKASI\koding\siakad\system\CodeIgniter.php(399): CodeIgniter\CodeIgniter->runController(Object(App\Controllers\Surat))
#7 E:\APLIKASI\koding\siakad\system\CodeIgniter.php(317): CodeIgniter\CodeIgniter->handleRequest(NULL, Object(Config\Cache), false)
#8 E:\APLIKASI\koding\siakad\public\index.php(37): CodeIgniter\CodeIgniter->run()
#9 E:\APLIKASI\koding\siakad\system\Commands\Server\rewrite.php(43): require_once('E:\\APLIKASI\\kod...')
#10 {main}
ERROR - 2025-04-10 08:16:17 --> Unknown column 'tbl_database.id_kelas' in 'on clause'
CRITICAL - 2025-04-10 08:16:17 --> Unknown column 'tbl_database.id_kelas' in 'on clause'
#0 E:\APLIKASI\koding\siakad\system\Database\MySQLi\Connection.php(280): mysqli->query('SELECT *\nFROM `...')
#1 E:\APLIKASI\koding\siakad\system\Database\BaseConnection.php(663): CodeIgniter\Database\MySQLi\Connection->execute('SELECT *\nFROM `...')
#2 E:\APLIKASI\koding\siakad\system\Database\BaseConnection.php(591): CodeIgniter\Database\BaseConnection->simpleQuery('SELECT *\nFROM `...')
#3 E:\APLIKASI\koding\siakad\system\Database\BaseBuilder.php(1428): CodeIgniter\Database\BaseConnection->query('SELECT *\nFROM `...', Array, false)
#4 E:\APLIKASI\koding\siakad\app\Models\ModelSurat.php(18): CodeIgniter\Database\BaseBuilder->get()
#5 E:\APLIKASI\koding\siakad\app\Controllers\Surat.php(40): App\Models\ModelSurat->AllData()
#6 E:\APLIKASI\koding\siakad\system\CodeIgniter.php(802): App\Controllers\Surat->mutasi()
#7 E:\APLIKASI\koding\siakad\system\CodeIgniter.php(399): CodeIgniter\CodeIgniter->runController(Object(App\Controllers\Surat))
#8 E:\APLIKASI\koding\siakad\system\CodeIgniter.php(317): CodeIgniter\CodeIgniter->handleRequest(NULL, Object(Config\Cache), false)
#9 E:\APLIKASI\koding\siakad\public\index.php(37): CodeIgniter\CodeIgniter->run()
#10 E:\APLIKASI\koding\siakad\system\Commands\Server\rewrite.php(43): require_once('E:\\APLIKASI\\kod...')
#11 {main}
CRITICAL - 2025-04-10 08:16:38 --> Undefined index: kelas
#0 E:\APLIKASI\koding\siakad\app\Views\admin\surat\mutasi.php(40): CodeIgniter\Debug\Exceptions->errorHandler(8, 'Undefined index...', 'E:\\APLIKASI\\kod...', 40, Array)
#1 E:\APLIKASI\koding\siakad\system\View\View.php(214): include('E:\\APLIKASI\\kod...')
#2 E:\APLIKASI\koding\siakad\system\View\View.php(217): CodeIgniter\View\View->CodeIgniter\View\{closure}()
#3 E:\APLIKASI\koding\siakad\system\Common.php(1092): CodeIgniter\View\View->render('admin/surat/mut...', Array, true)
#4 E:\APLIKASI\koding\siakad\app\Controllers\Surat.php(44): view('admin/surat/mut...', Array)
#5 E:\APLIKASI\koding\siakad\system\CodeIgniter.php(802): App\Controllers\Surat->mutasi()
#6 E:\APLIKASI\koding\siakad\system\CodeIgniter.php(399): CodeIgniter\CodeIgniter->runController(Object(App\Controllers\Surat))
#7 E:\APLIKASI\koding\siakad\system\CodeIgniter.php(317): CodeIgniter\CodeIgniter->handleRequest(NULL, Object(Config\Cache), false)
#8 E:\APLIKASI\koding\siakad\public\index.php(37): CodeIgniter\CodeIgniter->run()
#9 E:\APLIKASI\koding\siakad\system\Commands\Server\rewrite.php(43): require_once('E:\\APLIKASI\\kod...')
#10 {main}
ERROR - 2025-04-10 08:17:28 --> Unknown column 'tbl_tbl_tigkat.id_tingkat' in 'on clause'
CRITICAL - 2025-04-10 08:17:28 --> Unknown column 'tbl_tbl_tigkat.id_tingkat' in 'on clause'
#0 E:\APLIKASI\koding\siakad\system\Database\MySQLi\Connection.php(280): mysqli->query('SELECT *\nFROM `...')
#1 E:\APLIKASI\koding\siakad\system\Database\BaseConnection.php(663): CodeIgniter\Database\MySQLi\Connection->execute('SELECT *\nFROM `...')
#2 E:\APLIKASI\koding\siakad\system\Database\BaseConnection.php(591): CodeIgniter\Database\BaseConnection->simpleQuery('SELECT *\nFROM `...')
#3 E:\APLIKASI\koding\siakad\system\Database\BaseBuilder.php(1428): CodeIgniter\Database\BaseConnection->query('SELECT *\nFROM `...', Array, false)
#4 E:\APLIKASI\koding\siakad\app\Models\ModelSurat.php(18): CodeIgniter\Database\BaseBuilder->get()
#5 E:\APLIKASI\koding\siakad\app\Controllers\Surat.php(40): App\Models\ModelSurat->AllData()
#6 E:\APLIKASI\koding\siakad\system\CodeIgniter.php(802): App\Controllers\Surat->mutasi()
#7 E:\APLIKASI\koding\siakad\system\CodeIgniter.php(399): CodeIgniter\CodeIgniter->runController(Object(App\Controllers\Surat))
#8 E:\APLIKASI\koding\siakad\system\CodeIgniter.php(317): CodeIgniter\CodeIgniter->handleRequest(NULL, Object(Config\Cache), false)
#9 E:\APLIKASI\koding\siakad\public\index.php(37): CodeIgniter\CodeIgniter->run()
#10 E:\APLIKASI\koding\siakad\system\Commands\Server\rewrite.php(43): require_once('E:\\APLIKASI\\kod...')
#11 {main}
ERROR - 2025-04-10 08:17:39 --> Unknown column 'tbl_tbl_tingkat.id_tingkat' in 'on clause'
CRITICAL - 2025-04-10 08:17:39 --> Unknown column 'tbl_tbl_tingkat.id_tingkat' in 'on clause'
#0 E:\APLIKASI\koding\siakad\system\Database\MySQLi\Connection.php(280): mysqli->query('SELECT *\nFROM `...')
#1 E:\APLIKASI\koding\siakad\system\Database\BaseConnection.php(663): CodeIgniter\Database\MySQLi\Connection->execute('SELECT *\nFROM `...')
#2 E:\APLIKASI\koding\siakad\system\Database\BaseConnection.php(591): CodeIgniter\Database\BaseConnection->simpleQuery('SELECT *\nFROM `...')
#3 E:\APLIKASI\koding\siakad\system\Database\BaseBuilder.php(1428): CodeIgniter\Database\BaseConnection->query('SELECT *\nFROM `...', Array, false)
#4 E:\APLIKASI\koding\siakad\app\Models\ModelSurat.php(18): CodeIgniter\Database\BaseBuilder->get()
#5 E:\APLIKASI\koding\siakad\app\Controllers\Surat.php(40): App\Models\ModelSurat->AllData()
#6 E:\APLIKASI\koding\siakad\system\CodeIgniter.php(802): App\Controllers\Surat->mutasi()
#7 E:\APLIKASI\koding\siakad\system\CodeIgniter.php(399): CodeIgniter\CodeIgniter->runController(Object(App\Controllers\Surat))
#8 E:\APLIKASI\koding\siakad\system\CodeIgniter.php(317): CodeIgniter\CodeIgniter->handleRequest(NULL, Object(Config\Cache), false)
#9 E:\APLIKASI\koding\siakad\public\index.php(37): CodeIgniter\CodeIgniter->run()
#10 E:\APLIKASI\koding\siakad\system\Commands\Server\rewrite.php(43): require_once('E:\\APLIKASI\\kod...')
#11 {main}
CRITICAL - 2025-04-10 09:07:09 --> A non well formed numeric value encountered
#0 [internal function]: CodeIgniter\Debug\Exceptions->errorHandler(8, 'A non well form...', 'E:\\APLIKASI\\kod...', 91, Array)
#1 E:\APLIKASI\koding\siakad\app\Views\admin\peserta\v_peserta.php(91): date('d M Y', '18 Desember 200...')
#2 E:\APLIKASI\koding\siakad\system\View\View.php(214): include('E:\\APLIKASI\\kod...')
#3 E:\APLIKASI\koding\siakad\system\View\View.php(217): CodeIgniter\View\View->CodeIgniter\View\{closure}()
#4 E:\APLIKASI\koding\siakad\system\Common.php(1092): CodeIgniter\View\View->render('admin/peserta/v...', Array, true)
#5 E:\APLIKASI\koding\siakad\app\Controllers\Peserta.php(63): view('admin/peserta/v...', Array)
#6 E:\APLIKASI\koding\siakad\system\CodeIgniter.php(802): App\Controllers\Peserta->index()
#7 E:\APLIKASI\koding\siakad\system\CodeIgniter.php(399): CodeIgniter\CodeIgniter->runController(Object(App\Controllers\Peserta))
#8 E:\APLIKASI\koding\siakad\system\CodeIgniter.php(317): CodeIgniter\CodeIgniter->handleRequest(NULL, Object(Config\Cache), false)
#9 E:\APLIKASI\koding\siakad\public\index.php(37): CodeIgniter\CodeIgniter->run()
#10 E:\APLIKASI\koding\siakad\system\Commands\Server\rewrite.php(43): require_once('E:\\APLIKASI\\kod...')
#11 {main}
CRITICAL - 2025-04-10 09:09:21 --> Undefined offset: -1
#0 E:\APLIKASI\koding\siakad\app\Helpers\formatindo_helper.php(15): CodeIgniter\Debug\Exceptions->errorHandler(8, 'Undefined offse...', 'E:\\APLIKASI\\kod...', 15, Array)
#1 E:\APLIKASI\koding\siakad\app\Views\admin\peserta\v_peserta.php(91): formatindo('d M Y', 1229533200)
#2 E:\APLIKASI\koding\siakad\system\View\View.php(214): include('E:\\APLIKASI\\kod...')
#3 E:\APLIKASI\koding\siakad\system\View\View.php(217): CodeIgniter\View\View->CodeIgniter\View\{closure}()
#4 E:\APLIKASI\koding\siakad\system\Common.php(1092): CodeIgniter\View\View->render('admin/peserta/v...', Array, true)
#5 E:\APLIKASI\koding\siakad\app\Controllers\Peserta.php(63): view('admin/peserta/v...', Array)
#6 E:\APLIKASI\koding\siakad\system\CodeIgniter.php(802): App\Controllers\Peserta->index()
#7 E:\APLIKASI\koding\siakad\system\CodeIgniter.php(399): CodeIgniter\CodeIgniter->runController(Object(App\Controllers\Peserta))
#8 E:\APLIKASI\koding\siakad\system\CodeIgniter.php(317): CodeIgniter\CodeIgniter->handleRequest(NULL, Object(Config\Cache), false)
#9 E:\APLIKASI\koding\siakad\public\index.php(37): CodeIgniter\CodeIgniter->run()
#10 E:\APLIKASI\koding\siakad\system\Commands\Server\rewrite.php(43): require_once('E:\\APLIKASI\\kod...')
#11 {main}
CRITICAL - 2025-04-10 09:14:32 --> Undefined offset: -1
#0 E:\APLIKASI\koding\siakad\app\Helpers\formatindo_helper.php(15): CodeIgniter\Debug\Exceptions->errorHandler(8, 'Undefined offse...', 'E:\\APLIKASI\\kod...', 15, Array)
#1 E:\APLIKASI\koding\siakad\app\Views\admin\peserta\v_peserta.php(162): formatindo('10 Apr 2025')
#2 E:\APLIKASI\koding\siakad\system\View\View.php(214): include('E:\\APLIKASI\\kod...')
#3 E:\APLIKASI\koding\siakad\system\View\View.php(217): CodeIgniter\View\View->CodeIgniter\View\{closure}()
#4 E:\APLIKASI\koding\siakad\system\Common.php(1092): CodeIgniter\View\View->render('admin/peserta/v...', Array, true)
#5 E:\APLIKASI\koding\siakad\app\Controllers\Peserta.php(63): view('admin/peserta/v...', Array)
#6 E:\APLIKASI\koding\siakad\system\CodeIgniter.php(802): App\Controllers\Peserta->index()
#7 E:\APLIKASI\koding\siakad\system\CodeIgniter.php(399): CodeIgniter\CodeIgniter->runController(Object(App\Controllers\Peserta))
#8 E:\APLIKASI\koding\siakad\system\CodeIgniter.php(317): CodeIgniter\CodeIgniter->handleRequest(NULL, Object(Config\Cache), false)
#9 E:\APLIKASI\koding\siakad\public\index.php(37): CodeIgniter\CodeIgniter->run()
#10 E:\APLIKASI\koding\siakad\system\Commands\Server\rewrite.php(43): require_once('E:\\APLIKASI\\kod...')
#11 {main}
ERROR - 2025-04-10 09:19:37 --> Table 'db_sekolah.tbl_terima' doesn't exist
CRITICAL - 2025-04-10 09:19:37 --> Table 'db_sekolah.tbl_terima' doesn't exist
#0 E:\APLIKASI\koding\siakad\system\Database\MySQLi\Connection.php(280): mysqli->query('SELECT *\nFROM `...')
#1 E:\APLIKASI\koding\siakad\system\Database\BaseConnection.php(663): CodeIgniter\Database\MySQLi\Connection->execute('SELECT *\nFROM `...')
#2 E:\APLIKASI\koding\siakad\system\Database\BaseConnection.php(591): CodeIgniter\Database\BaseConnection->simpleQuery('SELECT *\nFROM `...')
#3 E:\APLIKASI\koding\siakad\system\Database\BaseBuilder.php(1428): CodeIgniter\Database\BaseConnection->query('SELECT *\nFROM `...', Array, false)
#4 E:\APLIKASI\koding\siakad\app\Models\ModelSurat.php(59): CodeIgniter\Database\BaseBuilder->get()
#5 E:\APLIKASI\koding\siakad\app\Controllers\Surat.php(54): App\Models\ModelSurat->terima()
#6 E:\APLIKASI\koding\siakad\system\CodeIgniter.php(802): App\Controllers\Surat->terima()
#7 E:\APLIKASI\koding\siakad\system\CodeIgniter.php(399): CodeIgniter\CodeIgniter->runController(Object(App\Controllers\Surat))
#8 E:\APLIKASI\koding\siakad\system\CodeIgniter.php(317): CodeIgniter\CodeIgniter->handleRequest(NULL, Object(Config\Cache), false)
#9 E:\APLIKASI\koding\siakad\public\index.php(37): CodeIgniter\CodeIgniter->run()
#10 E:\APLIKASI\koding\siakad\system\Commands\Server\rewrite.php(43): require_once('E:\\APLIKASI\\kod...')
#11 {main}
CRITICAL - 2025-04-10 09:24:14 --> Trying to access array offset on value of type null
#0 E:\APLIKASI\koding\siakad\app\Views\admin\surat\permohonan.php(108): CodeIgniter\Debug\Exceptions->errorHandler(8, 'Trying to acces...', 'E:\\APLIKASI\\kod...', 108, Array)
#1 E:\APLIKASI\koding\siakad\system\View\View.php(214): include('E:\\APLIKASI\\kod...')
#2 E:\APLIKASI\koding\siakad\system\View\View.php(217): CodeIgniter\View\View->CodeIgniter\View\{closure}()
#3 E:\APLIKASI\koding\siakad\system\Common.php(1092): CodeIgniter\View\View->render('admin/surat/per...', Array, true)
#4 E:\APLIKASI\koding\siakad\app\Controllers\Surat.php(158): view('admin/surat/per...', Array)
#5 E:\APLIKASI\koding\siakad\system\CodeIgniter.php(802): App\Controllers\Surat->printmohon('699')
#6 E:\APLIKASI\koding\siakad\system\CodeIgniter.php(399): CodeIgniter\CodeIgniter->runController(Object(App\Controllers\Surat))
#7 E:\APLIKASI\koding\siakad\system\CodeIgniter.php(317): CodeIgniter\CodeIgniter->handleRequest(NULL, Object(Config\Cache), false)
#8 E:\APLIKASI\koding\siakad\public\index.php(37): CodeIgniter\CodeIgniter->run()
#9 E:\APLIKASI\koding\siakad\system\Commands\Server\rewrite.php(43): require_once('E:\\APLIKASI\\kod...')
#10 {main}
CRITICAL - 2025-04-10 10:34:41 --> Undefined index: kelas
#0 E:\APLIKASI\koding\siakad\app\Views\admin\surat\permohonan.php(143): CodeIgniter\Debug\Exceptions->errorHandler(8, 'Undefined index...', 'E:\\APLIKASI\\kod...', 143, Array)
#1 E:\APLIKASI\koding\siakad\system\View\View.php(214): include('E:\\APLIKASI\\kod...')
#2 E:\APLIKASI\koding\siakad\system\View\View.php(217): CodeIgniter\View\View->CodeIgniter\View\{closure}()
#3 E:\APLIKASI\koding\siakad\system\Common.php(1092): CodeIgniter\View\View->render('admin/surat/per...', Array, true)
#4 E:\APLIKASI\koding\siakad\app\Controllers\Surat.php(158): view('admin/surat/per...', Array)
#5 E:\APLIKASI\koding\siakad\system\CodeIgniter.php(802): App\Controllers\Surat->printmohon('3104435864')
#6 E:\APLIKASI\koding\siakad\system\CodeIgniter.php(399): CodeIgniter\CodeIgniter->runController(Object(App\Controllers\Surat))
#7 E:\APLIKASI\koding\siakad\system\CodeIgniter.php(317): CodeIgniter\CodeIgniter->handleRequest(NULL, Object(Config\Cache), false)
#8 E:\APLIKASI\koding\siakad\public\index.php(37): CodeIgniter\CodeIgniter->run()
#9 E:\APLIKASI\koding\siakad\system\Commands\Server\rewrite.php(43): require_once('E:\\APLIKASI\\kod...')
#10 {main}
CRITICAL - 2025-04-10 10:35:20 --> Undefined index: kelas
#0 E:\APLIKASI\koding\siakad\app\Views\admin\surat\permohonan.php(143): CodeIgniter\Debug\Exceptions->errorHandler(8, 'Undefined index...', 'E:\\APLIKASI\\kod...', 143, Array)
#1 E:\APLIKASI\koding\siakad\system\View\View.php(214): include('E:\\APLIKASI\\kod...')
#2 E:\APLIKASI\koding\siakad\system\View\View.php(217): CodeIgniter\View\View->CodeIgniter\View\{closure}()
#3 E:\APLIKASI\koding\siakad\system\Common.php(1092): CodeIgniter\View\View->render('admin/surat/per...', Array, true)
#4 E:\APLIKASI\koding\siakad\app\Controllers\Surat.php(158): view('admin/surat/per...', Array)
#5 E:\APLIKASI\koding\siakad\system\CodeIgniter.php(802): App\Controllers\Surat->printmohon('3104435864')
#6 E:\APLIKASI\koding\siakad\system\CodeIgniter.php(399): CodeIgniter\CodeIgniter->runController(Object(App\Controllers\Surat))
#7 E:\APLIKASI\koding\siakad\system\CodeIgniter.php(317): CodeIgniter\CodeIgniter->handleRequest(NULL, Object(Config\Cache), false)
#8 E:\APLIKASI\koding\siakad\public\index.php(37): CodeIgniter\CodeIgniter->run()
#9 E:\APLIKASI\koding\siakad\system\Commands\Server\rewrite.php(43): require_once('E:\\APLIKASI\\kod...')
#10 {main}
CRITICAL - 2025-04-10 10:36:21 --> Undefined index: no_surat
#0 E:\APLIKASI\koding\siakad\app\Views\admin\surat\surat_pindah.php(187): CodeIgniter\Debug\Exceptions->errorHandler(8, 'Undefined index...', 'E:\\APLIKASI\\kod...', 187, Array)
#1 E:\APLIKASI\koding\siakad\system\View\View.php(214): include('E:\\APLIKASI\\kod...')
#2 E:\APLIKASI\koding\siakad\system\View\View.php(217): CodeIgniter\View\View->CodeIgniter\View\{closure}()
#3 E:\APLIKASI\koding\siakad\system\Common.php(1092): CodeIgniter\View\View->render('admin/surat/sur...', Array, true)
#4 E:\APLIKASI\koding\siakad\app\Controllers\Surat.php(158): view('admin/surat/sur...', Array)
#5 E:\APLIKASI\koding\siakad\system\CodeIgniter.php(802): App\Controllers\Surat->printmohon('3104435864')
#6 E:\APLIKASI\koding\siakad\system\CodeIgniter.php(399): CodeIgniter\CodeIgniter->runController(Object(App\Controllers\Surat))
#7 E:\APLIKASI\koding\siakad\system\CodeIgniter.php(317): CodeIgniter\CodeIgniter->handleRequest(NULL, Object(Config\Cache), false)
#8 E:\APLIKASI\koding\siakad\public\index.php(37): CodeIgniter\CodeIgniter->run()
#9 E:\APLIKASI\koding\siakad\system\Commands\Server\rewrite.php(43): require_once('E:\\APLIKASI\\kod...')
#10 {main}
CRITICAL - 2025-04-10 10:38:45 --> Undefined offset: -1
#0 E:\APLIKASI\koding\siakad\app\Helpers\formatindo_helper.php(15): CodeIgniter\Debug\Exceptions->errorHandler(8, 'Undefined offse...', 'E:\\APLIKASI\\kod...', 15, Array)
#1 E:\APLIKASI\koding\siakad\app\Views\admin\surat\surat_pindah.php(229): formatindo('')
#2 E:\APLIKASI\koding\siakad\system\View\View.php(214): include('E:\\APLIKASI\\kod...')
#3 E:\APLIKASI\koding\siakad\system\View\View.php(217): CodeIgniter\View\View->CodeIgniter\View\{closure}()
#4 E:\APLIKASI\koding\siakad\system\Common.php(1092): CodeIgniter\View\View->render('admin/surat/sur...', Array, true)
#5 E:\APLIKASI\koding\siakad\app\Controllers\Surat.php(158): view('admin/surat/sur...', Array)
#6 E:\APLIKASI\koding\siakad\system\CodeIgniter.php(802): App\Controllers\Surat->printmohon('3104435864')
#7 E:\APLIKASI\koding\siakad\system\CodeIgniter.php(399): CodeIgniter\CodeIgniter->runController(Object(App\Controllers\Surat))
#8 E:\APLIKASI\koding\siakad\system\CodeIgniter.php(317): CodeIgniter\CodeIgniter->handleRequest(NULL, Object(Config\Cache), false)
#9 E:\APLIKASI\koding\siakad\public\index.php(37): CodeIgniter\CodeIgniter->run()
#10 E:\APLIKASI\koding\siakad\system\Commands\Server\rewrite.php(43): require_once('E:\\APLIKASI\\kod...')
#11 {main}
CRITICAL - 2025-04-10 10:38:46 --> Undefined offset: -1
#0 E:\APLIKASI\koding\siakad\app\Helpers\formatindo_helper.php(15): CodeIgniter\Debug\Exceptions->errorHandler(8, 'Undefined offse...', 'E:\\APLIKASI\\kod...', 15, Array)
#1 E:\APLIKASI\koding\siakad\app\Views\admin\surat\surat_pindah.php(229): formatindo('')
#2 E:\APLIKASI\koding\siakad\system\View\View.php(214): include('E:\\APLIKASI\\kod...')
#3 E:\APLIKASI\koding\siakad\system\View\View.php(217): CodeIgniter\View\View->CodeIgniter\View\{closure}()
#4 E:\APLIKASI\koding\siakad\system\Common.php(1092): CodeIgniter\View\View->render('admin/surat/sur...', Array, true)
#5 E:\APLIKASI\koding\siakad\app\Controllers\Surat.php(158): view('admin/surat/sur...', Array)
#6 E:\APLIKASI\koding\siakad\system\CodeIgniter.php(802): App\Controllers\Surat->printmohon('3104435864')
#7 E:\APLIKASI\koding\siakad\system\CodeIgniter.php(399): CodeIgniter\CodeIgniter->runController(Object(App\Controllers\Surat))
#8 E:\APLIKASI\koding\siakad\system\CodeIgniter.php(317): CodeIgniter\CodeIgniter->handleRequest(NULL, Object(Config\Cache), false)
#9 E:\APLIKASI\koding\siakad\public\index.php(37): CodeIgniter\CodeIgniter->run()
#10 E:\APLIKASI\koding\siakad\system\Commands\Server\rewrite.php(43): require_once('E:\\APLIKASI\\kod...')
#11 {main}
CRITICAL - 2025-04-10 10:40:00 --> Undefined offset: -1
#0 E:\APLIKASI\koding\siakad\app\Helpers\formatindo_helper.php(15): CodeIgniter\Debug\Exceptions->errorHandler(8, 'Undefined offse...', 'E:\\APLIKASI\\kod...', 15, Array)
#1 E:\APLIKASI\koding\siakad\app\Views\admin\surat\surat_pindah.php(229): formatindo('')
#2 E:\APLIKASI\koding\siakad\system\View\View.php(214): include('E:\\APLIKASI\\kod...')
#3 E:\APLIKASI\koding\siakad\system\View\View.php(217): CodeIgniter\View\View->CodeIgniter\View\{closure}()
#4 E:\APLIKASI\koding\siakad\system\Common.php(1092): CodeIgniter\View\View->render('admin/surat/sur...', Array, true)
#5 E:\APLIKASI\koding\siakad\app\Controllers\Surat.php(158): view('admin/surat/sur...', Array)
#6 E:\APLIKASI\koding\siakad\system\CodeIgniter.php(802): App\Controllers\Surat->printmohon('3104435864')
#7 E:\APLIKASI\koding\siakad\system\CodeIgniter.php(399): CodeIgniter\CodeIgniter->runController(Object(App\Controllers\Surat))
#8 E:\APLIKASI\koding\siakad\system\CodeIgniter.php(317): CodeIgniter\CodeIgniter->handleRequest(NULL, Object(Config\Cache), false)
#9 E:\APLIKASI\koding\siakad\public\index.php(37): CodeIgniter\CodeIgniter->run()
#10 E:\APLIKASI\koding\siakad\system\Commands\Server\rewrite.php(43): require_once('E:\\APLIKASI\\kod...')
#11 {main}
CRITICAL - 2025-04-10 10:41:19 --> Undefined offset: -1
#0 E:\APLIKASI\koding\siakad\app\Helpers\formatindo_helper.php(15): CodeIgniter\Debug\Exceptions->errorHandler(8, 'Undefined offse...', 'E:\\APLIKASI\\kod...', 15, Array)
#1 E:\APLIKASI\koding\siakad\app\Views\admin\surat\surat_pindah.php(229): formatindo('')
#2 E:\APLIKASI\koding\siakad\system\View\View.php(214): include('E:\\APLIKASI\\kod...')
#3 E:\APLIKASI\koding\siakad\system\View\View.php(217): CodeIgniter\View\View->CodeIgniter\View\{closure}()
#4 E:\APLIKASI\koding\siakad\system\Common.php(1092): CodeIgniter\View\View->render('admin/surat/sur...', Array, true)
#5 E:\APLIKASI\koding\siakad\app\Controllers\Surat.php(158): view('admin/surat/sur...', Array)
#6 E:\APLIKASI\koding\siakad\system\CodeIgniter.php(802): App\Controllers\Surat->printmohon('3104435864')
#7 E:\APLIKASI\koding\siakad\system\CodeIgniter.php(399): CodeIgniter\CodeIgniter->runController(Object(App\Controllers\Surat))
#8 E:\APLIKASI\koding\siakad\system\CodeIgniter.php(317): CodeIgniter\CodeIgniter->handleRequest(NULL, Object(Config\Cache), false)
#9 E:\APLIKASI\koding\siakad\public\index.php(37): CodeIgniter\CodeIgniter->run()
#10 E:\APLIKASI\koding\siakad\system\Commands\Server\rewrite.php(43): require_once('E:\\APLIKASI\\kod...')
#11 {main}
CRITICAL - 2025-04-10 10:41:31 --> Undefined offset: -1
#0 E:\APLIKASI\koding\siakad\app\Helpers\formatindo_helper.php(15): CodeIgniter\Debug\Exceptions->errorHandler(8, 'Undefined offse...', 'E:\\APLIKASI\\kod...', 15, Array)
#1 E:\APLIKASI\koding\siakad\app\Views\admin\surat\surat_pindah.php(229): formatindo('')
#2 E:\APLIKASI\koding\siakad\system\View\View.php(214): include('E:\\APLIKASI\\kod...')
#3 E:\APLIKASI\koding\siakad\system\View\View.php(217): CodeIgniter\View\View->CodeIgniter\View\{closure}()
#4 E:\APLIKASI\koding\siakad\system\Common.php(1092): CodeIgniter\View\View->render('admin/surat/sur...', Array, true)
#5 E:\APLIKASI\koding\siakad\app\Controllers\Surat.php(158): view('admin/surat/sur...', Array)
#6 E:\APLIKASI\koding\siakad\system\CodeIgniter.php(802): App\Controllers\Surat->printmohon('3104435864')
#7 E:\APLIKASI\koding\siakad\system\CodeIgniter.php(399): CodeIgniter\CodeIgniter->runController(Object(App\Controllers\Surat))
#8 E:\APLIKASI\koding\siakad\system\CodeIgniter.php(317): CodeIgniter\CodeIgniter->handleRequest(NULL, Object(Config\Cache), false)
#9 E:\APLIKASI\koding\siakad\public\index.php(37): CodeIgniter\CodeIgniter->run()
#10 E:\APLIKASI\koding\siakad\system\Commands\Server\rewrite.php(43): require_once('E:\\APLIKASI\\kod...')
#11 {main}
CRITICAL - 2025-04-10 11:36:37 --> Undefined offset: -1
#0 E:\APLIKASI\koding\siakad\app\Helpers\formatindo_helper.php(15): CodeIgniter\Debug\Exceptions->errorHandler(8, 'Undefined offse...', 'E:\\APLIKASI\\kod...', 15, Array)
#1 E:\APLIKASI\koding\siakad\app\Views\admin\surat\surat_pindah.php(272): formatindo('10 Apr 2025')
#2 E:\APLIKASI\koding\siakad\system\View\View.php(214): include('E:\\APLIKASI\\kod...')
#3 E:\APLIKASI\koding\siakad\system\View\View.php(217): CodeIgniter\View\View->CodeIgniter\View\{closure}()
#4 E:\APLIKASI\koding\siakad\system\Common.php(1092): CodeIgniter\View\View->render('admin/surat/sur...', Array, true)
#5 E:\APLIKASI\koding\siakad\app\Controllers\Surat.php(158): view('admin/surat/sur...', Array)
#6 E:\APLIKASI\koding\siakad\system\CodeIgniter.php(802): App\Controllers\Surat->printmohon('0112590172')
#7 E:\APLIKASI\koding\siakad\system\CodeIgniter.php(399): CodeIgniter\CodeIgniter->runController(Object(App\Controllers\Surat))
#8 E:\APLIKASI\koding\siakad\system\CodeIgniter.php(317): CodeIgniter\CodeIgniter->handleRequest(NULL, Object(Config\Cache), false)
#9 E:\APLIKASI\koding\siakad\public\index.php(37): CodeIgniter\CodeIgniter->run()
#10 E:\APLIKASI\koding\siakad\system\Commands\Server\rewrite.php(43): require_once('E:\\APLIKASI\\kod...')
#11 {main}
CRITICAL - 2025-04-10 11:36:41 --> Undefined offset: -1
#0 E:\APLIKASI\koding\siakad\app\Helpers\formatindo_helper.php(15): CodeIgniter\Debug\Exceptions->errorHandler(8, 'Undefined offse...', 'E:\\APLIKASI\\kod...', 15, Array)
#1 E:\APLIKASI\koding\siakad\app\Views\admin\surat\surat_pindah.php(272): formatindo('')
#2 E:\APLIKASI\koding\siakad\system\View\View.php(214): include('E:\\APLIKASI\\kod...')
#3 E:\APLIKASI\koding\siakad\system\View\View.php(217): CodeIgniter\View\View->CodeIgniter\View\{closure}()
#4 E:\APLIKASI\koding\siakad\system\Common.php(1092): CodeIgniter\View\View->render('admin/surat/sur...', Array, true)
#5 E:\APLIKASI\koding\siakad\app\Controllers\Surat.php(158): view('admin/surat/sur...', Array)
#6 E:\APLIKASI\koding\siakad\system\CodeIgniter.php(802): App\Controllers\Surat->printmohon('3104435864')
#7 E:\APLIKASI\koding\siakad\system\CodeIgniter.php(399): CodeIgniter\CodeIgniter->runController(Object(App\Controllers\Surat))
#8 E:\APLIKASI\koding\siakad\system\CodeIgniter.php(317): CodeIgniter\CodeIgniter->handleRequest(NULL, Object(Config\Cache), false)
#9 E:\APLIKASI\koding\siakad\public\index.php(37): CodeIgniter\CodeIgniter->run()
#10 E:\APLIKASI\koding\siakad\system\Commands\Server\rewrite.php(43): require_once('E:\\APLIKASI\\kod...')
#11 {main}
CRITICAL - 2025-04-10 11:36:45 --> Undefined offset: -1
#0 E:\APLIKASI\koding\siakad\app\Helpers\formatindo_helper.php(15): CodeIgniter\Debug\Exceptions->errorHandler(8, 'Undefined offse...', 'E:\\APLIKASI\\kod...', 15, Array)
#1 E:\APLIKASI\koding\siakad\app\Views\admin\surat\surat_pindah.php(272): formatindo('')
#2 E:\APLIKASI\koding\siakad\system\View\View.php(214): include('E:\\APLIKASI\\kod...')
#3 E:\APLIKASI\koding\siakad\system\View\View.php(217): CodeIgniter\View\View->CodeIgniter\View\{closure}()
#4 E:\APLIKASI\koding\siakad\system\Common.php(1092): CodeIgniter\View\View->render('admin/surat/sur...', Array, true)
#5 E:\APLIKASI\koding\siakad\app\Controllers\Surat.php(158): view('admin/surat/sur...', Array)
#6 E:\APLIKASI\koding\siakad\system\CodeIgniter.php(802): App\Controllers\Surat->printmohon('3102862969')
#7 E:\APLIKASI\koding\siakad\system\CodeIgniter.php(399): CodeIgniter\CodeIgniter->runController(Object(App\Controllers\Surat))
#8 E:\APLIKASI\koding\siakad\system\CodeIgniter.php(317): CodeIgniter\CodeIgniter->handleRequest(NULL, Object(Config\Cache), false)
#9 E:\APLIKASI\koding\siakad\public\index.php(37): CodeIgniter\CodeIgniter->run()
#10 E:\APLIKASI\koding\siakad\system\Commands\Server\rewrite.php(43): require_once('E:\\APLIKASI\\kod...')
#11 {main}
CRITICAL - 2025-04-10 11:38:19 --> Undefined index: nama_kabupaten
#0 E:\APLIKASI\koding\siakad\app\Views\admin\surat\surat_pindah.php(257): CodeIgniter\Debug\Exceptions->errorHandler(8, 'Undefined index...', 'E:\\APLIKASI\\kod...', 257, Array)
#1 E:\APLIKASI\koding\siakad\system\View\View.php(214): include('E:\\APLIKASI\\kod...')
#2 E:\APLIKASI\koding\siakad\system\View\View.php(217): CodeIgniter\View\View->CodeIgniter\View\{closure}()
#3 E:\APLIKASI\koding\siakad\system\Common.php(1092): CodeIgniter\View\View->render('admin/surat/sur...', Array, true)
#4 E:\APLIKASI\koding\siakad\app\Controllers\Surat.php(158): view('admin/surat/sur...', Array)
#5 E:\APLIKASI\koding\siakad\system\CodeIgniter.php(802): App\Controllers\Surat->printmohon('0106490085')
#6 E:\APLIKASI\koding\siakad\system\CodeIgniter.php(399): CodeIgniter\CodeIgniter->runController(Object(App\Controllers\Surat))
#7 E:\APLIKASI\koding\siakad\system\CodeIgniter.php(317): CodeIgniter\CodeIgniter->handleRequest(NULL, Object(Config\Cache), false)
#8 E:\APLIKASI\koding\siakad\public\index.php(37): CodeIgniter\CodeIgniter->run()
#9 E:\APLIKASI\koding\siakad\system\Commands\Server\rewrite.php(43): require_once('E:\\APLIKASI\\kod...')
#10 {main}
CRITICAL - 2025-04-10 11:38:20 --> Undefined index: nama_kabupaten
#0 E:\APLIKASI\koding\siakad\app\Views\admin\surat\surat_pindah.php(257): CodeIgniter\Debug\Exceptions->errorHandler(8, 'Undefined index...', 'E:\\APLIKASI\\kod...', 257, Array)
#1 E:\APLIKASI\koding\siakad\system\View\View.php(214): include('E:\\APLIKASI\\kod...')
#2 E:\APLIKASI\koding\siakad\system\View\View.php(217): CodeIgniter\View\View->CodeIgniter\View\{closure}()
#3 E:\APLIKASI\koding\siakad\system\Common.php(1092): CodeIgniter\View\View->render('admin/surat/sur...', Array, true)
#4 E:\APLIKASI\koding\siakad\app\Controllers\Surat.php(158): view('admin/surat/sur...', Array)
#5 E:\APLIKASI\koding\siakad\system\CodeIgniter.php(802): App\Controllers\Surat->printmohon('0106490085')
#6 E:\APLIKASI\koding\siakad\system\CodeIgniter.php(399): CodeIgniter\CodeIgniter->runController(Object(App\Controllers\Surat))
#7 E:\APLIKASI\koding\siakad\system\CodeIgniter.php(317): CodeIgniter\CodeIgniter->handleRequest(NULL, Object(Config\Cache), false)
#8 E:\APLIKASI\koding\siakad\public\index.php(37): CodeIgniter\CodeIgniter->run()
#9 E:\APLIKASI\koding\siakad\system\Commands\Server\rewrite.php(43): require_once('E:\\APLIKASI\\kod...')
#10 {main}
CRITICAL - 2025-04-10 11:50:18 --> Call to undefined function terbilang()
#0 E:\APLIKASI\koding\siakad\system\View\View.php(214): include()
#1 E:\APLIKASI\koding\siakad\system\View\View.php(217): CodeIgniter\View\View->CodeIgniter\View\{closure}()
#2 E:\APLIKASI\koding\siakad\system\Common.php(1092): CodeIgniter\View\View->render('admin/surat/sur...', Array, true)
#3 E:\APLIKASI\koding\siakad\app\Controllers\Surat.php(158): view('admin/surat/sur...', Array)
#4 E:\APLIKASI\koding\siakad\system\CodeIgniter.php(802): App\Controllers\Surat->printmohon('0106490085')
#5 E:\APLIKASI\koding\siakad\system\CodeIgniter.php(399): CodeIgniter\CodeIgniter->runController(Object(App\Controllers\Surat))
#6 E:\APLIKASI\koding\siakad\system\CodeIgniter.php(317): CodeIgniter\CodeIgniter->handleRequest(NULL, Object(Config\Cache), false)
#7 E:\APLIKASI\koding\siakad\public\index.php(37): CodeIgniter\CodeIgniter->run()
#8 E:\APLIKASI\koding\siakad\system\Commands\Server\rewrite.php(43): require_once('E:\\APLIKASI\\kod...')
#9 {main}
CRITICAL - 2025-04-10 11:50:19 --> Call to undefined function terbilang()
#0 E:\APLIKASI\koding\siakad\system\View\View.php(214): include()
#1 E:\APLIKASI\koding\siakad\system\View\View.php(217): CodeIgniter\View\View->CodeIgniter\View\{closure}()
#2 E:\APLIKASI\koding\siakad\system\Common.php(1092): CodeIgniter\View\View->render('admin/surat/sur...', Array, true)
#3 E:\APLIKASI\koding\siakad\app\Controllers\Surat.php(158): view('admin/surat/sur...', Array)
#4 E:\APLIKASI\koding\siakad\system\CodeIgniter.php(802): App\Controllers\Surat->printmohon('0106490085')
#5 E:\APLIKASI\koding\siakad\system\CodeIgniter.php(399): CodeIgniter\CodeIgniter->runController(Object(App\Controllers\Surat))
#6 E:\APLIKASI\koding\siakad\system\CodeIgniter.php(317): CodeIgniter\CodeIgniter->handleRequest(NULL, Object(Config\Cache), false)
#7 E:\APLIKASI\koding\siakad\public\index.php(37): CodeIgniter\CodeIgniter->run()
#8 E:\APLIKASI\koding\siakad\system\Commands\Server\rewrite.php(43): require_once('E:\\APLIKASI\\kod...')
#9 {main}
CRITICAL - 2025-04-10 11:50:20 --> Call to undefined function terbilang()
#0 E:\APLIKASI\koding\siakad\system\View\View.php(214): include()
#1 E:\APLIKASI\koding\siakad\system\View\View.php(217): CodeIgniter\View\View->CodeIgniter\View\{closure}()
#2 E:\APLIKASI\koding\siakad\system\Common.php(1092): CodeIgniter\View\View->render('admin/surat/sur...', Array, true)
#3 E:\APLIKASI\koding\siakad\app\Controllers\Surat.php(158): view('admin/surat/sur...', Array)
#4 E:\APLIKASI\koding\siakad\system\CodeIgniter.php(802): App\Controllers\Surat->printmohon('0106490085')
#5 E:\APLIKASI\koding\siakad\system\CodeIgniter.php(399): CodeIgniter\CodeIgniter->runController(Object(App\Controllers\Surat))
#6 E:\APLIKASI\koding\siakad\system\CodeIgniter.php(317): CodeIgniter\CodeIgniter->handleRequest(NULL, Object(Config\Cache), false)
#7 E:\APLIKASI\koding\siakad\public\index.php(37): CodeIgniter\CodeIgniter->run()
#8 E:\APLIKASI\koding\siakad\system\Commands\Server\rewrite.php(43): require_once('E:\\APLIKASI\\kod...')
#9 {main}
CRITICAL - 2025-04-10 14:49:32 --> Undefined offset: -1
#0 E:\APLIKASI\koding\siakad\app\Helpers\formatindo_helper.php(15): CodeIgniter\Debug\Exceptions->errorHandler(8, 'Undefined offse...', 'E:\\APLIKASI\\kod...', 15, Array)
#1 E:\APLIKASI\koding\siakad\app\Views\admin\surat\surat_pindah.php(293): formatindo('')
#2 E:\APLIKASI\koding\siakad\system\View\View.php(214): include('E:\\APLIKASI\\kod...')
#3 E:\APLIKASI\koding\siakad\system\View\View.php(217): CodeIgniter\View\View->CodeIgniter\View\{closure}()
#4 E:\APLIKASI\koding\siakad\system\Common.php(1092): CodeIgniter\View\View->render('admin/surat/sur...', Array, true)
#5 E:\APLIKASI\koding\siakad\app\Controllers\Surat.php(159): view('admin/surat/sur...', Array)
#6 E:\APLIKASI\koding\siakad\system\CodeIgniter.php(802): App\Controllers\Surat->printmohon('3102862969')
#7 E:\APLIKASI\koding\siakad\system\CodeIgniter.php(399): CodeIgniter\CodeIgniter->runController(Object(App\Controllers\Surat))
#8 E:\APLIKASI\koding\siakad\system\CodeIgniter.php(317): CodeIgniter\CodeIgniter->handleRequest(NULL, Object(Config\Cache), false)
#9 E:\APLIKASI\koding\siakad\public\index.php(37): CodeIgniter\CodeIgniter->run()
#10 E:\APLIKASI\koding\siakad\system\Commands\Server\rewrite.php(43): require_once('E:\\APLIKASI\\kod...')
#11 {main}
