CRITICAL - 2025-04-09 08:55:56 --> Undefined index: ijazah
#0 E:\APLIKASI\koding\siakad\app\Views\admin\peserta\v_peserta.php(452): CodeIgniter\Debug\Exceptions->errorHandler(8, 'Undefined index...', 'E:\\APLIKASI\\kod...', 452, Array)
#1 E:\APLIKASI\koding\siakad\system\View\View.php(214): include('E:\\APLIKASI\\kod...')
#2 E:\APLIKASI\koding\siakad\system\View\View.php(217): CodeIgniter\View\View->CodeIgniter\View\{closure}()
#3 E:\APLIKASI\koding\siakad\system\Common.php(1092): CodeIgniter\View\View->render('admin/peserta/v...', Array, true)
#4 E:\APLIKASI\koding\siakad\app\Controllers\Peserta.php(61): view('admin/peserta/v...', Array)
#5 E:\APLIKASI\koding\siakad\system\CodeIgniter.php(802): App\Controllers\Peserta->index()
#6 E:\APLIKASI\koding\siakad\system\CodeIgniter.php(399): CodeIgniter\CodeIgniter->runController(Object(App\Controllers\Peserta))
#7 E:\APLIKASI\koding\siakad\system\CodeIgniter.php(317): CodeIgniter\CodeIgniter->handleRequest(NULL, Object(Config\Cache), false)
#8 E:\APLIKASI\koding\siakad\public\index.php(37): CodeIgniter\CodeIgniter->run()
#9 E:\APLIKASI\koding\siakad\system\Commands\Server\rewrite.php(43): require_once('E:\\APLIKASI\\kod...')
#10 {main}
CRITICAL - 2025-04-09 09:14:36 --> Undefined index: foto_siswa
#0 E:\APLIKASI\koding\siakad\app\Views\admin\peserta\v_detail_siswa.php(23): CodeIgniter\Debug\Exceptions->errorHandler(8, 'Undefined index...', 'E:\\APLIKASI\\kod...', 23, Array)
#1 E:\APLIKASI\koding\siakad\system\View\View.php(214): include('E:\\APLIKASI\\kod...')
#2 E:\APLIKASI\koding\siakad\system\View\View.php(217): CodeIgniter\View\View->CodeIgniter\View\{closure}()
#3 E:\APLIKASI\koding\siakad\system\Common.php(1092): CodeIgniter\View\View->render('admin/peserta/v...', Array, true)
#4 E:\APLIKASI\koding\siakad\app\Controllers\Peserta.php(157): view('admin/peserta/v...', Array)
#5 E:\APLIKASI\koding\siakad\system\CodeIgniter.php(802): App\Controllers\Peserta->detail_siswa('0117509894')
#6 E:\APLIKASI\koding\siakad\system\CodeIgniter.php(399): CodeIgniter\CodeIgniter->runController(Object(App\Controllers\Peserta))
#7 E:\APLIKASI\koding\siakad\system\CodeIgniter.php(317): CodeIgniter\CodeIgniter->handleRequest(NULL, Object(Config\Cache), false)
#8 E:\APLIKASI\koding\siakad\public\index.php(37): CodeIgniter\CodeIgniter->run()
#9 E:\APLIKASI\koding\siakad\system\Commands\Server\rewrite.php(43): require_once('E:\\APLIKASI\\kod...')
#10 {main}
CRITICAL - 2025-04-09 09:16:26 --> Undefined index: ijazah
#0 E:\APLIKASI\koding\siakad\app\Views\admin\peserta\v_detail_siswa.php(54): CodeIgniter\Debug\Exceptions->errorHandler(8, 'Undefined index...', 'E:\\APLIKASI\\kod...', 54, Array)
#1 E:\APLIKASI\koding\siakad\system\View\View.php(214): include('E:\\APLIKASI\\kod...')
#2 E:\APLIKASI\koding\siakad\system\View\View.php(217): CodeIgniter\View\View->CodeIgniter\View\{closure}()
#3 E:\APLIKASI\koding\siakad\system\Common.php(1092): CodeIgniter\View\View->render('admin/peserta/v...', Array, true)
#4 E:\APLIKASI\koding\siakad\app\Controllers\Peserta.php(157): view('admin/peserta/v...', Array)
#5 E:\APLIKASI\koding\siakad\system\CodeIgniter.php(802): App\Controllers\Peserta->detail_siswa('0117509894')
#6 E:\APLIKASI\koding\siakad\system\CodeIgniter.php(399): CodeIgniter\CodeIgniter->runController(Object(App\Controllers\Peserta))
#7 E:\APLIKASI\koding\siakad\system\CodeIgniter.php(317): CodeIgniter\CodeIgniter->handleRequest(NULL, Object(Config\Cache), false)
#8 E:\APLIKASI\koding\siakad\public\index.php(37): CodeIgniter\CodeIgniter->run()
#9 E:\APLIKASI\koding\siakad\system\Commands\Server\rewrite.php(43): require_once('E:\\APLIKASI\\kod...')
#10 {main}
CRITICAL - 2025-04-09 09:17:07 --> Undefined index: ijazah
#0 E:\APLIKASI\koding\siakad\app\Views\admin\peserta\v_detail_siswa.php(54): CodeIgniter\Debug\Exceptions->errorHandler(8, 'Undefined index...', 'E:\\APLIKASI\\kod...', 54, Array)
#1 E:\APLIKASI\koding\siakad\system\View\View.php(214): include('E:\\APLIKASI\\kod...')
#2 E:\APLIKASI\koding\siakad\system\View\View.php(217): CodeIgniter\View\View->CodeIgniter\View\{closure}()
#3 E:\APLIKASI\koding\siakad\system\Common.php(1092): CodeIgniter\View\View->render('admin/peserta/v...', Array, true)
#4 E:\APLIKASI\koding\siakad\app\Controllers\Peserta.php(157): view('admin/peserta/v...', Array)
#5 E:\APLIKASI\koding\siakad\system\CodeIgniter.php(802): App\Controllers\Peserta->detail_siswa('0117509894')
#6 E:\APLIKASI\koding\siakad\system\CodeIgniter.php(399): CodeIgniter\CodeIgniter->runController(Object(App\Controllers\Peserta))
#7 E:\APLIKASI\koding\siakad\system\CodeIgniter.php(317): CodeIgniter\CodeIgniter->handleRequest(NULL, Object(Config\Cache), false)
#8 E:\APLIKASI\koding\siakad\public\index.php(37): CodeIgniter\CodeIgniter->run()
#9 E:\APLIKASI\koding\siakad\system\Commands\Server\rewrite.php(43): require_once('E:\\APLIKASI\\kod...')
#10 {main}
CRITICAL - 2025-04-09 09:19:21 --> Undefined index: ijazah
#0 E:\APLIKASI\koding\siakad\app\Views\admin\peserta\v_detail_siswa.php(274): CodeIgniter\Debug\Exceptions->errorHandler(8, 'Undefined index...', 'E:\\APLIKASI\\kod...', 274, Array)
#1 E:\APLIKASI\koding\siakad\system\View\View.php(214): include('E:\\APLIKASI\\kod...')
#2 E:\APLIKASI\koding\siakad\system\View\View.php(217): CodeIgniter\View\View->CodeIgniter\View\{closure}()
#3 E:\APLIKASI\koding\siakad\system\Common.php(1092): CodeIgniter\View\View->render('admin/peserta/v...', Array, true)
#4 E:\APLIKASI\koding\siakad\app\Controllers\Peserta.php(157): view('admin/peserta/v...', Array)
#5 E:\APLIKASI\koding\siakad\system\CodeIgniter.php(802): App\Controllers\Peserta->detail_siswa('0117509894')
#6 E:\APLIKASI\koding\siakad\system\CodeIgniter.php(399): CodeIgniter\CodeIgniter->runController(Object(App\Controllers\Peserta))
#7 E:\APLIKASI\koding\siakad\system\CodeIgniter.php(317): CodeIgniter\CodeIgniter->handleRequest(NULL, Object(Config\Cache), false)
#8 E:\APLIKASI\koding\siakad\public\index.php(37): CodeIgniter\CodeIgniter->run()
#9 E:\APLIKASI\koding\siakad\system\Commands\Server\rewrite.php(43): require_once('E:\\APLIKASI\\kod...')
#10 {main}
CRITICAL - 2025-04-09 09:24:18 --> Undefined index: ijazah
#0 E:\APLIKASI\koding\siakad\app\Views\admin\peserta\v_detail_siswa.php(274): CodeIgniter\Debug\Exceptions->errorHandler(8, 'Undefined index...', 'E:\\APLIKASI\\kod...', 274, Array)
#1 E:\APLIKASI\koding\siakad\system\View\View.php(214): include('E:\\APLIKASI\\kod...')
#2 E:\APLIKASI\koding\siakad\system\View\View.php(217): CodeIgniter\View\View->CodeIgniter\View\{closure}()
#3 E:\APLIKASI\koding\siakad\system\Common.php(1092): CodeIgniter\View\View->render('admin/peserta/v...', Array, true)
#4 E:\APLIKASI\koding\siakad\app\Controllers\Peserta.php(157): view('admin/peserta/v...', Array)
#5 E:\APLIKASI\koding\siakad\system\CodeIgniter.php(802): App\Controllers\Peserta->detail_siswa('0117509894')
#6 E:\APLIKASI\koding\siakad\system\CodeIgniter.php(399): CodeIgniter\CodeIgniter->runController(Object(App\Controllers\Peserta))
#7 E:\APLIKASI\koding\siakad\system\CodeIgniter.php(317): CodeIgniter\CodeIgniter->handleRequest(NULL, Object(Config\Cache), false)
#8 E:\APLIKASI\koding\siakad\public\index.php(37): CodeIgniter\CodeIgniter->run()
#9 E:\APLIKASI\koding\siakad\system\Commands\Server\rewrite.php(43): require_once('E:\\APLIKASI\\kod...')
#10 {main}
CRITICAL - 2025-04-09 09:27:39 --> Undefined index: ijazah
#0 E:\APLIKASI\koding\siakad\app\Views\admin\peserta\v_detail_siswa.php(274): CodeIgniter\Debug\Exceptions->errorHandler(8, 'Undefined index...', 'E:\\APLIKASI\\kod...', 274, Array)
#1 E:\APLIKASI\koding\siakad\system\View\View.php(214): include('E:\\APLIKASI\\kod...')
#2 E:\APLIKASI\koding\siakad\system\View\View.php(217): CodeIgniter\View\View->CodeIgniter\View\{closure}()
#3 E:\APLIKASI\koding\siakad\system\Common.php(1092): CodeIgniter\View\View->render('admin/peserta/v...', Array, true)
#4 E:\APLIKASI\koding\siakad\app\Controllers\Peserta.php(157): view('admin/peserta/v...', Array)
#5 E:\APLIKASI\koding\siakad\system\CodeIgniter.php(802): App\Controllers\Peserta->detail_siswa('0117509894')
#6 E:\APLIKASI\koding\siakad\system\CodeIgniter.php(399): CodeIgniter\CodeIgniter->runController(Object(App\Controllers\Peserta))
#7 E:\APLIKASI\koding\siakad\system\CodeIgniter.php(317): CodeIgniter\CodeIgniter->handleRequest(NULL, Object(Config\Cache), false)
#8 E:\APLIKASI\koding\siakad\public\index.php(37): CodeIgniter\CodeIgniter->run()
#9 E:\APLIKASI\koding\siakad\system\Commands\Server\rewrite.php(43): require_once('E:\\APLIKASI\\kod...')
#10 {main}
ERROR - 2025-04-09 09:38:39 --> Unknown column 'status_aktif' in 'where clause'
CRITICAL - 2025-04-09 09:38:39 --> Unknown column 'status_aktif' in 'where clause'
#0 E:\APLIKASI\koding\siakad\system\Database\MySQLi\Connection.php(280): mysqli->query('SELECT COUNT(*)...')
#1 E:\APLIKASI\koding\siakad\system\Database\BaseConnection.php(663): CodeIgniter\Database\MySQLi\Connection->execute('SELECT COUNT(*)...')
#2 E:\APLIKASI\koding\siakad\system\Database\BaseConnection.php(591): CodeIgniter\Database\BaseConnection->simpleQuery('SELECT COUNT(*)...')
#3 E:\APLIKASI\koding\siakad\system\Database\BaseBuilder.php(1512): CodeIgniter\Database\BaseConnection->query('SELECT COUNT(*)...', Array, false)
#4 E:\APLIKASI\koding\siakad\app\Models\ModelPeserta.php(140): CodeIgniter\Database\BaseBuilder->countAllResults()
#5 E:\APLIKASI\koding\siakad\app\Controllers\Peserta.php(58): App\Models\ModelPeserta->jumlahAktif()
#6 E:\APLIKASI\koding\siakad\system\CodeIgniter.php(802): App\Controllers\Peserta->index()
#7 E:\APLIKASI\koding\siakad\system\CodeIgniter.php(399): CodeIgniter\CodeIgniter->runController(Object(App\Controllers\Peserta))
#8 E:\APLIKASI\koding\siakad\system\CodeIgniter.php(317): CodeIgniter\CodeIgniter->handleRequest(NULL, Object(Config\Cache), false)
#9 E:\APLIKASI\koding\siakad\public\index.php(37): CodeIgniter\CodeIgniter->run()
#10 E:\APLIKASI\koding\siakad\system\Commands\Server\rewrite.php(43): require_once('E:\\APLIKASI\\kod...')
#11 {main}
ERROR - 2025-04-09 11:36:59 --> Unknown column 'status_registrasi' in 'field list'
CRITICAL - 2025-04-09 11:36:59 --> Unknown column 'status_registrasi' in 'field list'
#0 E:\APLIKASI\koding\siakad\system\Database\MySQLi\Connection.php(280): mysqli->query('UPDATE `tbl_sis...')
#1 E:\APLIKASI\koding\siakad\system\Database\BaseConnection.php(663): CodeIgniter\Database\MySQLi\Connection->execute('UPDATE `tbl_sis...')
#2 E:\APLIKASI\koding\siakad\system\Database\BaseConnection.php(591): CodeIgniter\Database\BaseConnection->simpleQuery('UPDATE `tbl_sis...')
#3 E:\APLIKASI\koding\siakad\system\Database\BaseBuilder.php(1875): CodeIgniter\Database\BaseConnection->query('UPDATE `tbl_sis...', Array, false)
#4 E:\APLIKASI\koding\siakad\app\Models\ModelPeserta.php(66): CodeIgniter\Database\BaseBuilder->update(Array)
#5 E:\APLIKASI\koding\siakad\app\Controllers\Peserta.php(419): App\Models\ModelPeserta->edit(Array)
#6 E:\APLIKASI\koding\siakad\system\CodeIgniter.php(802): App\Controllers\Peserta->edit_identitas('0117509894')
#7 E:\APLIKASI\koding\siakad\system\CodeIgniter.php(399): CodeIgniter\CodeIgniter->runController(Object(App\Controllers\Peserta))
#8 E:\APLIKASI\koding\siakad\system\CodeIgniter.php(317): CodeIgniter\CodeIgniter->handleRequest(NULL, Object(Config\Cache), false)
#9 E:\APLIKASI\koding\siakad\public\index.php(37): CodeIgniter\CodeIgniter->run()
#10 E:\APLIKASI\koding\siakad\system\Commands\Server\rewrite.php(43): require_once('E:\\APLIKASI\\kod...')
#11 {main}
CRITICAL - 2025-04-09 11:48:23 --> Undefined index: nama_guru
#0 E:\APLIKASI\koding\siakad\app\Views\admin\peserta\v_detail_siswa.php(872): CodeIgniter\Debug\Exceptions->errorHandler(8, 'Undefined index...', 'E:\\APLIKASI\\kod...', 872, Array)
#1 E:\APLIKASI\koding\siakad\system\View\View.php(214): include('E:\\APLIKASI\\kod...')
#2 E:\APLIKASI\koding\siakad\system\View\View.php(217): CodeIgniter\View\View->CodeIgniter\View\{closure}()
#3 E:\APLIKASI\koding\siakad\system\Common.php(1092): CodeIgniter\View\View->render('admin/peserta/v...', Array, true)
#4 E:\APLIKASI\koding\siakad\app\Controllers\Peserta.php(159): view('admin/peserta/v...', Array)
#5 E:\APLIKASI\koding\siakad\system\CodeIgniter.php(802): App\Controllers\Peserta->detail_siswa('0112590172')
#6 E:\APLIKASI\koding\siakad\system\CodeIgniter.php(399): CodeIgniter\CodeIgniter->runController(Object(App\Controllers\Peserta))
#7 E:\APLIKASI\koding\siakad\system\CodeIgniter.php(317): CodeIgniter\CodeIgniter->handleRequest(NULL, Object(Config\Cache), false)
#8 E:\APLIKASI\koding\siakad\public\index.php(37): CodeIgniter\CodeIgniter->run()
#9 E:\APLIKASI\koding\siakad\system\Commands\Server\rewrite.php(43): require_once('E:\\APLIKASI\\kod...')
#10 {main}
CRITICAL - 2025-04-09 11:55:13 --> Undefined index: status_guru
#0 E:\APLIKASI\koding\siakad\app\Views\admin\v_guru.php(75): CodeIgniter\Debug\Exceptions->errorHandler(8, 'Undefined index...', 'E:\\APLIKASI\\kod...', 75, Array)
#1 E:\APLIKASI\koding\siakad\system\View\View.php(214): include('E:\\APLIKASI\\kod...')
#2 E:\APLIKASI\koding\siakad\system\View\View.php(217): CodeIgniter\View\View->CodeIgniter\View\{closure}()
#3 E:\APLIKASI\koding\siakad\system\Common.php(1092): CodeIgniter\View\View->render('admin/v_guru', Array, true)
#4 E:\APLIKASI\koding\siakad\app\Controllers\Guru.php(33): view('admin/v_guru', Array)
#5 E:\APLIKASI\koding\siakad\system\CodeIgniter.php(802): App\Controllers\Guru->index()
#6 E:\APLIKASI\koding\siakad\system\CodeIgniter.php(399): CodeIgniter\CodeIgniter->runController(Object(App\Controllers\Guru))
#7 E:\APLIKASI\koding\siakad\system\CodeIgniter.php(317): CodeIgniter\CodeIgniter->handleRequest(NULL, Object(Config\Cache), false)
#8 E:\APLIKASI\koding\siakad\public\index.php(37): CodeIgniter\CodeIgniter->run()
#9 E:\APLIKASI\koding\siakad\system\Commands\Server\rewrite.php(43): require_once('E:\\APLIKASI\\kod...')
#10 {main}
CRITICAL - 2025-04-09 12:34:45 --> Trying to access array offset on value of type null
#0 E:\APLIKASI\koding\siakad\app\Views\siswa\v_dashboard.php(25): CodeIgniter\Debug\Exceptions->errorHandler(8, 'Trying to acces...', 'E:\\APLIKASI\\kod...', 25, Array)
#1 E:\APLIKASI\koding\siakad\system\View\View.php(214): include('E:\\APLIKASI\\kod...')
#2 E:\APLIKASI\koding\siakad\system\View\View.php(217): CodeIgniter\View\View->CodeIgniter\View\{closure}()
#3 E:\APLIKASI\koding\siakad\system\Common.php(1092): CodeIgniter\View\View->render('siswa/v_dashboa...', Array, true)
#4 E:\APLIKASI\koding\siakad\app\Controllers\Siswa.php(50): view('siswa/v_dashboa...', Array)
#5 E:\APLIKASI\koding\siakad\system\CodeIgniter.php(802): App\Controllers\Siswa->index()
#6 E:\APLIKASI\koding\siakad\system\CodeIgniter.php(399): CodeIgniter\CodeIgniter->runController(Object(App\Controllers\Siswa))
#7 E:\APLIKASI\koding\siakad\system\CodeIgniter.php(317): CodeIgniter\CodeIgniter->handleRequest(NULL, Object(Config\Cache), false)
#8 E:\APLIKASI\koding\siakad\public\index.php(37): CodeIgniter\CodeIgniter->run()
#9 E:\APLIKASI\koding\siakad\system\Commands\Server\rewrite.php(43): require_once('E:\\APLIKASI\\kod...')
#10 {main}
CRITICAL - 2025-04-09 12:35:28 --> Trying to access array offset on value of type null
#0 E:\APLIKASI\koding\siakad\app\Views\siswa\v_dashboard.php(25): CodeIgniter\Debug\Exceptions->errorHandler(8, 'Trying to acces...', 'E:\\APLIKASI\\kod...', 25, Array)
#1 E:\APLIKASI\koding\siakad\system\View\View.php(214): include('E:\\APLIKASI\\kod...')
#2 E:\APLIKASI\koding\siakad\system\View\View.php(217): CodeIgniter\View\View->CodeIgniter\View\{closure}()
#3 E:\APLIKASI\koding\siakad\system\Common.php(1092): CodeIgniter\View\View->render('siswa/v_dashboa...', Array, true)
#4 E:\APLIKASI\koding\siakad\app\Controllers\Siswa.php(50): view('siswa/v_dashboa...', Array)
#5 E:\APLIKASI\koding\siakad\system\CodeIgniter.php(802): App\Controllers\Siswa->index()
#6 E:\APLIKASI\koding\siakad\system\CodeIgniter.php(399): CodeIgniter\CodeIgniter->runController(Object(App\Controllers\Siswa))
#7 E:\APLIKASI\koding\siakad\system\CodeIgniter.php(317): CodeIgniter\CodeIgniter->handleRequest(NULL, Object(Config\Cache), false)
#8 E:\APLIKASI\koding\siakad\public\index.php(37): CodeIgniter\CodeIgniter->run()
#9 E:\APLIKASI\koding\siakad\system\Commands\Server\rewrite.php(43): require_once('E:\\APLIKASI\\kod...')
#10 {main}
CRITICAL - 2025-04-09 12:35:43 --> Trying to access array offset on value of type null
#0 E:\APLIKASI\koding\siakad\app\Views\siswa\v_dashboard.php(25): CodeIgniter\Debug\Exceptions->errorHandler(8, 'Trying to acces...', 'E:\\APLIKASI\\kod...', 25, Array)
#1 E:\APLIKASI\koding\siakad\system\View\View.php(214): include('E:\\APLIKASI\\kod...')
#2 E:\APLIKASI\koding\siakad\system\View\View.php(217): CodeIgniter\View\View->CodeIgniter\View\{closure}()
#3 E:\APLIKASI\koding\siakad\system\Common.php(1092): CodeIgniter\View\View->render('siswa/v_dashboa...', Array, true)
#4 E:\APLIKASI\koding\siakad\app\Controllers\Siswa.php(50): view('siswa/v_dashboa...', Array)
#5 E:\APLIKASI\koding\siakad\system\CodeIgniter.php(802): App\Controllers\Siswa->index()
#6 E:\APLIKASI\koding\siakad\system\CodeIgniter.php(399): CodeIgniter\CodeIgniter->runController(Object(App\Controllers\Siswa))
#7 E:\APLIKASI\koding\siakad\system\CodeIgniter.php(317): CodeIgniter\CodeIgniter->handleRequest(NULL, Object(Config\Cache), false)
#8 E:\APLIKASI\koding\siakad\public\index.php(37): CodeIgniter\CodeIgniter->run()
#9 E:\APLIKASI\koding\siakad\system\Commands\Server\rewrite.php(43): require_once('E:\\APLIKASI\\kod...')
#10 {main}
CRITICAL - 2025-04-09 12:38:25 --> Trying to access array offset on value of type null
#0 E:\APLIKASI\koding\siakad\app\Views\siswa\v_dashboard.php(25): CodeIgniter\Debug\Exceptions->errorHandler(8, 'Trying to acces...', 'E:\\APLIKASI\\kod...', 25, Array)
#1 E:\APLIKASI\koding\siakad\system\View\View.php(214): include('E:\\APLIKASI\\kod...')
#2 E:\APLIKASI\koding\siakad\system\View\View.php(217): CodeIgniter\View\View->CodeIgniter\View\{closure}()
#3 E:\APLIKASI\koding\siakad\system\Common.php(1092): CodeIgniter\View\View->render('siswa/v_dashboa...', Array, true)
#4 E:\APLIKASI\koding\siakad\app\Controllers\Siswa.php(50): view('siswa/v_dashboa...', Array)
#5 E:\APLIKASI\koding\siakad\system\CodeIgniter.php(802): App\Controllers\Siswa->index()
#6 E:\APLIKASI\koding\siakad\system\CodeIgniter.php(399): CodeIgniter\CodeIgniter->runController(Object(App\Controllers\Siswa))
#7 E:\APLIKASI\koding\siakad\system\CodeIgniter.php(317): CodeIgniter\CodeIgniter->handleRequest(NULL, Object(Config\Cache), false)
#8 E:\APLIKASI\koding\siakad\public\index.php(37): CodeIgniter\CodeIgniter->run()
#9 E:\APLIKASI\koding\siakad\system\Commands\Server\rewrite.php(43): require_once('E:\\APLIKASI\\kod...')
#10 {main}
CRITICAL - 2025-04-09 12:39:19 --> Trying to access array offset on value of type null
#0 E:\APLIKASI\koding\siakad\app\Views\siswa\v_dashboard.php(33): CodeIgniter\Debug\Exceptions->errorHandler(8, 'Trying to acces...', 'E:\\APLIKASI\\kod...', 33, Array)
#1 E:\APLIKASI\koding\siakad\system\View\View.php(214): include('E:\\APLIKASI\\kod...')
#2 E:\APLIKASI\koding\siakad\system\View\View.php(217): CodeIgniter\View\View->CodeIgniter\View\{closure}()
#3 E:\APLIKASI\koding\siakad\system\Common.php(1092): CodeIgniter\View\View->render('siswa/v_dashboa...', Array, true)
#4 E:\APLIKASI\koding\siakad\app\Controllers\Siswa.php(50): view('siswa/v_dashboa...', Array)
#5 E:\APLIKASI\koding\siakad\system\CodeIgniter.php(802): App\Controllers\Siswa->index()
#6 E:\APLIKASI\koding\siakad\system\CodeIgniter.php(399): CodeIgniter\CodeIgniter->runController(Object(App\Controllers\Siswa))
#7 E:\APLIKASI\koding\siakad\system\CodeIgniter.php(317): CodeIgniter\CodeIgniter->handleRequest(NULL, Object(Config\Cache), false)
#8 E:\APLIKASI\koding\siakad\public\index.php(37): CodeIgniter\CodeIgniter->run()
#9 E:\APLIKASI\koding\siakad\system\Commands\Server\rewrite.php(43): require_once('E:\\APLIKASI\\kod...')
#10 {main}
CRITICAL - 2025-04-09 12:39:58 --> Trying to access array offset on value of type null
#0 E:\APLIKASI\koding\siakad\app\Views\siswa\v_dashboard.php(25): CodeIgniter\Debug\Exceptions->errorHandler(8, 'Trying to acces...', 'E:\\APLIKASI\\kod...', 25, Array)
#1 E:\APLIKASI\koding\siakad\system\View\View.php(214): include('E:\\APLIKASI\\kod...')
#2 E:\APLIKASI\koding\siakad\system\View\View.php(217): CodeIgniter\View\View->CodeIgniter\View\{closure}()
#3 E:\APLIKASI\koding\siakad\system\Common.php(1092): CodeIgniter\View\View->render('siswa/v_dashboa...', Array, true)
#4 E:\APLIKASI\koding\siakad\app\Controllers\Siswa.php(50): view('siswa/v_dashboa...', Array)
#5 E:\APLIKASI\koding\siakad\system\CodeIgniter.php(802): App\Controllers\Siswa->index()
#6 E:\APLIKASI\koding\siakad\system\CodeIgniter.php(399): CodeIgniter\CodeIgniter->runController(Object(App\Controllers\Siswa))
#7 E:\APLIKASI\koding\siakad\system\CodeIgniter.php(317): CodeIgniter\CodeIgniter->handleRequest(NULL, Object(Config\Cache), false)
#8 E:\APLIKASI\koding\siakad\public\index.php(37): CodeIgniter\CodeIgniter->run()
#9 E:\APLIKASI\koding\siakad\system\Commands\Server\rewrite.php(43): require_once('E:\\APLIKASI\\kod...')
#10 {main}
CRITICAL - 2025-04-09 12:41:25 --> Trying to access array offset on value of type null
#0 E:\APLIKASI\koding\siakad\app\Views\siswa\v_dashboard.php(25): CodeIgniter\Debug\Exceptions->errorHandler(8, 'Trying to acces...', 'E:\\APLIKASI\\kod...', 25, Array)
#1 E:\APLIKASI\koding\siakad\system\View\View.php(214): include('E:\\APLIKASI\\kod...')
#2 E:\APLIKASI\koding\siakad\system\View\View.php(217): CodeIgniter\View\View->CodeIgniter\View\{closure}()
#3 E:\APLIKASI\koding\siakad\system\Common.php(1092): CodeIgniter\View\View->render('siswa/v_dashboa...', Array, true)
#4 E:\APLIKASI\koding\siakad\app\Controllers\Siswa.php(50): view('siswa/v_dashboa...', Array)
#5 E:\APLIKASI\koding\siakad\system\CodeIgniter.php(802): App\Controllers\Siswa->index()
#6 E:\APLIKASI\koding\siakad\system\CodeIgniter.php(399): CodeIgniter\CodeIgniter->runController(Object(App\Controllers\Siswa))
#7 E:\APLIKASI\koding\siakad\system\CodeIgniter.php(317): CodeIgniter\CodeIgniter->handleRequest(NULL, Object(Config\Cache), false)
#8 E:\APLIKASI\koding\siakad\public\index.php(37): CodeIgniter\CodeIgniter->run()
#9 E:\APLIKASI\koding\siakad\system\Commands\Server\rewrite.php(43): require_once('E:\\APLIKASI\\kod...')
#10 {main}
CRITICAL - 2025-04-09 12:41:50 --> Undefined index: nama_siswa
#0 E:\APLIKASI\koding\siakad\app\Views\siswa\v_dashboard.php(59): CodeIgniter\Debug\Exceptions->errorHandler(8, 'Undefined index...', 'E:\\APLIKASI\\kod...', 59, Array)
#1 E:\APLIKASI\koding\siakad\system\View\View.php(214): include('E:\\APLIKASI\\kod...')
#2 E:\APLIKASI\koding\siakad\system\View\View.php(217): CodeIgniter\View\View->CodeIgniter\View\{closure}()
#3 E:\APLIKASI\koding\siakad\system\Common.php(1092): CodeIgniter\View\View->render('siswa/v_dashboa...', Array, true)
#4 E:\APLIKASI\koding\siakad\app\Controllers\Siswa.php(50): view('siswa/v_dashboa...', Array)
#5 E:\APLIKASI\koding\siakad\system\CodeIgniter.php(802): App\Controllers\Siswa->index()
#6 E:\APLIKASI\koding\siakad\system\CodeIgniter.php(399): CodeIgniter\CodeIgniter->runController(Object(App\Controllers\Siswa))
#7 E:\APLIKASI\koding\siakad\system\CodeIgniter.php(317): CodeIgniter\CodeIgniter->handleRequest(NULL, Object(Config\Cache), false)
#8 E:\APLIKASI\koding\siakad\public\index.php(37): CodeIgniter\CodeIgniter->run()
#9 E:\APLIKASI\koding\siakad\system\Commands\Server\rewrite.php(43): require_once('E:\\APLIKASI\\kod...')
#10 {main}
CRITICAL - 2025-04-09 12:45:24 --> Undefined index: nama_siswa
#0 E:\APLIKASI\koding\siakad\app\Views\siswa\v_dashboard.php(59): CodeIgniter\Debug\Exceptions->errorHandler(8, 'Undefined index...', 'E:\\APLIKASI\\kod...', 59, Array)
#1 E:\APLIKASI\koding\siakad\system\View\View.php(214): include('E:\\APLIKASI\\kod...')
#2 E:\APLIKASI\koding\siakad\system\View\View.php(217): CodeIgniter\View\View->CodeIgniter\View\{closure}()
#3 E:\APLIKASI\koding\siakad\system\Common.php(1092): CodeIgniter\View\View->render('siswa/v_dashboa...', Array, true)
#4 E:\APLIKASI\koding\siakad\app\Controllers\Siswa.php(50): view('siswa/v_dashboa...', Array)
#5 E:\APLIKASI\koding\siakad\system\CodeIgniter.php(802): App\Controllers\Siswa->index()
#6 E:\APLIKASI\koding\siakad\system\CodeIgniter.php(399): CodeIgniter\CodeIgniter->runController(Object(App\Controllers\Siswa))
#7 E:\APLIKASI\koding\siakad\system\CodeIgniter.php(317): CodeIgniter\CodeIgniter->handleRequest(NULL, Object(Config\Cache), false)
#8 E:\APLIKASI\koding\siakad\public\index.php(37): CodeIgniter\CodeIgniter->run()
#9 E:\APLIKASI\koding\siakad\system\Commands\Server\rewrite.php(43): require_once('E:\\APLIKASI\\kod...')
#10 {main}
CRITICAL - 2025-04-09 12:45:40 --> Undefined index: nama_siswa
#0 E:\APLIKASI\koding\siakad\app\Views\siswa\v_dashboard.php(59): CodeIgniter\Debug\Exceptions->errorHandler(8, 'Undefined index...', 'E:\\APLIKASI\\kod...', 59, Array)
#1 E:\APLIKASI\koding\siakad\system\View\View.php(214): include('E:\\APLIKASI\\kod...')
#2 E:\APLIKASI\koding\siakad\system\View\View.php(217): CodeIgniter\View\View->CodeIgniter\View\{closure}()
#3 E:\APLIKASI\koding\siakad\system\Common.php(1092): CodeIgniter\View\View->render('siswa/v_dashboa...', Array, true)
#4 E:\APLIKASI\koding\siakad\app\Controllers\Siswa.php(50): view('siswa/v_dashboa...', Array)
#5 E:\APLIKASI\koding\siakad\system\CodeIgniter.php(802): App\Controllers\Siswa->index()
#6 E:\APLIKASI\koding\siakad\system\CodeIgniter.php(399): CodeIgniter\CodeIgniter->runController(Object(App\Controllers\Siswa))
#7 E:\APLIKASI\koding\siakad\system\CodeIgniter.php(317): CodeIgniter\CodeIgniter->handleRequest(NULL, Object(Config\Cache), false)
#8 E:\APLIKASI\koding\siakad\public\index.php(37): CodeIgniter\CodeIgniter->run()
#9 E:\APLIKASI\koding\siakad\system\Commands\Server\rewrite.php(43): require_once('E:\\APLIKASI\\kod...')
#10 {main}
CRITICAL - 2025-04-09 12:47:43 --> Trying to access array offset on value of type null
#0 E:\APLIKASI\koding\siakad\app\Views\siswa\v_dashboard.php(25): CodeIgniter\Debug\Exceptions->errorHandler(8, 'Trying to acces...', 'E:\\APLIKASI\\kod...', 25, Array)
#1 E:\APLIKASI\koding\siakad\system\View\View.php(214): include('E:\\APLIKASI\\kod...')
#2 E:\APLIKASI\koding\siakad\system\View\View.php(217): CodeIgniter\View\View->CodeIgniter\View\{closure}()
#3 E:\APLIKASI\koding\siakad\system\Common.php(1092): CodeIgniter\View\View->render('siswa/v_dashboa...', Array, true)
#4 E:\APLIKASI\koding\siakad\app\Controllers\Siswa.php(50): view('siswa/v_dashboa...', Array)
#5 E:\APLIKASI\koding\siakad\system\CodeIgniter.php(802): App\Controllers\Siswa->index()
#6 E:\APLIKASI\koding\siakad\system\CodeIgniter.php(399): CodeIgniter\CodeIgniter->runController(Object(App\Controllers\Siswa))
#7 E:\APLIKASI\koding\siakad\system\CodeIgniter.php(317): CodeIgniter\CodeIgniter->handleRequest(NULL, Object(Config\Cache), false)
#8 E:\APLIKASI\koding\siakad\public\index.php(37): CodeIgniter\CodeIgniter->run()
#9 E:\APLIKASI\koding\siakad\system\Commands\Server\rewrite.php(43): require_once('E:\\APLIKASI\\kod...')
#10 {main}
CRITICAL - 2025-04-09 12:48:45 --> You must set the database table to be used with your query.
#0 E:\APLIKASI\koding\siakad\system\Model.php(545): CodeIgniter\Database\BaseConnection->table(NULL)
#1 E:\APLIKASI\koding\siakad\system\Model.php(719): CodeIgniter\Model->builder()
#2 E:\APLIKASI\koding\siakad\app\Controllers\Siswa.php(45): CodeIgniter\Model->__call('halSiswa', Array)
#3 E:\APLIKASI\koding\siakad\system\CodeIgniter.php(802): App\Controllers\Siswa->index()
#4 E:\APLIKASI\koding\siakad\system\CodeIgniter.php(399): CodeIgniter\CodeIgniter->runController(Object(App\Controllers\Siswa))
#5 E:\APLIKASI\koding\siakad\system\CodeIgniter.php(317): CodeIgniter\CodeIgniter->handleRequest(NULL, Object(Config\Cache), false)
#6 E:\APLIKASI\koding\siakad\public\index.php(37): CodeIgniter\CodeIgniter->run()
#7 E:\APLIKASI\koding\siakad\system\Commands\Server\rewrite.php(43): require_once('E:\\APLIKASI\\kod...')
#8 {main}
