ERROR - 2024-09-13 18:44:16 --> Error connecting to the database: No connection could be made because the target machine actively refused it.

CRITICAL - 2024-09-13 18:44:16 --> Unable to connect to the database.
Main connection [MySQLi]: No connection could be made because the target machine actively refused it.

#0 C:\xampp\htdocs\siakad\system\Database\BaseConnection.php(570): CodeIgniter\Database\BaseConnection->initialize()
#1 C:\xampp\htdocs\siakad\system\Database\BaseBuilder.php(1428): CodeIgniter\Database\BaseConnection->query('SELECT *\nFROM `...', Array, false)
#2 C:\xampp\htdocs\siakad\app\Models\ModelAuth.php(16): CodeIgniter\Database\BaseBuilder->get()
#3 C:\xampp\htdocs\siakad\app\Controllers\Auth.php(172): App\Models\ModelAuth->login('admin@gmail.com', 'admin123')
#4 C:\xampp\htdocs\siakad\system\CodeIgniter.php(802): App\Controllers\Auth->cekloginadmin()
#5 C:\xampp\htdocs\siakad\system\CodeIgniter.php(399): CodeIgniter\CodeIgniter->runController(Object(App\Controllers\Auth))
#6 C:\xampp\htdocs\siakad\system\CodeIgniter.php(317): CodeIgniter\CodeIgniter->handleRequest(NULL, Object(Config\Cache), false)
#7 C:\xampp\htdocs\siakad\public\index.php(37): CodeIgniter\CodeIgniter->run()
#8 C:\xampp\htdocs\siakad\system\Commands\Server\rewrite.php(43): require_once('C:\\xampp\\htdocs...')
#9 {main}
ERROR - 2024-09-13 18:45:43 --> Error connecting to the database: No connection could be made because the target machine actively refused it.

CRITICAL - 2024-09-13 18:45:43 --> Unable to connect to the database.
Main connection [MySQLi]: No connection could be made because the target machine actively refused it.

#0 C:\xampp\htdocs\siakad\system\Database\BaseConnection.php(570): CodeIgniter\Database\BaseConnection->initialize()
#1 C:\xampp\htdocs\siakad\system\Database\BaseBuilder.php(1428): CodeIgniter\Database\BaseConnection->query('SELECT *\nFROM `...', Array, false)
#2 C:\xampp\htdocs\siakad\app\Models\ModelAuth.php(16): CodeIgniter\Database\BaseBuilder->get()
#3 C:\xampp\htdocs\siakad\app\Controllers\Auth.php(172): App\Models\ModelAuth->login('admin@gmail.com', 'admin123')
#4 C:\xampp\htdocs\siakad\system\CodeIgniter.php(802): App\Controllers\Auth->cekloginadmin()
#5 C:\xampp\htdocs\siakad\system\CodeIgniter.php(399): CodeIgniter\CodeIgniter->runController(Object(App\Controllers\Auth))
#6 C:\xampp\htdocs\siakad\system\CodeIgniter.php(317): CodeIgniter\CodeIgniter->handleRequest(NULL, Object(Config\Cache), false)
#7 C:\xampp\htdocs\siakad\public\index.php(37): CodeIgniter\CodeIgniter->run()
#8 C:\xampp\htdocs\siakad\system\Commands\Server\rewrite.php(43): require_once('C:\\xampp\\htdocs...')
#9 {main}
ERROR - 2024-09-13 18:48:49 --> Error connecting to the database: No connection could be made because the target machine actively refused it.

CRITICAL - 2024-09-13 18:48:49 --> Unable to connect to the database.
Main connection [MySQLi]: No connection could be made because the target machine actively refused it.

#0 C:\xampp\htdocs\siakad\system\Database\BaseConnection.php(570): CodeIgniter\Database\BaseConnection->initialize()
#1 C:\xampp\htdocs\siakad\system\Database\BaseBuilder.php(1428): CodeIgniter\Database\BaseConnection->query('SELECT *\nFROM `...', Array, false)
#2 C:\xampp\htdocs\siakad\app\Models\ModelAuth.php(16): CodeIgniter\Database\BaseBuilder->get()
#3 C:\xampp\htdocs\siakad\app\Controllers\Auth.php(172): App\Models\ModelAuth->login('admin@gmail.com', 'admin123')
#4 C:\xampp\htdocs\siakad\system\CodeIgniter.php(802): App\Controllers\Auth->cekloginadmin()
#5 C:\xampp\htdocs\siakad\system\CodeIgniter.php(399): CodeIgniter\CodeIgniter->runController(Object(App\Controllers\Auth))
#6 C:\xampp\htdocs\siakad\system\CodeIgniter.php(317): CodeIgniter\CodeIgniter->handleRequest(NULL, Object(Config\Cache), false)
#7 C:\xampp\htdocs\siakad\public\index.php(37): CodeIgniter\CodeIgniter->run()
#8 C:\xampp\htdocs\siakad\system\Commands\Server\rewrite.php(43): require_once('C:\\xampp\\htdocs...')
#9 {main}
ERROR - 2024-09-13 19:52:56 --> Error connecting to the database: No connection could be made because the target machine actively refused it.

CRITICAL - 2024-09-13 19:52:56 --> Unable to connect to the database.
Main connection [MySQLi]: No connection could be made because the target machine actively refused it.

#0 E:\APLIKASI\koding\siakad\system\Database\BaseConnection.php(570): CodeIgniter\Database\BaseConnection->initialize()
#1 E:\APLIKASI\koding\siakad\system\Database\BaseBuilder.php(1428): CodeIgniter\Database\BaseConnection->query('SELECT *\nFROM `...', Array, false)
#2 E:\APLIKASI\koding\siakad\app\Models\ModelAuth.php(16): CodeIgniter\Database\BaseBuilder->get()
#3 E:\APLIKASI\koding\siakad\app\Controllers\Auth.php(172): App\Models\ModelAuth->login('admin@gmail.com', 'admin123')
#4 E:\APLIKASI\koding\siakad\system\CodeIgniter.php(802): App\Controllers\Auth->cekloginadmin()
#5 E:\APLIKASI\koding\siakad\system\CodeIgniter.php(399): CodeIgniter\CodeIgniter->runController(Object(App\Controllers\Auth))
#6 E:\APLIKASI\koding\siakad\system\CodeIgniter.php(317): CodeIgniter\CodeIgniter->handleRequest(NULL, Object(Config\Cache), false)
#7 E:\APLIKASI\koding\siakad\public\index.php(37): CodeIgniter\CodeIgniter->run()
#8 E:\APLIKASI\koding\siakad\system\Commands\Server\rewrite.php(43): require_once('E:\\APLIKASI\\kod...')
#9 {main}
ERROR - 2024-09-13 19:54:09 --> Error connecting to the database: No connection could be made because the target machine actively refused it.

CRITICAL - 2024-09-13 19:54:09 --> Unable to connect to the database.
Main connection [MySQLi]: No connection could be made because the target machine actively refused it.

#0 E:\APLIKASI\koding\siakad\system\Database\BaseConnection.php(570): CodeIgniter\Database\BaseConnection->initialize()
#1 E:\APLIKASI\koding\siakad\system\Database\BaseBuilder.php(1428): CodeIgniter\Database\BaseConnection->query('SELECT *\nFROM `...', Array, false)
#2 E:\APLIKASI\koding\siakad\app\Models\ModelAuth.php(16): CodeIgniter\Database\BaseBuilder->get()
#3 E:\APLIKASI\koding\siakad\app\Controllers\Auth.php(172): App\Models\ModelAuth->login('admin@gmail.com', 'admin123')
#4 E:\APLIKASI\koding\siakad\system\CodeIgniter.php(802): App\Controllers\Auth->cekloginadmin()
#5 E:\APLIKASI\koding\siakad\system\CodeIgniter.php(399): CodeIgniter\CodeIgniter->runController(Object(App\Controllers\Auth))
#6 E:\APLIKASI\koding\siakad\system\CodeIgniter.php(317): CodeIgniter\CodeIgniter->handleRequest(NULL, Object(Config\Cache), false)
#7 E:\APLIKASI\koding\siakad\public\index.php(37): CodeIgniter\CodeIgniter->run()
#8 E:\APLIKASI\koding\siakad\system\Commands\Server\rewrite.php(43): require_once('E:\\APLIKASI\\kod...')
#9 {main}
CRITICAL - 2024-09-13 19:56:02 --> Undefined index: nama_user
#0 E:\APLIKASI\koding\siakad\app\Controllers\Auth.php(175): CodeIgniter\Debug\Exceptions->errorHandler(8, 'Undefined index...', 'E:\\APLIKASI\\kod...', 175, Array)
#1 E:\APLIKASI\koding\siakad\system\CodeIgniter.php(802): App\Controllers\Auth->cekloginadmin()
#2 E:\APLIKASI\koding\siakad\system\CodeIgniter.php(399): CodeIgniter\CodeIgniter->runController(Object(App\Controllers\Auth))
#3 E:\APLIKASI\koding\siakad\system\CodeIgniter.php(317): CodeIgniter\CodeIgniter->handleRequest(NULL, Object(Config\Cache), false)
#4 E:\APLIKASI\koding\siakad\public\index.php(37): CodeIgniter\CodeIgniter->run()
#5 E:\APLIKASI\koding\siakad\system\Commands\Server\rewrite.php(43): require_once('E:\\APLIKASI\\kod...')
#6 {main}
CRITICAL - 2024-09-13 19:56:40 --> Undefined index: foto
#0 E:\APLIKASI\koding\siakad\app\Controllers\Auth.php(176): CodeIgniter\Debug\Exceptions->errorHandler(8, 'Undefined index...', 'E:\\APLIKASI\\kod...', 176, Array)
#1 E:\APLIKASI\koding\siakad\system\CodeIgniter.php(802): App\Controllers\Auth->cekloginadmin()
#2 E:\APLIKASI\koding\siakad\system\CodeIgniter.php(399): CodeIgniter\CodeIgniter->runController(Object(App\Controllers\Auth))
#3 E:\APLIKASI\koding\siakad\system\CodeIgniter.php(317): CodeIgniter\CodeIgniter->handleRequest(NULL, Object(Config\Cache), false)
#4 E:\APLIKASI\koding\siakad\public\index.php(37): CodeIgniter\CodeIgniter->run()
#5 E:\APLIKASI\koding\siakad\system\Commands\Server\rewrite.php(43): require_once('E:\\APLIKASI\\kod...')
#6 {main}
ERROR - 2024-09-13 19:57:26 --> Table 'db_sekolah.tbl_siswa' doesn't exist
CRITICAL - 2024-09-13 19:57:26 --> Table 'db_sekolah.tbl_siswa' doesn't exist
#0 E:\APLIKASI\koding\siakad\system\Database\MySQLi\Connection.php(280): mysqli->query('SELECT COUNT(*)...')
#1 E:\APLIKASI\koding\siakad\system\Database\BaseConnection.php(663): CodeIgniter\Database\MySQLi\Connection->execute('SELECT COUNT(*)...')
#2 E:\APLIKASI\koding\siakad\system\Database\BaseConnection.php(591): CodeIgniter\Database\BaseConnection->simpleQuery('SELECT COUNT(*)...')
#3 E:\APLIKASI\koding\siakad\system\Database\BaseBuilder.php(1512): CodeIgniter\Database\BaseConnection->query('SELECT COUNT(*)...', Array, false)
#4 E:\APLIKASI\koding\siakad\app\Models\ModelPeserta.php(140): CodeIgniter\Database\BaseBuilder->countAllResults()
#5 E:\APLIKASI\koding\siakad\app\Controllers\Admin.php(42): App\Models\ModelPeserta->jumlahAktif()
#6 E:\APLIKASI\koding\siakad\system\CodeIgniter.php(802): App\Controllers\Admin->index()
#7 E:\APLIKASI\koding\siakad\system\CodeIgniter.php(399): CodeIgniter\CodeIgniter->runController(Object(App\Controllers\Admin))
#8 E:\APLIKASI\koding\siakad\system\CodeIgniter.php(317): CodeIgniter\CodeIgniter->handleRequest(NULL, Object(Config\Cache), false)
#9 E:\APLIKASI\koding\siakad\public\index.php(37): CodeIgniter\CodeIgniter->run()
#10 E:\APLIKASI\koding\siakad\system\Commands\Server\rewrite.php(43): require_once('E:\\APLIKASI\\kod...')
#11 {main}
ERROR - 2024-09-13 19:58:30 --> Table 'db_sekolah.tbl_database' doesn't exist
CRITICAL - 2024-09-13 19:58:30 --> Table 'db_sekolah.tbl_database' doesn't exist
#0 E:\APLIKASI\koding\siakad\system\Database\MySQLi\Connection.php(280): mysqli->query('SELECT `kelas`,...')
#1 E:\APLIKASI\koding\siakad\system\Database\BaseConnection.php(663): CodeIgniter\Database\MySQLi\Connection->execute('SELECT `kelas`,...')
#2 E:\APLIKASI\koding\siakad\system\Database\BaseConnection.php(591): CodeIgniter\Database\BaseConnection->simpleQuery('SELECT `kelas`,...')
#3 E:\APLIKASI\koding\siakad\system\Database\BaseBuilder.php(1428): CodeIgniter\Database\BaseConnection->query('SELECT `kelas`,...', Array, false)
#4 E:\APLIKASI\koding\siakad\app\Models\ModelKelas.php(235): CodeIgniter\Database\BaseBuilder->get()
#5 E:\APLIKASI\koding\siakad\app\Controllers\Admin.php(45): App\Models\ModelKelas->kelas_grup()
#6 E:\APLIKASI\koding\siakad\system\CodeIgniter.php(802): App\Controllers\Admin->index()
#7 E:\APLIKASI\koding\siakad\system\CodeIgniter.php(399): CodeIgniter\CodeIgniter->runController(Object(App\Controllers\Admin))
#8 E:\APLIKASI\koding\siakad\system\CodeIgniter.php(317): CodeIgniter\CodeIgniter->handleRequest(NULL, Object(Config\Cache), false)
#9 E:\APLIKASI\koding\siakad\public\index.php(37): CodeIgniter\CodeIgniter->run()
#10 E:\APLIKASI\koding\siakad\system\Commands\Server\rewrite.php(43): require_once('E:\\APLIKASI\\kod...')
#11 {main}
