ERROR - 2024-06-17 09:21:20 --> Not unique table/alias: 'tbl_ta'
CRITICAL - 2024-06-17 09:21:20 --> Not unique table/alias: 'tbl_ta'
#0 C:\xampp\htdocs\siakad\system\Database\MySQLi\Connection.php(280): mysqli->query('SELECT *\nFROM `...')
#1 C:\xampp\htdocs\siakad\system\Database\BaseConnection.php(663): CodeIgniter\Database\MySQLi\Connection->execute('SELECT *\nFROM `...')
#2 C:\xampp\htdocs\siakad\system\Database\BaseConnection.php(591): CodeIgniter\Database\BaseConnection->simpleQuery('SELECT *\nFROM `...')
#3 C:\xampp\htdocs\siakad\system\Database\BaseBuilder.php(1428): CodeIgniter\Database\BaseConnection->query('SELECT *\nFROM `...', Array, false)
#4 C:\xampp\htdocs\siakad\app\Models\ModelPeserta.php(162): CodeIgniter\Database\BaseBuilder->get()
#5 C:\xampp\htdocs\siakad\app\Controllers\Peserta.php(155): App\Models\ModelPeserta->rekamdidik('1235')
#6 C:\xampp\htdocs\siakad\system\CodeIgniter.php(802): App\Controllers\Peserta->detail_siswa('1235')
#7 C:\xampp\htdocs\siakad\system\CodeIgniter.php(399): CodeIgniter\CodeIgniter->runController(Object(App\Controllers\Peserta))
#8 C:\xampp\htdocs\siakad\system\CodeIgniter.php(317): CodeIgniter\CodeIgniter->handleRequest(NULL, Object(Config\Cache), false)
#9 C:\xampp\htdocs\siakad\public\index.php(37): CodeIgniter\CodeIgniter->run()
#10 C:\xampp\htdocs\siakad\system\Commands\Server\rewrite.php(43): require_once('C:\\xampp\\htdocs...')
#11 {main}
ERROR - 2024-06-17 09:22:49 --> Not unique table/alias: 'tbl_ta'
CRITICAL - 2024-06-17 09:22:49 --> Not unique table/alias: 'tbl_ta'
#0 C:\xampp\htdocs\siakad\system\Database\MySQLi\Connection.php(280): mysqli->query('SELECT *\nFROM `...')
#1 C:\xampp\htdocs\siakad\system\Database\BaseConnection.php(663): CodeIgniter\Database\MySQLi\Connection->execute('SELECT *\nFROM `...')
#2 C:\xampp\htdocs\siakad\system\Database\BaseConnection.php(591): CodeIgniter\Database\BaseConnection->simpleQuery('SELECT *\nFROM `...')
#3 C:\xampp\htdocs\siakad\system\Database\BaseBuilder.php(1428): CodeIgniter\Database\BaseConnection->query('SELECT *\nFROM `...', Array, false)
#4 C:\xampp\htdocs\siakad\app\Models\ModelPeserta.php(162): CodeIgniter\Database\BaseBuilder->get()
#5 C:\xampp\htdocs\siakad\app\Controllers\Peserta.php(155): App\Models\ModelPeserta->rekamdidik('1235')
#6 C:\xampp\htdocs\siakad\system\CodeIgniter.php(802): App\Controllers\Peserta->detail_siswa('1235')
#7 C:\xampp\htdocs\siakad\system\CodeIgniter.php(399): CodeIgniter\CodeIgniter->runController(Object(App\Controllers\Peserta))
#8 C:\xampp\htdocs\siakad\system\CodeIgniter.php(317): CodeIgniter\CodeIgniter->handleRequest(NULL, Object(Config\Cache), false)
#9 C:\xampp\htdocs\siakad\public\index.php(37): CodeIgniter\CodeIgniter->run()
#10 C:\xampp\htdocs\siakad\system\Commands\Server\rewrite.php(43): require_once('C:\\xampp\\htdocs...')
#11 {main}
