CRITICAL - 2025-04-25 08:22:24 --> Undefined variable: guru
#0 E:\APLIKASI\koding\siakad\app\Views\guru\tambah_keluarga.php(16): CodeIgniter\Debug\Exceptions->errorHandler(8, 'Undefined varia...', 'E:\\APLIKASI\\kod...', 16, Array)
#1 E:\APLIKASI\koding\siakad\system\View\View.php(214): include('E:\\APLIKASI\\kod...')
#2 E:\APLIKASI\koding\siakad\system\View\View.php(217): CodeIgniter\View\View->CodeIgniter\View\{closure}()
#3 E:\APLIKASI\koding\siakad\system\Common.php(1092): CodeIgniter\View\View->render('guru/tambah_kel...', Array, true)
#4 E:\APLIKASI\koding\siakad\app\Controllers\Pendidik.php(69): view('guru/tambah_kel...', Array)
#5 E:\APLIKASI\koding\siakad\system\CodeIgniter.php(802): App\Controllers\Pendidik->tambah_keluarga()
#6 E:\APLIKASI\koding\siakad\system\CodeIgniter.php(399): CodeIgniter\CodeIgniter->runController(Object(App\Controllers\Pendidik))
#7 E:\APLIKASI\koding\siakad\system\CodeIgniter.php(317): CodeIgniter\CodeIgniter->handleRequest(NULL, Object(Config\Cache), false)
#8 E:\APLIKASI\koding\siakad\public\index.php(37): CodeIgniter\CodeIgniter->run()
#9 E:\APLIKASI\koding\siakad\system\Commands\Server\rewrite.php(43): require_once('E:\\APLIKASI\\kod...')
#10 {main}
CRITICAL - 2025-04-25 08:22:40 --> Undefined variable: guru
#0 E:\APLIKASI\koding\siakad\app\Views\guru\tambah_keluarga.php(16): CodeIgniter\Debug\Exceptions->errorHandler(8, 'Undefined varia...', 'E:\\APLIKASI\\kod...', 16, Array)
#1 E:\APLIKASI\koding\siakad\system\View\View.php(214): include('E:\\APLIKASI\\kod...')
#2 E:\APLIKASI\koding\siakad\system\View\View.php(217): CodeIgniter\View\View->CodeIgniter\View\{closure}()
#3 E:\APLIKASI\koding\siakad\system\Common.php(1092): CodeIgniter\View\View->render('guru/tambah_kel...', Array, true)
#4 E:\APLIKASI\koding\siakad\app\Controllers\Pendidik.php(69): view('guru/tambah_kel...', Array)
#5 E:\APLIKASI\koding\siakad\system\CodeIgniter.php(802): App\Controllers\Pendidik->tambah_keluarga()
#6 E:\APLIKASI\koding\siakad\system\CodeIgniter.php(399): CodeIgniter\CodeIgniter->runController(Object(App\Controllers\Pendidik))
#7 E:\APLIKASI\koding\siakad\system\CodeIgniter.php(317): CodeIgniter\CodeIgniter->handleRequest(NULL, Object(Config\Cache), false)
#8 E:\APLIKASI\koding\siakad\public\index.php(37): CodeIgniter\CodeIgniter->run()
#9 E:\APLIKASI\koding\siakad\system\Commands\Server\rewrite.php(43): require_once('E:\\APLIKASI\\kod...')
#10 {main}
CRITICAL - 2025-04-25 08:23:01 --> Undefined variable: validation
#0 E:\APLIKASI\koding\siakad\app\Views\guru\tambah_keluarga.php(53): CodeIgniter\Debug\Exceptions->errorHandler(8, 'Undefined varia...', 'E:\\APLIKASI\\kod...', 53, Array)
#1 E:\APLIKASI\koding\siakad\system\View\View.php(214): include('E:\\APLIKASI\\kod...')
#2 E:\APLIKASI\koding\siakad\system\View\View.php(217): CodeIgniter\View\View->CodeIgniter\View\{closure}()
#3 E:\APLIKASI\koding\siakad\system\Common.php(1092): CodeIgniter\View\View->render('guru/tambah_kel...', Array, true)
#4 E:\APLIKASI\koding\siakad\app\Controllers\Pendidik.php(69): view('guru/tambah_kel...', Array)
#5 E:\APLIKASI\koding\siakad\system\CodeIgniter.php(802): App\Controllers\Pendidik->tambah_keluarga()
#6 E:\APLIKASI\koding\siakad\system\CodeIgniter.php(399): CodeIgniter\CodeIgniter->runController(Object(App\Controllers\Pendidik))
#7 E:\APLIKASI\koding\siakad\system\CodeIgniter.php(317): CodeIgniter\CodeIgniter->handleRequest(NULL, Object(Config\Cache), false)
#8 E:\APLIKASI\koding\siakad\public\index.php(37): CodeIgniter\CodeIgniter->run()
#9 E:\APLIKASI\koding\siakad\system\Commands\Server\rewrite.php(43): require_once('E:\\APLIKASI\\kod...')
#10 {main}
CRITICAL - 2025-04-25 08:25:42 --> Undefined variable: ta
#0 E:\APLIKASI\koding\siakad\app\Views\admin\nilai\uts.php(8): CodeIgniter\Debug\Exceptions->errorHandler(8, 'Undefined varia...', 'E:\\APLIKASI\\kod...', 8, Array)
#1 E:\APLIKASI\koding\siakad\system\View\View.php(214): include('E:\\APLIKASI\\kod...')
#2 E:\APLIKASI\koding\siakad\system\View\View.php(217): CodeIgniter\View\View->CodeIgniter\View\{closure}()
#3 E:\APLIKASI\koding\siakad\system\Common.php(1092): CodeIgniter\View\View->render('admin/nilai/uts', Array, true)
#4 E:\APLIKASI\koding\siakad\app\Controllers\Nilai.php(38): view('admin/nilai/uts', Array)
#5 E:\APLIKASI\koding\siakad\system\CodeIgniter.php(802): App\Controllers\Nilai->index()
#6 E:\APLIKASI\koding\siakad\system\CodeIgniter.php(399): CodeIgniter\CodeIgniter->runController(Object(App\Controllers\Nilai))
#7 E:\APLIKASI\koding\siakad\system\CodeIgniter.php(317): CodeIgniter\CodeIgniter->handleRequest(NULL, Object(Config\Cache), false)
#8 E:\APLIKASI\koding\siakad\public\index.php(37): CodeIgniter\CodeIgniter->run()
#9 E:\APLIKASI\koding\siakad\system\Commands\Server\rewrite.php(43): require_once('E:\\APLIKASI\\kod...')
#10 {main}
ERROR - 2025-04-25 08:25:47 --> Unknown column 'tbl_mutasi.status_mutasi' in 'where clause'
CRITICAL - 2025-04-25 08:25:47 --> Unknown column 'tbl_mutasi.status_mutasi' in 'where clause'
#0 E:\APLIKASI\koding\siakad\system\Database\MySQLi\Connection.php(280): mysqli->query('SELECT *\nFROM `...')
#1 E:\APLIKASI\koding\siakad\system\Database\BaseConnection.php(663): CodeIgniter\Database\MySQLi\Connection->execute('SELECT *\nFROM `...')
#2 E:\APLIKASI\koding\siakad\system\Database\BaseConnection.php(591): CodeIgniter\Database\BaseConnection->simpleQuery('SELECT *\nFROM `...')
#3 E:\APLIKASI\koding\siakad\system\Database\BaseBuilder.php(1428): CodeIgniter\Database\BaseConnection->query('SELECT *\nFROM `...', Array, false)
#4 E:\APLIKASI\koding\siakad\app\Models\ModelPendidik.php(58): CodeIgniter\Database\BaseBuilder->get()
#5 E:\APLIKASI\koding\siakad\app\Controllers\Pendidik.php(183): App\Models\ModelPendidik->mutasi('6')
#6 E:\APLIKASI\koding\siakad\system\CodeIgniter.php(802): App\Controllers\Pendidik->pengajuan()
#7 E:\APLIKASI\koding\siakad\system\CodeIgniter.php(399): CodeIgniter\CodeIgniter->runController(Object(App\Controllers\Pendidik))
#8 E:\APLIKASI\koding\siakad\system\CodeIgniter.php(317): CodeIgniter\CodeIgniter->handleRequest(NULL, Object(Config\Cache), false)
#9 E:\APLIKASI\koding\siakad\public\index.php(37): CodeIgniter\CodeIgniter->run()
#10 E:\APLIKASI\koding\siakad\system\Commands\Server\rewrite.php(43): require_once('E:\\APLIKASI\\kod...')
#11 {main}
ERROR - 2025-04-25 08:30:07 --> Unknown column 'tbl_mutasi.status_mutasi' in 'where clause'
CRITICAL - 2025-04-25 08:30:07 --> Unknown column 'tbl_mutasi.status_mutasi' in 'where clause'
#0 E:\APLIKASI\koding\siakad\system\Database\MySQLi\Connection.php(280): mysqli->query('SELECT *\nFROM `...')
#1 E:\APLIKASI\koding\siakad\system\Database\BaseConnection.php(663): CodeIgniter\Database\MySQLi\Connection->execute('SELECT *\nFROM `...')
#2 E:\APLIKASI\koding\siakad\system\Database\BaseConnection.php(591): CodeIgniter\Database\BaseConnection->simpleQuery('SELECT *\nFROM `...')
#3 E:\APLIKASI\koding\siakad\system\Database\BaseBuilder.php(1428): CodeIgniter\Database\BaseConnection->query('SELECT *\nFROM `...', Array, false)
#4 E:\APLIKASI\koding\siakad\app\Models\ModelPendidik.php(58): CodeIgniter\Database\BaseBuilder->get()
#5 E:\APLIKASI\koding\siakad\app\Controllers\Pendidik.php(183): App\Models\ModelPendidik->mutasi('6')
#6 E:\APLIKASI\koding\siakad\system\CodeIgniter.php(802): App\Controllers\Pendidik->pengajuan()
#7 E:\APLIKASI\koding\siakad\system\CodeIgniter.php(399): CodeIgniter\CodeIgniter->runController(Object(App\Controllers\Pendidik))
#8 E:\APLIKASI\koding\siakad\system\CodeIgniter.php(317): CodeIgniter\CodeIgniter->handleRequest(NULL, Object(Config\Cache), false)
#9 E:\APLIKASI\koding\siakad\public\index.php(37): CodeIgniter\CodeIgniter->run()
#10 E:\APLIKASI\koding\siakad\system\Commands\Server\rewrite.php(43): require_once('E:\\APLIKASI\\kod...')
#11 {main}
ERROR - 2025-04-25 08:30:10 --> Unknown column 'tbl_mutasi.status_mutasi' in 'where clause'
CRITICAL - 2025-04-25 08:30:10 --> Unknown column 'tbl_mutasi.status_mutasi' in 'where clause'
#0 E:\APLIKASI\koding\siakad\system\Database\MySQLi\Connection.php(280): mysqli->query('SELECT *\nFROM `...')
#1 E:\APLIKASI\koding\siakad\system\Database\BaseConnection.php(663): CodeIgniter\Database\MySQLi\Connection->execute('SELECT *\nFROM `...')
#2 E:\APLIKASI\koding\siakad\system\Database\BaseConnection.php(591): CodeIgniter\Database\BaseConnection->simpleQuery('SELECT *\nFROM `...')
#3 E:\APLIKASI\koding\siakad\system\Database\BaseBuilder.php(1428): CodeIgniter\Database\BaseConnection->query('SELECT *\nFROM `...', Array, false)
#4 E:\APLIKASI\koding\siakad\app\Models\ModelPendidik.php(58): CodeIgniter\Database\BaseBuilder->get()
#5 E:\APLIKASI\koding\siakad\app\Controllers\Pendidik.php(183): App\Models\ModelPendidik->mutasi('6')
#6 E:\APLIKASI\koding\siakad\system\CodeIgniter.php(802): App\Controllers\Pendidik->pengajuan()
#7 E:\APLIKASI\koding\siakad\system\CodeIgniter.php(399): CodeIgniter\CodeIgniter->runController(Object(App\Controllers\Pendidik))
#8 E:\APLIKASI\koding\siakad\system\CodeIgniter.php(317): CodeIgniter\CodeIgniter->handleRequest(NULL, Object(Config\Cache), false)
#9 E:\APLIKASI\koding\siakad\public\index.php(37): CodeIgniter\CodeIgniter->run()
#10 E:\APLIKASI\koding\siakad\system\Commands\Server\rewrite.php(43): require_once('E:\\APLIKASI\\kod...')
#11 {main}
CRITICAL - 2025-04-25 10:08:28 --> Call to undefined function form_open()
#0 E:\APLIKASI\koding\siakad\system\View\View.php(214): include()
#1 E:\APLIKASI\koding\siakad\system\View\View.php(217): CodeIgniter\View\View->CodeIgniter\View\{closure}()
#2 E:\APLIKASI\koding\siakad\system\Common.php(1092): CodeIgniter\View\View->render('guru/tambah_kel...', Array, true)
#3 E:\APLIKASI\koding\siakad\app\Controllers\Pendidik.php(70): view('guru/tambah_kel...', Array)
#4 E:\APLIKASI\koding\siakad\system\CodeIgniter.php(802): App\Controllers\Pendidik->tambah_keluarga()
#5 E:\APLIKASI\koding\siakad\system\CodeIgniter.php(399): CodeIgniter\CodeIgniter->runController(Object(App\Controllers\Pendidik))
#6 E:\APLIKASI\koding\siakad\system\CodeIgniter.php(317): CodeIgniter\CodeIgniter->handleRequest(NULL, Object(Config\Cache), false)
#7 E:\APLIKASI\koding\siakad\public\index.php(37): CodeIgniter\CodeIgniter->run()
#8 E:\APLIKASI\koding\siakad\system\Commands\Server\rewrite.php(43): require_once('E:\\APLIKASI\\kod...')
#9 {main}
CRITICAL - 2025-04-25 10:12:19 --> You must set the database table to be used with your query.
#0 E:\APLIKASI\koding\siakad\system\Model.php(545): CodeIgniter\Database\BaseConnection->table(NULL)
#1 E:\APLIKASI\koding\siakad\system\Model.php(719): CodeIgniter\Model->builder()
#2 E:\APLIKASI\koding\siakad\app\Controllers\Pendidik.php(363): CodeIgniter\Model->__call('addkeluarga', Array)
#3 E:\APLIKASI\koding\siakad\system\CodeIgniter.php(802): App\Controllers\Pendidik->tambahkeluarga()
#4 E:\APLIKASI\koding\siakad\system\CodeIgniter.php(399): CodeIgniter\CodeIgniter->runController(Object(App\Controllers\Pendidik))
#5 E:\APLIKASI\koding\siakad\system\CodeIgniter.php(317): CodeIgniter\CodeIgniter->handleRequest(NULL, Object(Config\Cache), false)
#6 E:\APLIKASI\koding\siakad\public\index.php(37): CodeIgniter\CodeIgniter->run()
#7 E:\APLIKASI\koding\siakad\system\Commands\Server\rewrite.php(43): require_once('E:\\APLIKASI\\kod...')
#8 {main}
ERROR - 2025-04-25 10:12:49 --> Unknown column 'nambah_anggota' in 'field list'
CRITICAL - 2025-04-25 10:12:49 --> Unknown column 'nambah_anggota' in 'field list'
#0 E:\APLIKASI\koding\siakad\system\Database\MySQLi\Connection.php(280): mysqli->query('INSERT INTO `ta...')
#1 E:\APLIKASI\koding\siakad\system\Database\BaseConnection.php(663): CodeIgniter\Database\MySQLi\Connection->execute('INSERT INTO `ta...')
#2 E:\APLIKASI\koding\siakad\system\Database\BaseConnection.php(591): CodeIgniter\Database\BaseConnection->simpleQuery('INSERT INTO `ta...')
#3 E:\APLIKASI\koding\siakad\system\Database\BaseBuilder.php(1733): CodeIgniter\Database\BaseConnection->query('INSERT INTO `ta...', Array, false)
#4 E:\APLIKASI\koding\siakad\app\Models\ModelPendidik.php(104): CodeIgniter\Database\BaseBuilder->insert(Array)
#5 E:\APLIKASI\koding\siakad\app\Controllers\Pendidik.php(363): App\Models\ModelPendidik->addkeluarga(Array)
#6 E:\APLIKASI\koding\siakad\system\CodeIgniter.php(802): App\Controllers\Pendidik->tambahkeluarga()
#7 E:\APLIKASI\koding\siakad\system\CodeIgniter.php(399): CodeIgniter\CodeIgniter->runController(Object(App\Controllers\Pendidik))
#8 E:\APLIKASI\koding\siakad\system\CodeIgniter.php(317): CodeIgniter\CodeIgniter->handleRequest(NULL, Object(Config\Cache), false)
#9 E:\APLIKASI\koding\siakad\public\index.php(37): CodeIgniter\CodeIgniter->run()
#10 E:\APLIKASI\koding\siakad\system\Commands\Server\rewrite.php(43): require_once('E:\\APLIKASI\\kod...')
#11 {main}
ERROR - 2025-04-25 10:13:30 --> Column 'status' cannot be null
CRITICAL - 2025-04-25 10:13:30 --> Column 'status' cannot be null
#0 E:\APLIKASI\koding\siakad\system\Database\MySQLi\Connection.php(280): mysqli->query('INSERT INTO `ta...')
#1 E:\APLIKASI\koding\siakad\system\Database\BaseConnection.php(663): CodeIgniter\Database\MySQLi\Connection->execute('INSERT INTO `ta...')
#2 E:\APLIKASI\koding\siakad\system\Database\BaseConnection.php(591): CodeIgniter\Database\BaseConnection->simpleQuery('INSERT INTO `ta...')
#3 E:\APLIKASI\koding\siakad\system\Database\BaseBuilder.php(1733): CodeIgniter\Database\BaseConnection->query('INSERT INTO `ta...', Array, false)
#4 E:\APLIKASI\koding\siakad\app\Models\ModelPendidik.php(104): CodeIgniter\Database\BaseBuilder->insert(Array)
#5 E:\APLIKASI\koding\siakad\app\Controllers\Pendidik.php(363): App\Models\ModelPendidik->addkeluarga(Array)
#6 E:\APLIKASI\koding\siakad\system\CodeIgniter.php(802): App\Controllers\Pendidik->tambahkeluarga()
#7 E:\APLIKASI\koding\siakad\system\CodeIgniter.php(399): CodeIgniter\CodeIgniter->runController(Object(App\Controllers\Pendidik))
#8 E:\APLIKASI\koding\siakad\system\CodeIgniter.php(317): CodeIgniter\CodeIgniter->handleRequest(NULL, Object(Config\Cache), false)
#9 E:\APLIKASI\koding\siakad\public\index.php(37): CodeIgniter\CodeIgniter->run()
#10 E:\APLIKASI\koding\siakad\system\Commands\Server\rewrite.php(43): require_once('E:\\APLIKASI\\kod...')
#11 {main}
CRITICAL - 2025-04-25 13:44:36 --> Call to undefined function App\Controllers\formatindo()
#0 E:\APLIKASI\koding\siakad\system\CodeIgniter.php(802): App\Controllers\Pendidik->editguru('6')
#1 E:\APLIKASI\koding\siakad\system\CodeIgniter.php(399): CodeIgniter\CodeIgniter->runController(Object(App\Controllers\Pendidik))
#2 E:\APLIKASI\koding\siakad\system\CodeIgniter.php(317): CodeIgniter\CodeIgniter->handleRequest(NULL, Object(Config\Cache), false)
#3 E:\APLIKASI\koding\siakad\public\index.php(37): CodeIgniter\CodeIgniter->run()
#4 E:\APLIKASI\koding\siakad\system\Commands\Server\rewrite.php(43): require_once('E:\\APLIKASI\\kod...')
#5 {main}
CRITICAL - 2025-04-25 13:46:19 --> You must set the database table to be used with your query.
#0 E:\APLIKASI\koding\siakad\system\Model.php(545): CodeIgniter\Database\BaseConnection->table(NULL)
#1 E:\APLIKASI\koding\siakad\system\Model.php(719): CodeIgniter\Model->builder()
#2 E:\APLIKASI\koding\siakad\app\Controllers\Pendidik.php(382): CodeIgniter\Model->__call('edit', Array)
#3 E:\APLIKASI\koding\siakad\system\CodeIgniter.php(802): App\Controllers\Pendidik->editguru('6')
#4 E:\APLIKASI\koding\siakad\system\CodeIgniter.php(399): CodeIgniter\CodeIgniter->runController(Object(App\Controllers\Pendidik))
#5 E:\APLIKASI\koding\siakad\system\CodeIgniter.php(317): CodeIgniter\CodeIgniter->handleRequest(NULL, Object(Config\Cache), false)
#6 E:\APLIKASI\koding\siakad\public\index.php(37): CodeIgniter\CodeIgniter->run()
#7 E:\APLIKASI\koding\siakad\system\Commands\Server\rewrite.php(43): require_once('E:\\APLIKASI\\kod...')
#8 {main}
ERROR - 2025-04-25 13:47:34 --> Unknown column 'tgl_lagir' in 'field list'
CRITICAL - 2025-04-25 13:47:34 --> Unknown column 'tgl_lagir' in 'field list'
#0 E:\APLIKASI\koding\siakad\system\Database\MySQLi\Connection.php(280): mysqli->query('UPDATE `tbl_gur...')
#1 E:\APLIKASI\koding\siakad\system\Database\BaseConnection.php(663): CodeIgniter\Database\MySQLi\Connection->execute('UPDATE `tbl_gur...')
#2 E:\APLIKASI\koding\siakad\system\Database\BaseConnection.php(591): CodeIgniter\Database\BaseConnection->simpleQuery('UPDATE `tbl_gur...')
#3 E:\APLIKASI\koding\siakad\system\Database\BaseBuilder.php(1875): CodeIgniter\Database\BaseConnection->query('UPDATE `tbl_gur...', Array, false)
#4 E:\APLIKASI\koding\siakad\app\Models\ModelPendidik.php(111): CodeIgniter\Database\BaseBuilder->update(Array)
#5 E:\APLIKASI\koding\siakad\app\Controllers\Pendidik.php(382): App\Models\ModelPendidik->edit(Array)
#6 E:\APLIKASI\koding\siakad\system\CodeIgniter.php(802): App\Controllers\Pendidik->editguru('6')
#7 E:\APLIKASI\koding\siakad\system\CodeIgniter.php(399): CodeIgniter\CodeIgniter->runController(Object(App\Controllers\Pendidik))
#8 E:\APLIKASI\koding\siakad\system\CodeIgniter.php(317): CodeIgniter\CodeIgniter->handleRequest(NULL, Object(Config\Cache), false)
#9 E:\APLIKASI\koding\siakad\public\index.php(37): CodeIgniter\CodeIgniter->run()
#10 E:\APLIKASI\koding\siakad\system\Commands\Server\rewrite.php(43): require_once('E:\\APLIKASI\\kod...')
#11 {main}
ERROR - 2025-04-25 13:47:54 --> Unknown column 'prov_guru' in 'field list'
CRITICAL - 2025-04-25 13:47:54 --> Unknown column 'prov_guru' in 'field list'
#0 E:\APLIKASI\koding\siakad\system\Database\MySQLi\Connection.php(280): mysqli->query('UPDATE `tbl_gur...')
#1 E:\APLIKASI\koding\siakad\system\Database\BaseConnection.php(663): CodeIgniter\Database\MySQLi\Connection->execute('UPDATE `tbl_gur...')
#2 E:\APLIKASI\koding\siakad\system\Database\BaseConnection.php(591): CodeIgniter\Database\BaseConnection->simpleQuery('UPDATE `tbl_gur...')
#3 E:\APLIKASI\koding\siakad\system\Database\BaseBuilder.php(1875): CodeIgniter\Database\BaseConnection->query('UPDATE `tbl_gur...', Array, false)
#4 E:\APLIKASI\koding\siakad\app\Models\ModelPendidik.php(111): CodeIgniter\Database\BaseBuilder->update(Array)
#5 E:\APLIKASI\koding\siakad\app\Controllers\Pendidik.php(381): App\Models\ModelPendidik->edit(Array)
#6 E:\APLIKASI\koding\siakad\system\CodeIgniter.php(802): App\Controllers\Pendidik->editguru('6')
#7 E:\APLIKASI\koding\siakad\system\CodeIgniter.php(399): CodeIgniter\CodeIgniter->runController(Object(App\Controllers\Pendidik))
#8 E:\APLIKASI\koding\siakad\system\CodeIgniter.php(317): CodeIgniter\CodeIgniter->handleRequest(NULL, Object(Config\Cache), false)
#9 E:\APLIKASI\koding\siakad\public\index.php(37): CodeIgniter\CodeIgniter->run()
#10 E:\APLIKASI\koding\siakad\system\Commands\Server\rewrite.php(43): require_once('E:\\APLIKASI\\kod...')
#11 {main}
CRITICAL - 2025-04-25 14:13:42 --> Call to undefined function formatindo()
#0 E:\APLIKASI\koding\siakad\system\View\View.php(214): include()
#1 E:\APLIKASI\koding\siakad\system\View\View.php(217): CodeIgniter\View\View->CodeIgniter\View\{closure}()
#2 E:\APLIKASI\koding\siakad\system\Common.php(1092): CodeIgniter\View\View->render('guru/edit_guru', Array, true)
#3 E:\APLIKASI\koding\siakad\app\Controllers\Pendidik.php(57): view('guru/edit_guru', Array)
#4 E:\APLIKASI\koding\siakad\system\CodeIgniter.php(802): App\Controllers\Pendidik->profile()
#5 E:\APLIKASI\koding\siakad\system\CodeIgniter.php(399): CodeIgniter\CodeIgniter->runController(Object(App\Controllers\Pendidik))
#6 E:\APLIKASI\koding\siakad\system\CodeIgniter.php(317): CodeIgniter\CodeIgniter->handleRequest(NULL, Object(Config\Cache), false)
#7 E:\APLIKASI\koding\siakad\public\index.php(37): CodeIgniter\CodeIgniter->run()
#8 E:\APLIKASI\koding\siakad\system\Commands\Server\rewrite.php(43): require_once('E:\\APLIKASI\\kod...')
#9 {main}
CRITICAL - 2025-04-25 14:14:07 --> Undefined offset: -1
#0 E:\APLIKASI\koding\siakad\app\Helpers\formatindo_helper.php(15): CodeIgniter\Debug\Exceptions->errorHandler(8, 'Undefined offse...', 'E:\\APLIKASI\\kod...', 15, Array)
#1 E:\APLIKASI\koding\siakad\app\Views\guru\edit_guru.php(220): formatindo('Garut')
#2 E:\APLIKASI\koding\siakad\system\View\View.php(214): include('E:\\APLIKASI\\kod...')
#3 E:\APLIKASI\koding\siakad\system\View\View.php(217): CodeIgniter\View\View->CodeIgniter\View\{closure}()
#4 E:\APLIKASI\koding\siakad\system\Common.php(1092): CodeIgniter\View\View->render('guru/edit_guru', Array, true)
#5 E:\APLIKASI\koding\siakad\app\Controllers\Pendidik.php(58): view('guru/edit_guru', Array)
#6 E:\APLIKASI\koding\siakad\system\CodeIgniter.php(802): App\Controllers\Pendidik->profile()
#7 E:\APLIKASI\koding\siakad\system\CodeIgniter.php(399): CodeIgniter\CodeIgniter->runController(Object(App\Controllers\Pendidik))
#8 E:\APLIKASI\koding\siakad\system\CodeIgniter.php(317): CodeIgniter\CodeIgniter->handleRequest(NULL, Object(Config\Cache), false)
#9 E:\APLIKASI\koding\siakad\public\index.php(37): CodeIgniter\CodeIgniter->run()
#10 E:\APLIKASI\koding\siakad\system\Commands\Server\rewrite.php(43): require_once('E:\\APLIKASI\\kod...')
#11 {main}
CRITICAL - 2025-04-25 14:16:13 --> Undefined offset: -1
#0 E:\APLIKASI\koding\siakad\app\Helpers\formatindo_helper.php(15): CodeIgniter\Debug\Exceptions->errorHandler(8, 'Undefined offse...', 'E:\\APLIKASI\\kod...', 15, Array)
#1 E:\APLIKASI\koding\siakad\app\Views\guru\edit_guru.php(220): formatindo('Garut')
#2 E:\APLIKASI\koding\siakad\system\View\View.php(214): include('E:\\APLIKASI\\kod...')
#3 E:\APLIKASI\koding\siakad\system\View\View.php(217): CodeIgniter\View\View->CodeIgniter\View\{closure}()
#4 E:\APLIKASI\koding\siakad\system\Common.php(1092): CodeIgniter\View\View->render('guru/edit_guru', Array, true)
#5 E:\APLIKASI\koding\siakad\app\Controllers\Pendidik.php(58): view('guru/edit_guru', Array)
#6 E:\APLIKASI\koding\siakad\system\CodeIgniter.php(802): App\Controllers\Pendidik->profile()
#7 E:\APLIKASI\koding\siakad\system\CodeIgniter.php(399): CodeIgniter\CodeIgniter->runController(Object(App\Controllers\Pendidik))
#8 E:\APLIKASI\koding\siakad\system\CodeIgniter.php(317): CodeIgniter\CodeIgniter->handleRequest(NULL, Object(Config\Cache), false)
#9 E:\APLIKASI\koding\siakad\public\index.php(37): CodeIgniter\CodeIgniter->run()
#10 E:\APLIKASI\koding\siakad\system\Commands\Server\rewrite.php(43): require_once('E:\\APLIKASI\\kod...')
#11 {main}
CRITICAL - 2025-04-25 14:18:58 --> Trying to access array offset on value of type null
#0 E:\APLIKASI\koding\siakad\app\Views\guru\edit_guru.php(7): CodeIgniter\Debug\Exceptions->errorHandler(8, 'Trying to acces...', 'E:\\APLIKASI\\kod...', 7, Array)
#1 E:\APLIKASI\koding\siakad\system\View\View.php(214): include('E:\\APLIKASI\\kod...')
#2 E:\APLIKASI\koding\siakad\system\View\View.php(217): CodeIgniter\View\View->CodeIgniter\View\{closure}()
#3 E:\APLIKASI\koding\siakad\system\Common.php(1092): CodeIgniter\View\View->render('guru/edit_guru', Array, true)
#4 E:\APLIKASI\koding\siakad\app\Controllers\Pendidik.php(58): view('guru/edit_guru', Array)
#5 E:\APLIKASI\koding\siakad\system\CodeIgniter.php(802): App\Controllers\Pendidik->profile()
#6 E:\APLIKASI\koding\siakad\system\CodeIgniter.php(399): CodeIgniter\CodeIgniter->runController(Object(App\Controllers\Pendidik))
#7 E:\APLIKASI\koding\siakad\system\CodeIgniter.php(317): CodeIgniter\CodeIgniter->handleRequest(NULL, Object(Config\Cache), false)
#8 E:\APLIKASI\koding\siakad\public\index.php(37): CodeIgniter\CodeIgniter->run()
#9 E:\APLIKASI\koding\siakad\system\Commands\Server\rewrite.php(43): require_once('E:\\APLIKASI\\kod...')
#10 {main}
CRITICAL - 2025-04-25 14:19:35 --> Trying to access array offset on value of type null
#0 E:\APLIKASI\koding\siakad\app\Views\guru\edit_guru.php(7): CodeIgniter\Debug\Exceptions->errorHandler(8, 'Trying to acces...', 'E:\\APLIKASI\\kod...', 7, Array)
#1 E:\APLIKASI\koding\siakad\system\View\View.php(214): include('E:\\APLIKASI\\kod...')
#2 E:\APLIKASI\koding\siakad\system\View\View.php(217): CodeIgniter\View\View->CodeIgniter\View\{closure}()
#3 E:\APLIKASI\koding\siakad\system\Common.php(1092): CodeIgniter\View\View->render('guru/edit_guru', Array, true)
#4 E:\APLIKASI\koding\siakad\app\Controllers\Pendidik.php(58): view('guru/edit_guru', Array)
#5 E:\APLIKASI\koding\siakad\system\CodeIgniter.php(802): App\Controllers\Pendidik->profile()
#6 E:\APLIKASI\koding\siakad\system\CodeIgniter.php(399): CodeIgniter\CodeIgniter->runController(Object(App\Controllers\Pendidik))
#7 E:\APLIKASI\koding\siakad\system\CodeIgniter.php(317): CodeIgniter\CodeIgniter->handleRequest(NULL, Object(Config\Cache), false)
#8 E:\APLIKASI\koding\siakad\public\index.php(37): CodeIgniter\CodeIgniter->run()
#9 E:\APLIKASI\koding\siakad\system\Commands\Server\rewrite.php(43): require_once('E:\\APLIKASI\\kod...')
#10 {main}
CRITICAL - 2025-04-25 14:19:51 --> Trying to access array offset on value of type null
#0 E:\APLIKASI\koding\siakad\app\Views\guru\edit_guru.php(7): CodeIgniter\Debug\Exceptions->errorHandler(8, 'Trying to acces...', 'E:\\APLIKASI\\kod...', 7, Array)
#1 E:\APLIKASI\koding\siakad\system\View\View.php(214): include('E:\\APLIKASI\\kod...')
#2 E:\APLIKASI\koding\siakad\system\View\View.php(217): CodeIgniter\View\View->CodeIgniter\View\{closure}()
#3 E:\APLIKASI\koding\siakad\system\Common.php(1092): CodeIgniter\View\View->render('guru/edit_guru', Array, true)
#4 E:\APLIKASI\koding\siakad\app\Controllers\Pendidik.php(58): view('guru/edit_guru', Array)
#5 E:\APLIKASI\koding\siakad\system\CodeIgniter.php(802): App\Controllers\Pendidik->profile()
#6 E:\APLIKASI\koding\siakad\system\CodeIgniter.php(399): CodeIgniter\CodeIgniter->runController(Object(App\Controllers\Pendidik))
#7 E:\APLIKASI\koding\siakad\system\CodeIgniter.php(317): CodeIgniter\CodeIgniter->handleRequest(NULL, Object(Config\Cache), false)
#8 E:\APLIKASI\koding\siakad\public\index.php(37): CodeIgniter\CodeIgniter->run()
#9 E:\APLIKASI\koding\siakad\system\Commands\Server\rewrite.php(43): require_once('E:\\APLIKASI\\kod...')
#10 {main}
CRITICAL - 2025-04-25 14:21:45 --> Trying to access array offset on value of type null
#0 E:\APLIKASI\koding\siakad\app\Views\guru\edit_guru.php(7): CodeIgniter\Debug\Exceptions->errorHandler(8, 'Trying to acces...', 'E:\\APLIKASI\\kod...', 7, Array)
#1 E:\APLIKASI\koding\siakad\system\View\View.php(214): include('E:\\APLIKASI\\kod...')
#2 E:\APLIKASI\koding\siakad\system\View\View.php(217): CodeIgniter\View\View->CodeIgniter\View\{closure}()
#3 E:\APLIKASI\koding\siakad\system\Common.php(1092): CodeIgniter\View\View->render('guru/edit_guru', Array, true)
#4 E:\APLIKASI\koding\siakad\app\Controllers\Pendidik.php(58): view('guru/edit_guru', Array)
#5 E:\APLIKASI\koding\siakad\system\CodeIgniter.php(802): App\Controllers\Pendidik->profile()
#6 E:\APLIKASI\koding\siakad\system\CodeIgniter.php(399): CodeIgniter\CodeIgniter->runController(Object(App\Controllers\Pendidik))
#7 E:\APLIKASI\koding\siakad\system\CodeIgniter.php(317): CodeIgniter\CodeIgniter->handleRequest(NULL, Object(Config\Cache), false)
#8 E:\APLIKASI\koding\siakad\public\index.php(37): CodeIgniter\CodeIgniter->run()
#9 E:\APLIKASI\koding\siakad\system\Commands\Server\rewrite.php(43): require_once('E:\\APLIKASI\\kod...')
#10 {main}
CRITICAL - 2025-04-25 14:22:04 --> Trying to access array offset on value of type null
#0 E:\APLIKASI\koding\siakad\app\Views\guru\edit_guru.php(7): CodeIgniter\Debug\Exceptions->errorHandler(8, 'Trying to acces...', 'E:\\APLIKASI\\kod...', 7, Array)
#1 E:\APLIKASI\koding\siakad\system\View\View.php(214): include('E:\\APLIKASI\\kod...')
#2 E:\APLIKASI\koding\siakad\system\View\View.php(217): CodeIgniter\View\View->CodeIgniter\View\{closure}()
#3 E:\APLIKASI\koding\siakad\system\Common.php(1092): CodeIgniter\View\View->render('guru/edit_guru', Array, true)
#4 E:\APLIKASI\koding\siakad\app\Controllers\Pendidik.php(58): view('guru/edit_guru', Array)
#5 E:\APLIKASI\koding\siakad\system\CodeIgniter.php(802): App\Controllers\Pendidik->profile()
#6 E:\APLIKASI\koding\siakad\system\CodeIgniter.php(399): CodeIgniter\CodeIgniter->runController(Object(App\Controllers\Pendidik))
#7 E:\APLIKASI\koding\siakad\system\CodeIgniter.php(317): CodeIgniter\CodeIgniter->handleRequest(NULL, Object(Config\Cache), false)
#8 E:\APLIKASI\koding\siakad\public\index.php(37): CodeIgniter\CodeIgniter->run()
#9 E:\APLIKASI\koding\siakad\system\Commands\Server\rewrite.php(43): require_once('E:\\APLIKASI\\kod...')
#10 {main}
CRITICAL - 2025-04-25 14:22:06 --> Trying to access array offset on value of type null
#0 E:\APLIKASI\koding\siakad\app\Views\guru\edit_guru.php(7): CodeIgniter\Debug\Exceptions->errorHandler(8, 'Trying to acces...', 'E:\\APLIKASI\\kod...', 7, Array)
#1 E:\APLIKASI\koding\siakad\system\View\View.php(214): include('E:\\APLIKASI\\kod...')
#2 E:\APLIKASI\koding\siakad\system\View\View.php(217): CodeIgniter\View\View->CodeIgniter\View\{closure}()
#3 E:\APLIKASI\koding\siakad\system\Common.php(1092): CodeIgniter\View\View->render('guru/edit_guru', Array, true)
#4 E:\APLIKASI\koding\siakad\app\Controllers\Pendidik.php(58): view('guru/edit_guru', Array)
#5 E:\APLIKASI\koding\siakad\system\CodeIgniter.php(802): App\Controllers\Pendidik->profile()
#6 E:\APLIKASI\koding\siakad\system\CodeIgniter.php(399): CodeIgniter\CodeIgniter->runController(Object(App\Controllers\Pendidik))
#7 E:\APLIKASI\koding\siakad\system\CodeIgniter.php(317): CodeIgniter\CodeIgniter->handleRequest(NULL, Object(Config\Cache), false)
#8 E:\APLIKASI\koding\siakad\public\index.php(37): CodeIgniter\CodeIgniter->run()
#9 E:\APLIKASI\koding\siakad\system\Commands\Server\rewrite.php(43): require_once('E:\\APLIKASI\\kod...')
#10 {main}
CRITICAL - 2025-04-25 14:22:29 --> Trying to access array offset on value of type null
#0 E:\APLIKASI\koding\siakad\app\Views\guru\edit_guru.php(14): CodeIgniter\Debug\Exceptions->errorHandler(8, 'Trying to acces...', 'E:\\APLIKASI\\kod...', 14, Array)
#1 E:\APLIKASI\koding\siakad\system\View\View.php(214): include('E:\\APLIKASI\\kod...')
#2 E:\APLIKASI\koding\siakad\system\View\View.php(217): CodeIgniter\View\View->CodeIgniter\View\{closure}()
#3 E:\APLIKASI\koding\siakad\system\Common.php(1092): CodeIgniter\View\View->render('guru/edit_guru', Array, true)
#4 E:\APLIKASI\koding\siakad\app\Controllers\Pendidik.php(58): view('guru/edit_guru', Array)
#5 E:\APLIKASI\koding\siakad\system\CodeIgniter.php(802): App\Controllers\Pendidik->profile()
#6 E:\APLIKASI\koding\siakad\system\CodeIgniter.php(399): CodeIgniter\CodeIgniter->runController(Object(App\Controllers\Pendidik))
#7 E:\APLIKASI\koding\siakad\system\CodeIgniter.php(317): CodeIgniter\CodeIgniter->handleRequest(NULL, Object(Config\Cache), false)
#8 E:\APLIKASI\koding\siakad\public\index.php(37): CodeIgniter\CodeIgniter->run()
#9 E:\APLIKASI\koding\siakad\system\Commands\Server\rewrite.php(43): require_once('E:\\APLIKASI\\kod...')
#10 {main}
CRITICAL - 2025-04-25 14:24:49 --> Trying to access array offset on value of type null
#0 E:\APLIKASI\koding\siakad\app\Views\guru\edit_guru.php(14): CodeIgniter\Debug\Exceptions->errorHandler(8, 'Trying to acces...', 'E:\\APLIKASI\\kod...', 14, Array)
#1 E:\APLIKASI\koding\siakad\system\View\View.php(214): include('E:\\APLIKASI\\kod...')
#2 E:\APLIKASI\koding\siakad\system\View\View.php(217): CodeIgniter\View\View->CodeIgniter\View\{closure}()
#3 E:\APLIKASI\koding\siakad\system\Common.php(1092): CodeIgniter\View\View->render('guru/edit_guru', Array, true)
#4 E:\APLIKASI\koding\siakad\app\Controllers\Pendidik.php(65): view('guru/edit_guru', Array)
#5 E:\APLIKASI\koding\siakad\system\CodeIgniter.php(802): App\Controllers\Pendidik->profile()
#6 E:\APLIKASI\koding\siakad\system\CodeIgniter.php(399): CodeIgniter\CodeIgniter->runController(Object(App\Controllers\Pendidik))
#7 E:\APLIKASI\koding\siakad\system\CodeIgniter.php(317): CodeIgniter\CodeIgniter->handleRequest(NULL, Object(Config\Cache), false)
#8 E:\APLIKASI\koding\siakad\public\index.php(37): CodeIgniter\CodeIgniter->run()
#9 E:\APLIKASI\koding\siakad\system\Commands\Server\rewrite.php(43): require_once('E:\\APLIKASI\\kod...')
#10 {main}
CRITICAL - 2025-04-25 14:24:50 --> Trying to access array offset on value of type null
#0 E:\APLIKASI\koding\siakad\app\Views\guru\edit_guru.php(14): CodeIgniter\Debug\Exceptions->errorHandler(8, 'Trying to acces...', 'E:\\APLIKASI\\kod...', 14, Array)
#1 E:\APLIKASI\koding\siakad\system\View\View.php(214): include('E:\\APLIKASI\\kod...')
#2 E:\APLIKASI\koding\siakad\system\View\View.php(217): CodeIgniter\View\View->CodeIgniter\View\{closure}()
#3 E:\APLIKASI\koding\siakad\system\Common.php(1092): CodeIgniter\View\View->render('guru/edit_guru', Array, true)
#4 E:\APLIKASI\koding\siakad\app\Controllers\Pendidik.php(65): view('guru/edit_guru', Array)
#5 E:\APLIKASI\koding\siakad\system\CodeIgniter.php(802): App\Controllers\Pendidik->profile()
#6 E:\APLIKASI\koding\siakad\system\CodeIgniter.php(399): CodeIgniter\CodeIgniter->runController(Object(App\Controllers\Pendidik))
#7 E:\APLIKASI\koding\siakad\system\CodeIgniter.php(317): CodeIgniter\CodeIgniter->handleRequest(NULL, Object(Config\Cache), false)
#8 E:\APLIKASI\koding\siakad\public\index.php(37): CodeIgniter\CodeIgniter->run()
#9 E:\APLIKASI\koding\siakad\system\Commands\Server\rewrite.php(43): require_once('E:\\APLIKASI\\kod...')
#10 {main}
CRITICAL - 2025-04-25 14:24:52 --> Trying to access array offset on value of type null
#0 E:\APLIKASI\koding\siakad\app\Views\guru\edit_guru.php(14): CodeIgniter\Debug\Exceptions->errorHandler(8, 'Trying to acces...', 'E:\\APLIKASI\\kod...', 14, Array)
#1 E:\APLIKASI\koding\siakad\system\View\View.php(214): include('E:\\APLIKASI\\kod...')
#2 E:\APLIKASI\koding\siakad\system\View\View.php(217): CodeIgniter\View\View->CodeIgniter\View\{closure}()
#3 E:\APLIKASI\koding\siakad\system\Common.php(1092): CodeIgniter\View\View->render('guru/edit_guru', Array, true)
#4 E:\APLIKASI\koding\siakad\app\Controllers\Pendidik.php(65): view('guru/edit_guru', Array)
#5 E:\APLIKASI\koding\siakad\system\CodeIgniter.php(802): App\Controllers\Pendidik->profile()
#6 E:\APLIKASI\koding\siakad\system\CodeIgniter.php(399): CodeIgniter\CodeIgniter->runController(Object(App\Controllers\Pendidik))
#7 E:\APLIKASI\koding\siakad\system\CodeIgniter.php(317): CodeIgniter\CodeIgniter->handleRequest(NULL, Object(Config\Cache), false)
#8 E:\APLIKASI\koding\siakad\public\index.php(37): CodeIgniter\CodeIgniter->run()
#9 E:\APLIKASI\koding\siakad\system\Commands\Server\rewrite.php(43): require_once('E:\\APLIKASI\\kod...')
#10 {main}
CRITICAL - 2025-04-25 14:25:03 --> Trying to access array offset on value of type null
#0 E:\APLIKASI\koding\siakad\app\Controllers\Pendidik.php(48): CodeIgniter\Debug\Exceptions->errorHandler(8, 'Trying to acces...', 'E:\\APLIKASI\\kod...', 48, Array)
#1 E:\APLIKASI\koding\siakad\system\CodeIgniter.php(802): App\Controllers\Pendidik->index()
#2 E:\APLIKASI\koding\siakad\system\CodeIgniter.php(399): CodeIgniter\CodeIgniter->runController(Object(App\Controllers\Pendidik))
#3 E:\APLIKASI\koding\siakad\system\CodeIgniter.php(317): CodeIgniter\CodeIgniter->handleRequest(NULL, Object(Config\Cache), false)
#4 E:\APLIKASI\koding\siakad\public\index.php(37): CodeIgniter\CodeIgniter->run()
#5 E:\APLIKASI\koding\siakad\system\Commands\Server\rewrite.php(43): require_once('E:\\APLIKASI\\kod...')
#6 {main}
CRITICAL - 2025-04-25 14:41:35 --> Trying to access array offset on value of type null
#0 E:\APLIKASI\koding\siakad\app\Controllers\Pendidik.php(48): CodeIgniter\Debug\Exceptions->errorHandler(8, 'Trying to acces...', 'E:\\APLIKASI\\kod...', 48, Array)
#1 E:\APLIKASI\koding\siakad\system\CodeIgniter.php(802): App\Controllers\Pendidik->index()
#2 E:\APLIKASI\koding\siakad\system\CodeIgniter.php(399): CodeIgniter\CodeIgniter->runController(Object(App\Controllers\Pendidik))
#3 E:\APLIKASI\koding\siakad\system\CodeIgniter.php(317): CodeIgniter\CodeIgniter->handleRequest(NULL, Object(Config\Cache), false)
#4 E:\APLIKASI\koding\siakad\public\index.php(37): CodeIgniter\CodeIgniter->run()
#5 E:\APLIKASI\koding\siakad\system\Commands\Server\rewrite.php(43): require_once('E:\\APLIKASI\\kod...')
#6 {main}
CRITICAL - 2025-04-25 14:41:41 --> Trying to access array offset on value of type null
#0 E:\APLIKASI\koding\siakad\app\Views\guru\edit_guru.php(14): CodeIgniter\Debug\Exceptions->errorHandler(8, 'Trying to acces...', 'E:\\APLIKASI\\kod...', 14, Array)
#1 E:\APLIKASI\koding\siakad\system\View\View.php(214): include('E:\\APLIKASI\\kod...')
#2 E:\APLIKASI\koding\siakad\system\View\View.php(217): CodeIgniter\View\View->CodeIgniter\View\{closure}()
#3 E:\APLIKASI\koding\siakad\system\Common.php(1092): CodeIgniter\View\View->render('guru/edit_guru', Array, true)
#4 E:\APLIKASI\koding\siakad\app\Controllers\Pendidik.php(65): view('guru/edit_guru', Array)
#5 E:\APLIKASI\koding\siakad\system\CodeIgniter.php(802): App\Controllers\Pendidik->profile()
#6 E:\APLIKASI\koding\siakad\system\CodeIgniter.php(399): CodeIgniter\CodeIgniter->runController(Object(App\Controllers\Pendidik))
#7 E:\APLIKASI\koding\siakad\system\CodeIgniter.php(317): CodeIgniter\CodeIgniter->handleRequest(NULL, Object(Config\Cache), false)
#8 E:\APLIKASI\koding\siakad\public\index.php(37): CodeIgniter\CodeIgniter->run()
#9 E:\APLIKASI\koding\siakad\system\Commands\Server\rewrite.php(43): require_once('E:\\APLIKASI\\kod...')
#10 {main}
CRITICAL - 2025-04-25 14:41:44 --> Trying to access array offset on value of type null
#0 E:\APLIKASI\koding\siakad\app\Views\guru\edit_guru.php(14): CodeIgniter\Debug\Exceptions->errorHandler(8, 'Trying to acces...', 'E:\\APLIKASI\\kod...', 14, Array)
#1 E:\APLIKASI\koding\siakad\system\View\View.php(214): include('E:\\APLIKASI\\kod...')
#2 E:\APLIKASI\koding\siakad\system\View\View.php(217): CodeIgniter\View\View->CodeIgniter\View\{closure}()
#3 E:\APLIKASI\koding\siakad\system\Common.php(1092): CodeIgniter\View\View->render('guru/edit_guru', Array, true)
#4 E:\APLIKASI\koding\siakad\app\Controllers\Pendidik.php(65): view('guru/edit_guru', Array)
#5 E:\APLIKASI\koding\siakad\system\CodeIgniter.php(802): App\Controllers\Pendidik->profile()
#6 E:\APLIKASI\koding\siakad\system\CodeIgniter.php(399): CodeIgniter\CodeIgniter->runController(Object(App\Controllers\Pendidik))
#7 E:\APLIKASI\koding\siakad\system\CodeIgniter.php(317): CodeIgniter\CodeIgniter->handleRequest(NULL, Object(Config\Cache), false)
#8 E:\APLIKASI\koding\siakad\public\index.php(37): CodeIgniter\CodeIgniter->run()
#9 E:\APLIKASI\koding\siakad\system\Commands\Server\rewrite.php(43): require_once('E:\\APLIKASI\\kod...')
#10 {main}
CRITICAL - 2025-04-25 14:42:56 --> Trying to access array offset on value of type null
#0 E:\APLIKASI\koding\siakad\app\Views\guru\edit_guru.php(14): CodeIgniter\Debug\Exceptions->errorHandler(8, 'Trying to acces...', 'E:\\APLIKASI\\kod...', 14, Array)
#1 E:\APLIKASI\koding\siakad\system\View\View.php(214): include('E:\\APLIKASI\\kod...')
#2 E:\APLIKASI\koding\siakad\system\View\View.php(217): CodeIgniter\View\View->CodeIgniter\View\{closure}()
#3 E:\APLIKASI\koding\siakad\system\Common.php(1092): CodeIgniter\View\View->render('guru/edit_guru', Array, true)
#4 E:\APLIKASI\koding\siakad\app\Controllers\Pendidik.php(65): view('guru/edit_guru', Array)
#5 E:\APLIKASI\koding\siakad\system\CodeIgniter.php(802): App\Controllers\Pendidik->profile()
#6 E:\APLIKASI\koding\siakad\system\CodeIgniter.php(399): CodeIgniter\CodeIgniter->runController(Object(App\Controllers\Pendidik))
#7 E:\APLIKASI\koding\siakad\system\CodeIgniter.php(317): CodeIgniter\CodeIgniter->handleRequest(NULL, Object(Config\Cache), false)
#8 E:\APLIKASI\koding\siakad\public\index.php(37): CodeIgniter\CodeIgniter->run()
#9 E:\APLIKASI\koding\siakad\system\Commands\Server\rewrite.php(43): require_once('E:\\APLIKASI\\kod...')
#10 {main}
CRITICAL - 2025-04-25 14:43:00 --> Trying to access array offset on value of type null
#0 E:\APLIKASI\koding\siakad\app\Views\guru\edit_guru.php(14): CodeIgniter\Debug\Exceptions->errorHandler(8, 'Trying to acces...', 'E:\\APLIKASI\\kod...', 14, Array)
#1 E:\APLIKASI\koding\siakad\system\View\View.php(214): include('E:\\APLIKASI\\kod...')
#2 E:\APLIKASI\koding\siakad\system\View\View.php(217): CodeIgniter\View\View->CodeIgniter\View\{closure}()
#3 E:\APLIKASI\koding\siakad\system\Common.php(1092): CodeIgniter\View\View->render('guru/edit_guru', Array, true)
#4 E:\APLIKASI\koding\siakad\app\Controllers\Pendidik.php(65): view('guru/edit_guru', Array)
#5 E:\APLIKASI\koding\siakad\system\CodeIgniter.php(802): App\Controllers\Pendidik->profile()
#6 E:\APLIKASI\koding\siakad\system\CodeIgniter.php(399): CodeIgniter\CodeIgniter->runController(Object(App\Controllers\Pendidik))
#7 E:\APLIKASI\koding\siakad\system\CodeIgniter.php(317): CodeIgniter\CodeIgniter->handleRequest(NULL, Object(Config\Cache), false)
#8 E:\APLIKASI\koding\siakad\public\index.php(37): CodeIgniter\CodeIgniter->run()
#9 E:\APLIKASI\koding\siakad\system\Commands\Server\rewrite.php(43): require_once('E:\\APLIKASI\\kod...')
#10 {main}
CRITICAL - 2025-04-25 14:43:01 --> Trying to access array offset on value of type null
#0 E:\APLIKASI\koding\siakad\app\Views\guru\edit_guru.php(14): CodeIgniter\Debug\Exceptions->errorHandler(8, 'Trying to acces...', 'E:\\APLIKASI\\kod...', 14, Array)
#1 E:\APLIKASI\koding\siakad\system\View\View.php(214): include('E:\\APLIKASI\\kod...')
#2 E:\APLIKASI\koding\siakad\system\View\View.php(217): CodeIgniter\View\View->CodeIgniter\View\{closure}()
#3 E:\APLIKASI\koding\siakad\system\Common.php(1092): CodeIgniter\View\View->render('guru/edit_guru', Array, true)
#4 E:\APLIKASI\koding\siakad\app\Controllers\Pendidik.php(65): view('guru/edit_guru', Array)
#5 E:\APLIKASI\koding\siakad\system\CodeIgniter.php(802): App\Controllers\Pendidik->profile()
#6 E:\APLIKASI\koding\siakad\system\CodeIgniter.php(399): CodeIgniter\CodeIgniter->runController(Object(App\Controllers\Pendidik))
#7 E:\APLIKASI\koding\siakad\system\CodeIgniter.php(317): CodeIgniter\CodeIgniter->handleRequest(NULL, Object(Config\Cache), false)
#8 E:\APLIKASI\koding\siakad\public\index.php(37): CodeIgniter\CodeIgniter->run()
#9 E:\APLIKASI\koding\siakad\system\Commands\Server\rewrite.php(43): require_once('E:\\APLIKASI\\kod...')
#10 {main}
CRITICAL - 2025-04-25 14:43:02 --> Trying to access array offset on value of type null
#0 E:\APLIKASI\koding\siakad\app\Views\guru\edit_guru.php(14): CodeIgniter\Debug\Exceptions->errorHandler(8, 'Trying to acces...', 'E:\\APLIKASI\\kod...', 14, Array)
#1 E:\APLIKASI\koding\siakad\system\View\View.php(214): include('E:\\APLIKASI\\kod...')
#2 E:\APLIKASI\koding\siakad\system\View\View.php(217): CodeIgniter\View\View->CodeIgniter\View\{closure}()
#3 E:\APLIKASI\koding\siakad\system\Common.php(1092): CodeIgniter\View\View->render('guru/edit_guru', Array, true)
#4 E:\APLIKASI\koding\siakad\app\Controllers\Pendidik.php(65): view('guru/edit_guru', Array)
#5 E:\APLIKASI\koding\siakad\system\CodeIgniter.php(802): App\Controllers\Pendidik->profile()
#6 E:\APLIKASI\koding\siakad\system\CodeIgniter.php(399): CodeIgniter\CodeIgniter->runController(Object(App\Controllers\Pendidik))
#7 E:\APLIKASI\koding\siakad\system\CodeIgniter.php(317): CodeIgniter\CodeIgniter->handleRequest(NULL, Object(Config\Cache), false)
#8 E:\APLIKASI\koding\siakad\public\index.php(37): CodeIgniter\CodeIgniter->run()
#9 E:\APLIKASI\koding\siakad\system\Commands\Server\rewrite.php(43): require_once('E:\\APLIKASI\\kod...')
#10 {main}
CRITICAL - 2025-04-25 14:43:06 --> Trying to access array offset on value of type null
#0 E:\APLIKASI\koding\siakad\app\Controllers\Pendidik.php(48): CodeIgniter\Debug\Exceptions->errorHandler(8, 'Trying to acces...', 'E:\\APLIKASI\\kod...', 48, Array)
#1 E:\APLIKASI\koding\siakad\system\CodeIgniter.php(802): App\Controllers\Pendidik->index()
#2 E:\APLIKASI\koding\siakad\system\CodeIgniter.php(399): CodeIgniter\CodeIgniter->runController(Object(App\Controllers\Pendidik))
#3 E:\APLIKASI\koding\siakad\system\CodeIgniter.php(317): CodeIgniter\CodeIgniter->handleRequest(NULL, Object(Config\Cache), false)
#4 E:\APLIKASI\koding\siakad\public\index.php(37): CodeIgniter\CodeIgniter->run()
#5 E:\APLIKASI\koding\siakad\system\Commands\Server\rewrite.php(43): require_once('E:\\APLIKASI\\kod...')
#6 {main}
CRITICAL - 2025-04-25 14:43:40 --> Trying to access array offset on value of type null
#0 E:\APLIKASI\koding\siakad\app\Controllers\Pendidik.php(48): CodeIgniter\Debug\Exceptions->errorHandler(8, 'Trying to acces...', 'E:\\APLIKASI\\kod...', 48, Array)
#1 E:\APLIKASI\koding\siakad\system\CodeIgniter.php(802): App\Controllers\Pendidik->index()
#2 E:\APLIKASI\koding\siakad\system\CodeIgniter.php(399): CodeIgniter\CodeIgniter->runController(Object(App\Controllers\Pendidik))
#3 E:\APLIKASI\koding\siakad\system\CodeIgniter.php(317): CodeIgniter\CodeIgniter->handleRequest(NULL, Object(Config\Cache), false)
#4 E:\APLIKASI\koding\siakad\public\index.php(37): CodeIgniter\CodeIgniter->run()
#5 E:\APLIKASI\koding\siakad\system\Commands\Server\rewrite.php(43): require_once('E:\\APLIKASI\\kod...')
#6 {main}
CRITICAL - 2025-04-25 14:43:45 --> Trying to access array offset on value of type null
#0 E:\APLIKASI\koding\siakad\app\Controllers\Pendidik.php(48): CodeIgniter\Debug\Exceptions->errorHandler(8, 'Trying to acces...', 'E:\\APLIKASI\\kod...', 48, Array)
#1 E:\APLIKASI\koding\siakad\system\CodeIgniter.php(802): App\Controllers\Pendidik->index()
#2 E:\APLIKASI\koding\siakad\system\CodeIgniter.php(399): CodeIgniter\CodeIgniter->runController(Object(App\Controllers\Pendidik))
#3 E:\APLIKASI\koding\siakad\system\CodeIgniter.php(317): CodeIgniter\CodeIgniter->handleRequest(NULL, Object(Config\Cache), false)
#4 E:\APLIKASI\koding\siakad\public\index.php(37): CodeIgniter\CodeIgniter->run()
#5 E:\APLIKASI\koding\siakad\system\Commands\Server\rewrite.php(43): require_once('E:\\APLIKASI\\kod...')
#6 {main}
CRITICAL - 2025-04-25 14:43:51 --> Trying to access array offset on value of type null
#0 E:\APLIKASI\koding\siakad\app\Controllers\Pendidik.php(48): CodeIgniter\Debug\Exceptions->errorHandler(8, 'Trying to acces...', 'E:\\APLIKASI\\kod...', 48, Array)
#1 E:\APLIKASI\koding\siakad\system\CodeIgniter.php(802): App\Controllers\Pendidik->index()
#2 E:\APLIKASI\koding\siakad\system\CodeIgniter.php(399): CodeIgniter\CodeIgniter->runController(Object(App\Controllers\Pendidik))
#3 E:\APLIKASI\koding\siakad\system\CodeIgniter.php(317): CodeIgniter\CodeIgniter->handleRequest(NULL, Object(Config\Cache), false)
#4 E:\APLIKASI\koding\siakad\public\index.php(37): CodeIgniter\CodeIgniter->run()
#5 E:\APLIKASI\koding\siakad\system\Commands\Server\rewrite.php(43): require_once('E:\\APLIKASI\\kod...')
#6 {main}
CRITICAL - 2025-04-25 14:43:59 --> Trying to access array offset on value of type null
#0 E:\APLIKASI\koding\siakad\app\Controllers\Pendidik.php(48): CodeIgniter\Debug\Exceptions->errorHandler(8, 'Trying to acces...', 'E:\\APLIKASI\\kod...', 48, Array)
#1 E:\APLIKASI\koding\siakad\system\CodeIgniter.php(802): App\Controllers\Pendidik->index()
#2 E:\APLIKASI\koding\siakad\system\CodeIgniter.php(399): CodeIgniter\CodeIgniter->runController(Object(App\Controllers\Pendidik))
#3 E:\APLIKASI\koding\siakad\system\CodeIgniter.php(317): CodeIgniter\CodeIgniter->handleRequest(NULL, Object(Config\Cache), false)
#4 E:\APLIKASI\koding\siakad\public\index.php(37): CodeIgniter\CodeIgniter->run()
#5 E:\APLIKASI\koding\siakad\system\Commands\Server\rewrite.php(43): require_once('E:\\APLIKASI\\kod...')
#6 {main}
CRITICAL - 2025-04-25 14:44:34 --> Trying to access array offset on value of type null
#0 E:\APLIKASI\koding\siakad\app\Controllers\Pendidik.php(48): CodeIgniter\Debug\Exceptions->errorHandler(8, 'Trying to acces...', 'E:\\APLIKASI\\kod...', 48, Array)
#1 E:\APLIKASI\koding\siakad\system\CodeIgniter.php(802): App\Controllers\Pendidik->index()
#2 E:\APLIKASI\koding\siakad\system\CodeIgniter.php(399): CodeIgniter\CodeIgniter->runController(Object(App\Controllers\Pendidik))
#3 E:\APLIKASI\koding\siakad\system\CodeIgniter.php(317): CodeIgniter\CodeIgniter->handleRequest(NULL, Object(Config\Cache), false)
#4 E:\APLIKASI\koding\siakad\public\index.php(37): CodeIgniter\CodeIgniter->run()
#5 E:\APLIKASI\koding\siakad\system\Commands\Server\rewrite.php(43): require_once('E:\\APLIKASI\\kod...')
#6 {main}
CRITICAL - 2025-04-25 14:44:56 --> Trying to access array offset on value of type null
#0 E:\APLIKASI\koding\siakad\app\Controllers\Pendidik.php(48): CodeIgniter\Debug\Exceptions->errorHandler(8, 'Trying to acces...', 'E:\\APLIKASI\\kod...', 48, Array)
#1 E:\APLIKASI\koding\siakad\system\CodeIgniter.php(802): App\Controllers\Pendidik->index()
#2 E:\APLIKASI\koding\siakad\system\CodeIgniter.php(399): CodeIgniter\CodeIgniter->runController(Object(App\Controllers\Pendidik))
#3 E:\APLIKASI\koding\siakad\system\CodeIgniter.php(317): CodeIgniter\CodeIgniter->handleRequest(NULL, Object(Config\Cache), false)
#4 E:\APLIKASI\koding\siakad\public\index.php(37): CodeIgniter\CodeIgniter->run()
#5 E:\APLIKASI\koding\siakad\system\Commands\Server\rewrite.php(43): require_once('E:\\APLIKASI\\kod...')
#6 {main}
CRITICAL - 2025-04-25 14:45:46 --> Undefined offset: -1
#0 E:\APLIKASI\koding\siakad\app\Helpers\formatindo_helper.php(15): CodeIgniter\Debug\Exceptions->errorHandler(8, 'Undefined offse...', 'E:\\APLIKASI\\kod...', 15, Array)
#1 E:\APLIKASI\koding\siakad\app\Views\guru\edit_guru.php(220): formatindo('Garut')
#2 E:\APLIKASI\koding\siakad\system\View\View.php(214): include('E:\\APLIKASI\\kod...')
#3 E:\APLIKASI\koding\siakad\system\View\View.php(217): CodeIgniter\View\View->CodeIgniter\View\{closure}()
#4 E:\APLIKASI\koding\siakad\system\Common.php(1092): CodeIgniter\View\View->render('guru/edit_guru', Array, true)
#5 E:\APLIKASI\koding\siakad\app\Controllers\Pendidik.php(65): view('guru/edit_guru', Array)
#6 E:\APLIKASI\koding\siakad\system\CodeIgniter.php(802): App\Controllers\Pendidik->profile()
#7 E:\APLIKASI\koding\siakad\system\CodeIgniter.php(399): CodeIgniter\CodeIgniter->runController(Object(App\Controllers\Pendidik))
#8 E:\APLIKASI\koding\siakad\system\CodeIgniter.php(317): CodeIgniter\CodeIgniter->handleRequest(NULL, Object(Config\Cache), false)
#9 E:\APLIKASI\koding\siakad\public\index.php(37): CodeIgniter\CodeIgniter->run()
#10 E:\APLIKASI\koding\siakad\system\Commands\Server\rewrite.php(43): require_once('E:\\APLIKASI\\kod...')
#11 {main}
CRITICAL - 2025-04-25 14:46:07 --> Undefined offset: -1
#0 E:\APLIKASI\koding\siakad\app\Helpers\formatindo_helper.php(15): CodeIgniter\Debug\Exceptions->errorHandler(8, 'Undefined offse...', 'E:\\APLIKASI\\kod...', 15, Array)
#1 E:\APLIKASI\koding\siakad\app\Views\guru\edit_guru.php(220): formatindo('Garut')
#2 E:\APLIKASI\koding\siakad\system\View\View.php(214): include('E:\\APLIKASI\\kod...')
#3 E:\APLIKASI\koding\siakad\system\View\View.php(217): CodeIgniter\View\View->CodeIgniter\View\{closure}()
#4 E:\APLIKASI\koding\siakad\system\Common.php(1092): CodeIgniter\View\View->render('guru/edit_guru', Array, true)
#5 E:\APLIKASI\koding\siakad\app\Controllers\Pendidik.php(65): view('guru/edit_guru', Array)
#6 E:\APLIKASI\koding\siakad\system\CodeIgniter.php(802): App\Controllers\Pendidik->profile()
#7 E:\APLIKASI\koding\siakad\system\CodeIgniter.php(399): CodeIgniter\CodeIgniter->runController(Object(App\Controllers\Pendidik))
#8 E:\APLIKASI\koding\siakad\system\CodeIgniter.php(317): CodeIgniter\CodeIgniter->handleRequest(NULL, Object(Config\Cache), false)
#9 E:\APLIKASI\koding\siakad\public\index.php(37): CodeIgniter\CodeIgniter->run()
#10 E:\APLIKASI\koding\siakad\system\Commands\Server\rewrite.php(43): require_once('E:\\APLIKASI\\kod...')
#11 {main}
CRITICAL - 2025-04-25 14:46:09 --> Undefined offset: -1
#0 E:\APLIKASI\koding\siakad\app\Helpers\formatindo_helper.php(15): CodeIgniter\Debug\Exceptions->errorHandler(8, 'Undefined offse...', 'E:\\APLIKASI\\kod...', 15, Array)
#1 E:\APLIKASI\koding\siakad\app\Views\guru\edit_guru.php(220): formatindo('Garut')
#2 E:\APLIKASI\koding\siakad\system\View\View.php(214): include('E:\\APLIKASI\\kod...')
#3 E:\APLIKASI\koding\siakad\system\View\View.php(217): CodeIgniter\View\View->CodeIgniter\View\{closure}()
#4 E:\APLIKASI\koding\siakad\system\Common.php(1092): CodeIgniter\View\View->render('guru/edit_guru', Array, true)
#5 E:\APLIKASI\koding\siakad\app\Controllers\Pendidik.php(65): view('guru/edit_guru', Array)
#6 E:\APLIKASI\koding\siakad\system\CodeIgniter.php(802): App\Controllers\Pendidik->profile()
#7 E:\APLIKASI\koding\siakad\system\CodeIgniter.php(399): CodeIgniter\CodeIgniter->runController(Object(App\Controllers\Pendidik))
#8 E:\APLIKASI\koding\siakad\system\CodeIgniter.php(317): CodeIgniter\CodeIgniter->handleRequest(NULL, Object(Config\Cache), false)
#9 E:\APLIKASI\koding\siakad\public\index.php(37): CodeIgniter\CodeIgniter->run()
#10 E:\APLIKASI\koding\siakad\system\Commands\Server\rewrite.php(43): require_once('E:\\APLIKASI\\kod...')
#11 {main}
CRITICAL - 2025-04-25 14:46:50 --> Undefined offset: -1
#0 E:\APLIKASI\koding\siakad\app\Helpers\formatindo_helper.php(15): CodeIgniter\Debug\Exceptions->errorHandler(8, 'Undefined offse...', 'E:\\APLIKASI\\kod...', 15, Array)
#1 E:\APLIKASI\koding\siakad\app\Views\guru\edit_guru.php(220): formatindo('Garut')
#2 E:\APLIKASI\koding\siakad\system\View\View.php(214): include('E:\\APLIKASI\\kod...')
#3 E:\APLIKASI\koding\siakad\system\View\View.php(217): CodeIgniter\View\View->CodeIgniter\View\{closure}()
#4 E:\APLIKASI\koding\siakad\system\Common.php(1092): CodeIgniter\View\View->render('guru/edit_guru', Array, true)
#5 E:\APLIKASI\koding\siakad\app\Controllers\Pendidik.php(65): view('guru/edit_guru', Array)
#6 E:\APLIKASI\koding\siakad\system\CodeIgniter.php(802): App\Controllers\Pendidik->profile()
#7 E:\APLIKASI\koding\siakad\system\CodeIgniter.php(399): CodeIgniter\CodeIgniter->runController(Object(App\Controllers\Pendidik))
#8 E:\APLIKASI\koding\siakad\system\CodeIgniter.php(317): CodeIgniter\CodeIgniter->handleRequest(NULL, Object(Config\Cache), false)
#9 E:\APLIKASI\koding\siakad\public\index.php(37): CodeIgniter\CodeIgniter->run()
#10 E:\APLIKASI\koding\siakad\system\Commands\Server\rewrite.php(43): require_once('E:\\APLIKASI\\kod...')
#11 {main}
CRITICAL - 2025-04-25 14:46:54 --> Undefined offset: -1
#0 E:\APLIKASI\koding\siakad\app\Helpers\formatindo_helper.php(15): CodeIgniter\Debug\Exceptions->errorHandler(8, 'Undefined offse...', 'E:\\APLIKASI\\kod...', 15, Array)
#1 E:\APLIKASI\koding\siakad\app\Views\guru\edit_guru.php(220): formatindo('Garut')
#2 E:\APLIKASI\koding\siakad\system\View\View.php(214): include('E:\\APLIKASI\\kod...')
#3 E:\APLIKASI\koding\siakad\system\View\View.php(217): CodeIgniter\View\View->CodeIgniter\View\{closure}()
#4 E:\APLIKASI\koding\siakad\system\Common.php(1092): CodeIgniter\View\View->render('guru/edit_guru', Array, true)
#5 E:\APLIKASI\koding\siakad\app\Controllers\Pendidik.php(65): view('guru/edit_guru', Array)
#6 E:\APLIKASI\koding\siakad\system\CodeIgniter.php(802): App\Controllers\Pendidik->profile()
#7 E:\APLIKASI\koding\siakad\system\CodeIgniter.php(399): CodeIgniter\CodeIgniter->runController(Object(App\Controllers\Pendidik))
#8 E:\APLIKASI\koding\siakad\system\CodeIgniter.php(317): CodeIgniter\CodeIgniter->handleRequest(NULL, Object(Config\Cache), false)
#9 E:\APLIKASI\koding\siakad\public\index.php(37): CodeIgniter\CodeIgniter->run()
#10 E:\APLIKASI\koding\siakad\system\Commands\Server\rewrite.php(43): require_once('E:\\APLIKASI\\kod...')
#11 {main}
CRITICAL - 2025-04-25 14:48:17 --> Undefined offset: -1
#0 E:\APLIKASI\koding\siakad\app\Helpers\formatindo_helper.php(15): CodeIgniter\Debug\Exceptions->errorHandler(8, 'Undefined offse...', 'E:\\APLIKASI\\kod...', 15, Array)
#1 E:\APLIKASI\koding\siakad\app\Views\guru\edit_guru.php(220): formatindo('')
#2 E:\APLIKASI\koding\siakad\system\View\View.php(214): include('E:\\APLIKASI\\kod...')
#3 E:\APLIKASI\koding\siakad\system\View\View.php(217): CodeIgniter\View\View->CodeIgniter\View\{closure}()
#4 E:\APLIKASI\koding\siakad\system\Common.php(1092): CodeIgniter\View\View->render('guru/edit_guru', Array, true)
#5 E:\APLIKASI\koding\siakad\app\Controllers\Pendidik.php(65): view('guru/edit_guru', Array)
#6 E:\APLIKASI\koding\siakad\system\CodeIgniter.php(802): App\Controllers\Pendidik->profile()
#7 E:\APLIKASI\koding\siakad\system\CodeIgniter.php(399): CodeIgniter\CodeIgniter->runController(Object(App\Controllers\Pendidik))
#8 E:\APLIKASI\koding\siakad\system\CodeIgniter.php(317): CodeIgniter\CodeIgniter->handleRequest(NULL, Object(Config\Cache), false)
#9 E:\APLIKASI\koding\siakad\public\index.php(37): CodeIgniter\CodeIgniter->run()
#10 E:\APLIKASI\koding\siakad\system\Commands\Server\rewrite.php(43): require_once('E:\\APLIKASI\\kod...')
#11 {main}
CRITICAL - 2025-04-25 14:52:58 --> Undefined offset: -1
#0 E:\APLIKASI\koding\siakad\app\Helpers\formatindo_helper.php(15): CodeIgniter\Debug\Exceptions->errorHandler(8, 'Undefined offse...', 'E:\\APLIKASI\\kod...', 15, Array)
#1 E:\APLIKASI\koding\siakad\app\Controllers\Pendidik.php(370): formatindo('15/02/2000')
#2 E:\APLIKASI\koding\siakad\system\CodeIgniter.php(802): App\Controllers\Pendidik->editguru('6')
#3 E:\APLIKASI\koding\siakad\system\CodeIgniter.php(399): CodeIgniter\CodeIgniter->runController(Object(App\Controllers\Pendidik))
#4 E:\APLIKASI\koding\siakad\system\CodeIgniter.php(317): CodeIgniter\CodeIgniter->handleRequest(NULL, Object(Config\Cache), false)
#5 E:\APLIKASI\koding\siakad\public\index.php(37): CodeIgniter\CodeIgniter->run()
#6 E:\APLIKASI\koding\siakad\system\Commands\Server\rewrite.php(43): require_once('E:\\APLIKASI\\kod...')
#7 {main}
CRITICAL - 2025-04-25 15:00:26 --> Undefined offset: -1
#0 E:\APLIKASI\koding\siakad\app\Helpers\formatindo_helper.php(15): CodeIgniter\Debug\Exceptions->errorHandler(8, 'Undefined offse...', 'E:\\APLIKASI\\kod...', 15, Array)
#1 E:\APLIKASI\koding\siakad\app\Views\guru\edit_guru.php(222): formatindo('0')
#2 E:\APLIKASI\koding\siakad\system\View\View.php(214): include('E:\\APLIKASI\\kod...')
#3 E:\APLIKASI\koding\siakad\system\View\View.php(217): CodeIgniter\View\View->CodeIgniter\View\{closure}()
#4 E:\APLIKASI\koding\siakad\system\Common.php(1092): CodeIgniter\View\View->render('guru/edit_guru', Array, true)
#5 E:\APLIKASI\koding\siakad\app\Controllers\Pendidik.php(65): view('guru/edit_guru', Array)
#6 E:\APLIKASI\koding\siakad\system\CodeIgniter.php(802): App\Controllers\Pendidik->profile()
#7 E:\APLIKASI\koding\siakad\system\CodeIgniter.php(399): CodeIgniter\CodeIgniter->runController(Object(App\Controllers\Pendidik))
#8 E:\APLIKASI\koding\siakad\system\CodeIgniter.php(317): CodeIgniter\CodeIgniter->handleRequest(NULL, Object(Config\Cache), false)
#9 E:\APLIKASI\koding\siakad\public\index.php(37): CodeIgniter\CodeIgniter->run()
#10 E:\APLIKASI\koding\siakad\system\Commands\Server\rewrite.php(43): require_once('E:\\APLIKASI\\kod...')
#11 {main}
CRITICAL - 2025-04-25 15:00:28 --> Undefined offset: -1
#0 E:\APLIKASI\koding\siakad\app\Helpers\formatindo_helper.php(15): CodeIgniter\Debug\Exceptions->errorHandler(8, 'Undefined offse...', 'E:\\APLIKASI\\kod...', 15, Array)
#1 E:\APLIKASI\koding\siakad\app\Views\guru\edit_guru.php(222): formatindo('0')
#2 E:\APLIKASI\koding\siakad\system\View\View.php(214): include('E:\\APLIKASI\\kod...')
#3 E:\APLIKASI\koding\siakad\system\View\View.php(217): CodeIgniter\View\View->CodeIgniter\View\{closure}()
#4 E:\APLIKASI\koding\siakad\system\Common.php(1092): CodeIgniter\View\View->render('guru/edit_guru', Array, true)
#5 E:\APLIKASI\koding\siakad\app\Controllers\Pendidik.php(65): view('guru/edit_guru', Array)
#6 E:\APLIKASI\koding\siakad\system\CodeIgniter.php(802): App\Controllers\Pendidik->profile()
#7 E:\APLIKASI\koding\siakad\system\CodeIgniter.php(399): CodeIgniter\CodeIgniter->runController(Object(App\Controllers\Pendidik))
#8 E:\APLIKASI\koding\siakad\system\CodeIgniter.php(317): CodeIgniter\CodeIgniter->handleRequest(NULL, Object(Config\Cache), false)
#9 E:\APLIKASI\koding\siakad\public\index.php(37): CodeIgniter\CodeIgniter->run()
#10 E:\APLIKASI\koding\siakad\system\Commands\Server\rewrite.php(43): require_once('E:\\APLIKASI\\kod...')
#11 {main}
