ERROR - 2024-05-26 16:39:09 --> Unknown column 'status' in 'field list'
CRITICAL - 2024-05-26 16:39:09 --> Unknown column 'status' in 'field list'
#0 C:\xampp\htdocs\siakad\system\Database\MySQLi\Connection.php(280): mysqli->query('INSERT INTO `tb...')
#1 C:\xampp\htdocs\siakad\system\Database\BaseConnection.php(663): CodeIgniter\Database\MySQLi\Connection->execute('INSERT INTO `tb...')
#2 C:\xampp\htdocs\siakad\system\Database\BaseConnection.php(591): CodeIgniter\Database\BaseConnection->simpleQuery('INSERT INTO `tb...')
#3 C:\xampp\htdocs\siakad\system\Database\BaseBuilder.php(1733): CodeIgniter\Database\BaseConnection->query('INSERT INTO `tb...', Array, false)
#4 C:\xampp\htdocs\siakad\app\Models\ModelSiswa.php(173): CodeIgniter\Database\BaseBuilder->insert(Array)
#5 C:\xampp\htdocs\siakad\app\Controllers\Siswa.php(1046): App\Models\ModelSiswa->insertpengajuan(Array)
#6 C:\xampp\htdocs\siakad\system\CodeIgniter.php(802): App\Controllers\Siswa->mutasi('2')
#7 C:\xampp\htdocs\siakad\system\CodeIgniter.php(399): CodeIgniter\CodeIgniter->runController(Object(App\Controllers\Siswa))
#8 C:\xampp\htdocs\siakad\system\CodeIgniter.php(317): CodeIgniter\CodeIgniter->handleRequest(NULL, Object(Config\Cache), false)
#9 C:\xampp\htdocs\siakad\public\index.php(37): CodeIgniter\CodeIgniter->run()
#10 C:\xampp\htdocs\siakad\system\Commands\Server\rewrite.php(43): require_once('C:\\xampp\\htdocs...')
#11 {main}
ERROR - 2024-05-26 16:41:21 --> Unknown column 'status_siswa' in 'field list'
CRITICAL - 2024-05-26 16:41:21 --> Unknown column 'status_siswa' in 'field list'
#0 C:\xampp\htdocs\siakad\system\Database\MySQLi\Connection.php(280): mysqli->query('INSERT INTO `tb...')
#1 C:\xampp\htdocs\siakad\system\Database\BaseConnection.php(663): CodeIgniter\Database\MySQLi\Connection->execute('INSERT INTO `tb...')
#2 C:\xampp\htdocs\siakad\system\Database\BaseConnection.php(591): CodeIgniter\Database\BaseConnection->simpleQuery('INSERT INTO `tb...')
#3 C:\xampp\htdocs\siakad\system\Database\BaseBuilder.php(1733): CodeIgniter\Database\BaseConnection->query('INSERT INTO `tb...', Array, false)
#4 C:\xampp\htdocs\siakad\app\Models\ModelSiswa.php(173): CodeIgniter\Database\BaseBuilder->insert(Array)
#5 C:\xampp\htdocs\siakad\app\Controllers\Siswa.php(1046): App\Models\ModelSiswa->insertpengajuan(Array)
#6 C:\xampp\htdocs\siakad\system\CodeIgniter.php(802): App\Controllers\Siswa->mutasi('2')
#7 C:\xampp\htdocs\siakad\system\CodeIgniter.php(399): CodeIgniter\CodeIgniter->runController(Object(App\Controllers\Siswa))
#8 C:\xampp\htdocs\siakad\system\CodeIgniter.php(317): CodeIgniter\CodeIgniter->handleRequest(NULL, Object(Config\Cache), false)
#9 C:\xampp\htdocs\siakad\public\index.php(37): CodeIgniter\CodeIgniter->run()
#10 C:\xampp\htdocs\siakad\system\Commands\Server\rewrite.php(43): require_once('C:\\xampp\\htdocs...')
#11 {main}
ERROR - 2024-05-26 16:42:40 --> Column 'sekolah' cannot be null
CRITICAL - 2024-05-26 16:42:40 --> Column 'sekolah' cannot be null
#0 C:\xampp\htdocs\siakad\system\Database\MySQLi\Connection.php(280): mysqli->query('INSERT INTO `tb...')
#1 C:\xampp\htdocs\siakad\system\Database\BaseConnection.php(663): CodeIgniter\Database\MySQLi\Connection->execute('INSERT INTO `tb...')
#2 C:\xampp\htdocs\siakad\system\Database\BaseConnection.php(591): CodeIgniter\Database\BaseConnection->simpleQuery('INSERT INTO `tb...')
#3 C:\xampp\htdocs\siakad\system\Database\BaseBuilder.php(1733): CodeIgniter\Database\BaseConnection->query('INSERT INTO `tb...', Array, false)
#4 C:\xampp\htdocs\siakad\app\Models\ModelSiswa.php(173): CodeIgniter\Database\BaseBuilder->insert(Array)
#5 C:\xampp\htdocs\siakad\app\Controllers\Siswa.php(1046): App\Models\ModelSiswa->insertpengajuan(Array)
#6 C:\xampp\htdocs\siakad\system\CodeIgniter.php(802): App\Controllers\Siswa->mutasi('2')
#7 C:\xampp\htdocs\siakad\system\CodeIgniter.php(399): CodeIgniter\CodeIgniter->runController(Object(App\Controllers\Siswa))
#8 C:\xampp\htdocs\siakad\system\CodeIgniter.php(317): CodeIgniter\CodeIgniter->handleRequest(NULL, Object(Config\Cache), false)
#9 C:\xampp\htdocs\siakad\public\index.php(37): CodeIgniter\CodeIgniter->run()
#10 C:\xampp\htdocs\siakad\system\Commands\Server\rewrite.php(43): require_once('C:\\xampp\\htdocs...')
#11 {main}
ERROR - 2024-05-26 16:44:59 --> Column 'sekolah' cannot be null
CRITICAL - 2024-05-26 16:44:59 --> Column 'sekolah' cannot be null
#0 C:\xampp\htdocs\siakad\system\Database\MySQLi\Connection.php(280): mysqli->query('INSERT INTO `tb...')
#1 C:\xampp\htdocs\siakad\system\Database\BaseConnection.php(663): CodeIgniter\Database\MySQLi\Connection->execute('INSERT INTO `tb...')
#2 C:\xampp\htdocs\siakad\system\Database\BaseConnection.php(591): CodeIgniter\Database\BaseConnection->simpleQuery('INSERT INTO `tb...')
#3 C:\xampp\htdocs\siakad\system\Database\BaseBuilder.php(1733): CodeIgniter\Database\BaseConnection->query('INSERT INTO `tb...', Array, false)
#4 C:\xampp\htdocs\siakad\app\Models\ModelSiswa.php(173): CodeIgniter\Database\BaseBuilder->insert(Array)
#5 C:\xampp\htdocs\siakad\app\Controllers\Siswa.php(1046): App\Models\ModelSiswa->insertpengajuan(Array)
#6 C:\xampp\htdocs\siakad\system\CodeIgniter.php(802): App\Controllers\Siswa->mutasi('2')
#7 C:\xampp\htdocs\siakad\system\CodeIgniter.php(399): CodeIgniter\CodeIgniter->runController(Object(App\Controllers\Siswa))
#8 C:\xampp\htdocs\siakad\system\CodeIgniter.php(317): CodeIgniter\CodeIgniter->handleRequest(NULL, Object(Config\Cache), false)
#9 C:\xampp\htdocs\siakad\public\index.php(37): CodeIgniter\CodeIgniter->run()
#10 C:\xampp\htdocs\siakad\system\Commands\Server\rewrite.php(43): require_once('C:\\xampp\\htdocs...')
#11 {main}
ERROR - 2024-05-26 16:45:23 --> Column 'sekolah' cannot be null
CRITICAL - 2024-05-26 16:45:23 --> Column 'sekolah' cannot be null
#0 C:\xampp\htdocs\siakad\system\Database\MySQLi\Connection.php(280): mysqli->query('INSERT INTO `tb...')
#1 C:\xampp\htdocs\siakad\system\Database\BaseConnection.php(663): CodeIgniter\Database\MySQLi\Connection->execute('INSERT INTO `tb...')
#2 C:\xampp\htdocs\siakad\system\Database\BaseConnection.php(591): CodeIgniter\Database\BaseConnection->simpleQuery('INSERT INTO `tb...')
#3 C:\xampp\htdocs\siakad\system\Database\BaseBuilder.php(1733): CodeIgniter\Database\BaseConnection->query('INSERT INTO `tb...', Array, false)
#4 C:\xampp\htdocs\siakad\app\Models\ModelSiswa.php(173): CodeIgniter\Database\BaseBuilder->insert(Array)
#5 C:\xampp\htdocs\siakad\app\Controllers\Siswa.php(1046): App\Models\ModelSiswa->insertpengajuan(Array)
#6 C:\xampp\htdocs\siakad\system\CodeIgniter.php(802): App\Controllers\Siswa->mutasi('2')
#7 C:\xampp\htdocs\siakad\system\CodeIgniter.php(399): CodeIgniter\CodeIgniter->runController(Object(App\Controllers\Siswa))
#8 C:\xampp\htdocs\siakad\system\CodeIgniter.php(317): CodeIgniter\CodeIgniter->handleRequest(NULL, Object(Config\Cache), false)
#9 C:\xampp\htdocs\siakad\public\index.php(37): CodeIgniter\CodeIgniter->run()
#10 C:\xampp\htdocs\siakad\system\Commands\Server\rewrite.php(43): require_once('C:\\xampp\\htdocs...')
#11 {main}
CRITICAL - 2024-05-26 16:47:53 --> Undefined index: status
#0 C:\xampp\htdocs\siakad\app\Views\siswa\v_pengajuan.php(34): CodeIgniter\Debug\Exceptions->errorHandler(8, 'Undefined index...', 'C:\\xampp\\htdocs...', 34, Array)
#1 C:\xampp\htdocs\siakad\system\View\View.php(214): include('C:\\xampp\\htdocs...')
#2 C:\xampp\htdocs\siakad\system\View\View.php(217): CodeIgniter\View\View->CodeIgniter\View\{closure}()
#3 C:\xampp\htdocs\siakad\system\Common.php(1092): CodeIgniter\View\View->render('siswa/v_pengaju...', Array, true)
#4 C:\xampp\htdocs\siakad\app\Controllers\Siswa.php(1035): view('siswa/v_pengaju...', Array)
#5 C:\xampp\htdocs\siakad\system\CodeIgniter.php(802): App\Controllers\Siswa->pengajuan()
#6 C:\xampp\htdocs\siakad\system\CodeIgniter.php(399): CodeIgniter\CodeIgniter->runController(Object(App\Controllers\Siswa))
#7 C:\xampp\htdocs\siakad\system\CodeIgniter.php(317): CodeIgniter\CodeIgniter->handleRequest(NULL, Object(Config\Cache), false)
#8 C:\xampp\htdocs\siakad\public\index.php(37): CodeIgniter\CodeIgniter->run()
#9 C:\xampp\htdocs\siakad\system\Commands\Server\rewrite.php(43): require_once('C:\\xampp\\htdocs...')
#10 {main}
ERROR - 2024-05-26 16:52:29 --> Unknown column 'tbl_mutasi.status' in 'where clause'
CRITICAL - 2024-05-26 16:52:29 --> Unknown column 'tbl_mutasi.status' in 'where clause'
#0 C:\xampp\htdocs\siakad\system\Database\MySQLi\Connection.php(280): mysqli->query('SELECT *\nFROM `...')
#1 C:\xampp\htdocs\siakad\system\Database\BaseConnection.php(663): CodeIgniter\Database\MySQLi\Connection->execute('SELECT *\nFROM `...')
#2 C:\xampp\htdocs\siakad\system\Database\BaseConnection.php(591): CodeIgniter\Database\BaseConnection->simpleQuery('SELECT *\nFROM `...')
#3 C:\xampp\htdocs\siakad\system\Database\BaseBuilder.php(1428): CodeIgniter\Database\BaseConnection->query('SELECT *\nFROM `...', Array, false)
#4 C:\xampp\htdocs\siakad\app\Models\ModelPendidik.php(57): CodeIgniter\Database\BaseBuilder->get()
#5 C:\xampp\htdocs\siakad\app\Controllers\Pendidik.php(164): App\Models\ModelPendidik->mutasi('1')
#6 C:\xampp\htdocs\siakad\system\CodeIgniter.php(802): App\Controllers\Pendidik->pengajuan()
#7 C:\xampp\htdocs\siakad\system\CodeIgniter.php(399): CodeIgniter\CodeIgniter->runController(Object(App\Controllers\Pendidik))
#8 C:\xampp\htdocs\siakad\system\CodeIgniter.php(317): CodeIgniter\CodeIgniter->handleRequest(NULL, Object(Config\Cache), false)
#9 C:\xampp\htdocs\siakad\public\index.php(37): CodeIgniter\CodeIgniter->run()
#10 C:\xampp\htdocs\siakad\system\Commands\Server\rewrite.php(43): require_once('C:\\xampp\\htdocs...')
#11 {main}
ERROR - 2024-05-26 16:53:25 --> Unknown column 'tbl_siswa.id_kelas' in 'on clause'
CRITICAL - 2024-05-26 16:53:25 --> Unknown column 'tbl_siswa.id_kelas' in 'on clause'
#0 C:\xampp\htdocs\siakad\system\Database\MySQLi\Connection.php(280): mysqli->query('SELECT *\nFROM `...')
#1 C:\xampp\htdocs\siakad\system\Database\BaseConnection.php(663): CodeIgniter\Database\MySQLi\Connection->execute('SELECT *\nFROM `...')
#2 C:\xampp\htdocs\siakad\system\Database\BaseConnection.php(591): CodeIgniter\Database\BaseConnection->simpleQuery('SELECT *\nFROM `...')
#3 C:\xampp\htdocs\siakad\system\Database\BaseBuilder.php(1428): CodeIgniter\Database\BaseConnection->query('SELECT *\nFROM `...', Array, false)
#4 C:\xampp\htdocs\siakad\app\Models\ModelPendidik.php(57): CodeIgniter\Database\BaseBuilder->get()
#5 C:\xampp\htdocs\siakad\app\Controllers\Pendidik.php(164): App\Models\ModelPendidik->mutasi('1')
#6 C:\xampp\htdocs\siakad\system\CodeIgniter.php(802): App\Controllers\Pendidik->pengajuan()
#7 C:\xampp\htdocs\siakad\system\CodeIgniter.php(399): CodeIgniter\CodeIgniter->runController(Object(App\Controllers\Pendidik))
#8 C:\xampp\htdocs\siakad\system\CodeIgniter.php(317): CodeIgniter\CodeIgniter->handleRequest(NULL, Object(Config\Cache), false)
#9 C:\xampp\htdocs\siakad\public\index.php(37): CodeIgniter\CodeIgniter->run()
#10 C:\xampp\htdocs\siakad\system\Commands\Server\rewrite.php(43): require_once('C:\\xampp\\htdocs...')
#11 {main}
ERROR - 2024-05-26 16:55:20 --> Unknown column 'status' in 'field list'
CRITICAL - 2024-05-26 16:55:20 --> Unknown column 'status' in 'field list'
#0 C:\xampp\htdocs\siakad\system\Database\MySQLi\Connection.php(280): mysqli->query('UPDATE `tbl_mut...')
#1 C:\xampp\htdocs\siakad\system\Database\BaseConnection.php(663): CodeIgniter\Database\MySQLi\Connection->execute('UPDATE `tbl_mut...')
#2 C:\xampp\htdocs\siakad\system\Database\BaseConnection.php(591): CodeIgniter\Database\BaseConnection->simpleQuery('UPDATE `tbl_mut...')
#3 C:\xampp\htdocs\siakad\system\Database\BaseBuilder.php(1875): CodeIgniter\Database\BaseConnection->query('UPDATE `tbl_mut...', Array, false)
#4 C:\xampp\htdocs\siakad\app\Models\ModelSurat.php(55): CodeIgniter\Database\BaseBuilder->update(Array)
#5 C:\xampp\htdocs\siakad\app\Controllers\Pendidik.php(177): App\Models\ModelSurat->konfirmasi(Array)
#6 C:\xampp\htdocs\siakad\system\CodeIgniter.php(802): App\Controllers\Pendidik->konfirmasi('2')
#7 C:\xampp\htdocs\siakad\system\CodeIgniter.php(399): CodeIgniter\CodeIgniter->runController(Object(App\Controllers\Pendidik))
#8 C:\xampp\htdocs\siakad\system\CodeIgniter.php(317): CodeIgniter\CodeIgniter->handleRequest(NULL, Object(Config\Cache), false)
#9 C:\xampp\htdocs\siakad\public\index.php(37): CodeIgniter\CodeIgniter->run()
#10 C:\xampp\htdocs\siakad\system\Commands\Server\rewrite.php(43): require_once('C:\\xampp\\htdocs...')
#11 {main}
ERROR - 2024-05-26 16:59:36 --> Unknown column 'tbl_siswa.id_kelas' in 'on clause'
CRITICAL - 2024-05-26 16:59:36 --> Unknown column 'tbl_siswa.id_kelas' in 'on clause'
#0 C:\xampp\htdocs\siakad\system\Database\MySQLi\Connection.php(280): mysqli->query('SELECT *\nFROM `...')
#1 C:\xampp\htdocs\siakad\system\Database\BaseConnection.php(663): CodeIgniter\Database\MySQLi\Connection->execute('SELECT *\nFROM `...')
#2 C:\xampp\htdocs\siakad\system\Database\BaseConnection.php(591): CodeIgniter\Database\BaseConnection->simpleQuery('SELECT *\nFROM `...')
#3 C:\xampp\htdocs\siakad\system\Database\BaseBuilder.php(1428): CodeIgniter\Database\BaseConnection->query('SELECT *\nFROM `...', Array, false)
#4 C:\xampp\htdocs\siakad\app\Models\ModelSurat.php(43): CodeIgniter\Database\BaseBuilder->get()
#5 C:\xampp\htdocs\siakad\app\Controllers\Surat.php(59): App\Models\ModelSurat->permohonan('1235')
#6 C:\xampp\htdocs\siakad\system\CodeIgniter.php(802): App\Controllers\Surat->permohonan('1235')
#7 C:\xampp\htdocs\siakad\system\CodeIgniter.php(399): CodeIgniter\CodeIgniter->runController(Object(App\Controllers\Surat))
#8 C:\xampp\htdocs\siakad\system\CodeIgniter.php(317): CodeIgniter\CodeIgniter->handleRequest(NULL, Object(Config\Cache), false)
#9 C:\xampp\htdocs\siakad\public\index.php(37): CodeIgniter\CodeIgniter->run()
#10 C:\xampp\htdocs\siakad\system\Commands\Server\rewrite.php(43): require_once('C:\\xampp\\htdocs...')
#11 {main}
CRITICAL - 2024-05-26 17:04:31 --> Undefined index: agama
#0 C:\xampp\htdocs\siakad\app\Views\admin\surat\mutasi.php(69): CodeIgniter\Debug\Exceptions->errorHandler(8, 'Undefined index...', 'C:\\xampp\\htdocs...', 69, Array)
#1 C:\xampp\htdocs\siakad\system\View\View.php(214): include('C:\\xampp\\htdocs...')
#2 C:\xampp\htdocs\siakad\system\View\View.php(217): CodeIgniter\View\View->CodeIgniter\View\{closure}()
#3 C:\xampp\htdocs\siakad\system\Common.php(1092): CodeIgniter\View\View->render('admin/surat/mut...', Array, true)
#4 C:\xampp\htdocs\siakad\app\Controllers\Surat.php(43): view('admin/surat/mut...', Array)
#5 C:\xampp\htdocs\siakad\system\CodeIgniter.php(802): App\Controllers\Surat->mutasi()
#6 C:\xampp\htdocs\siakad\system\CodeIgniter.php(399): CodeIgniter\CodeIgniter->runController(Object(App\Controllers\Surat))
#7 C:\xampp\htdocs\siakad\system\CodeIgniter.php(317): CodeIgniter\CodeIgniter->handleRequest(NULL, Object(Config\Cache), false)
#8 C:\xampp\htdocs\siakad\public\index.php(37): CodeIgniter\CodeIgniter->run()
#9 C:\xampp\htdocs\siakad\system\Commands\Server\rewrite.php(43): require_once('C:\\xampp\\htdocs...')
#10 {main}
CRITICAL - 2024-05-26 17:04:44 --> Undefined index: id_agama
#0 C:\xampp\htdocs\siakad\app\Views\admin\surat\mutasi.php(73): CodeIgniter\Debug\Exceptions->errorHandler(8, 'Undefined index...', 'C:\\xampp\\htdocs...', 73, Array)
#1 C:\xampp\htdocs\siakad\system\View\View.php(214): include('C:\\xampp\\htdocs...')
#2 C:\xampp\htdocs\siakad\system\View\View.php(217): CodeIgniter\View\View->CodeIgniter\View\{closure}()
#3 C:\xampp\htdocs\siakad\system\Common.php(1092): CodeIgniter\View\View->render('admin/surat/mut...', Array, true)
#4 C:\xampp\htdocs\siakad\app\Controllers\Surat.php(43): view('admin/surat/mut...', Array)
#5 C:\xampp\htdocs\siakad\system\CodeIgniter.php(802): App\Controllers\Surat->mutasi()
#6 C:\xampp\htdocs\siakad\system\CodeIgniter.php(399): CodeIgniter\CodeIgniter->runController(Object(App\Controllers\Surat))
#7 C:\xampp\htdocs\siakad\system\CodeIgniter.php(317): CodeIgniter\CodeIgniter->handleRequest(NULL, Object(Config\Cache), false)
#8 C:\xampp\htdocs\siakad\public\index.php(37): CodeIgniter\CodeIgniter->run()
#9 C:\xampp\htdocs\siakad\system\Commands\Server\rewrite.php(43): require_once('C:\\xampp\\htdocs...')
#10 {main}
CRITICAL - 2024-05-26 17:04:45 --> Undefined index: id_agama
#0 C:\xampp\htdocs\siakad\app\Views\admin\surat\mutasi.php(73): CodeIgniter\Debug\Exceptions->errorHandler(8, 'Undefined index...', 'C:\\xampp\\htdocs...', 73, Array)
#1 C:\xampp\htdocs\siakad\system\View\View.php(214): include('C:\\xampp\\htdocs...')
#2 C:\xampp\htdocs\siakad\system\View\View.php(217): CodeIgniter\View\View->CodeIgniter\View\{closure}()
#3 C:\xampp\htdocs\siakad\system\Common.php(1092): CodeIgniter\View\View->render('admin/surat/mut...', Array, true)
#4 C:\xampp\htdocs\siakad\app\Controllers\Surat.php(43): view('admin/surat/mut...', Array)
#5 C:\xampp\htdocs\siakad\system\CodeIgniter.php(802): App\Controllers\Surat->mutasi()
#6 C:\xampp\htdocs\siakad\system\CodeIgniter.php(399): CodeIgniter\CodeIgniter->runController(Object(App\Controllers\Surat))
#7 C:\xampp\htdocs\siakad\system\CodeIgniter.php(317): CodeIgniter\CodeIgniter->handleRequest(NULL, Object(Config\Cache), false)
#8 C:\xampp\htdocs\siakad\public\index.php(37): CodeIgniter\CodeIgniter->run()
#9 C:\xampp\htdocs\siakad\system\Commands\Server\rewrite.php(43): require_once('C:\\xampp\\htdocs...')
#10 {main}
CRITICAL - 2024-05-26 17:13:26 --> Undefined index: kelas
#0 C:\xampp\htdocs\siakad\app\Views\admin\surat\mutasi.php(46): CodeIgniter\Debug\Exceptions->errorHandler(8, 'Undefined index...', 'C:\\xampp\\htdocs...', 46, Array)
#1 C:\xampp\htdocs\siakad\system\View\View.php(214): include('C:\\xampp\\htdocs...')
#2 C:\xampp\htdocs\siakad\system\View\View.php(217): CodeIgniter\View\View->CodeIgniter\View\{closure}()
#3 C:\xampp\htdocs\siakad\system\Common.php(1092): CodeIgniter\View\View->render('admin/surat/mut...', Array, true)
#4 C:\xampp\htdocs\siakad\app\Controllers\Surat.php(43): view('admin/surat/mut...', Array)
#5 C:\xampp\htdocs\siakad\system\CodeIgniter.php(802): App\Controllers\Surat->mutasi()
#6 C:\xampp\htdocs\siakad\system\CodeIgniter.php(399): CodeIgniter\CodeIgniter->runController(Object(App\Controllers\Surat))
#7 C:\xampp\htdocs\siakad\system\CodeIgniter.php(317): CodeIgniter\CodeIgniter->handleRequest(NULL, Object(Config\Cache), false)
#8 C:\xampp\htdocs\siakad\public\index.php(37): CodeIgniter\CodeIgniter->run()
#9 C:\xampp\htdocs\siakad\system\Commands\Server\rewrite.php(43): require_once('C:\\xampp\\htdocs...')
#10 {main}
CRITICAL - 2024-05-26 17:25:59 --> syntax error, unexpected 'public' (T_PUBLIC)
#0 C:\xampp\htdocs\siakad\system\Router\Router.php(160): CodeIgniter\Router\Router->autoRoute('surat/mutasi')
#1 C:\xampp\htdocs\siakad\system\CodeIgniter.php(702): CodeIgniter\Router\Router->handle('surat/mutasi')
#2 C:\xampp\htdocs\siakad\system\CodeIgniter.php(358): CodeIgniter\CodeIgniter->tryToRouteIt(Object(CodeIgniter\Router\RouteCollection))
#3 C:\xampp\htdocs\siakad\system\CodeIgniter.php(317): CodeIgniter\CodeIgniter->handleRequest(NULL, Object(Config\Cache), false)
#4 C:\xampp\htdocs\siakad\public\index.php(37): CodeIgniter\CodeIgniter->run()
#5 C:\xampp\htdocs\siakad\system\Commands\Server\rewrite.php(43): require_once('C:\\xampp\\htdocs...')
#6 {main}
CRITICAL - 2024-05-26 17:29:32 --> Undefined property: App\Controllers\Surat::$ModelMutasi
#0 C:\xampp\htdocs\siakad\app\Controllers\Surat.php(56): CodeIgniter\Debug\Exceptions->errorHandler(8, 'Undefined prope...', 'C:\\xampp\\htdocs...', 56, Array)
#1 C:\xampp\htdocs\siakad\system\CodeIgniter.php(802): App\Controllers\Surat->tambahmutasi('1235')
#2 C:\xampp\htdocs\siakad\system\CodeIgniter.php(399): CodeIgniter\CodeIgniter->runController(Object(App\Controllers\Surat))
#3 C:\xampp\htdocs\siakad\system\CodeIgniter.php(317): CodeIgniter\CodeIgniter->handleRequest(NULL, Object(Config\Cache), false)
#4 C:\xampp\htdocs\siakad\public\index.php(37): CodeIgniter\CodeIgniter->run()
#5 C:\xampp\htdocs\siakad\system\Commands\Server\rewrite.php(43): require_once('C:\\xampp\\htdocs...')
#6 {main}
ERROR - 2024-05-26 17:30:02 --> Unknown column 'nisn' in 'where clause'
CRITICAL - 2024-05-26 17:30:02 --> Unknown column 'nisn' in 'where clause'
#0 C:\xampp\htdocs\siakad\system\Database\MySQLi\Connection.php(280): mysqli->query('UPDATE `tbl_mut...')
#1 C:\xampp\htdocs\siakad\system\Database\BaseConnection.php(663): CodeIgniter\Database\MySQLi\Connection->execute('UPDATE `tbl_mut...')
#2 C:\xampp\htdocs\siakad\system\Database\BaseConnection.php(591): CodeIgniter\Database\BaseConnection->simpleQuery('UPDATE `tbl_mut...')
#3 C:\xampp\htdocs\siakad\system\Database\BaseBuilder.php(1875): CodeIgniter\Database\BaseConnection->query('UPDATE `tbl_mut...', Array, false)
#4 C:\xampp\htdocs\siakad\app\Models\ModelSurat.php(58): CodeIgniter\Database\BaseBuilder->update(Array)
#5 C:\xampp\htdocs\siakad\app\Controllers\Surat.php(56): App\Models\ModelSurat->editmutasi(Array)
#6 C:\xampp\htdocs\siakad\system\CodeIgniter.php(802): App\Controllers\Surat->tambahmutasi('1235')
#7 C:\xampp\htdocs\siakad\system\CodeIgniter.php(399): CodeIgniter\CodeIgniter->runController(Object(App\Controllers\Surat))
#8 C:\xampp\htdocs\siakad\system\CodeIgniter.php(317): CodeIgniter\CodeIgniter->handleRequest(NULL, Object(Config\Cache), false)
#9 C:\xampp\htdocs\siakad\public\index.php(37): CodeIgniter\CodeIgniter->run()
#10 C:\xampp\htdocs\siakad\system\Commands\Server\rewrite.php(43): require_once('C:\\xampp\\htdocs...')
#11 {main}
ERROR - 2024-05-26 17:31:47 --> Unknown column 'nisn' in 'where clause'
CRITICAL - 2024-05-26 17:31:47 --> Unknown column 'nisn' in 'where clause'
#0 C:\xampp\htdocs\siakad\system\Database\MySQLi\Connection.php(280): mysqli->query('UPDATE `tbl_mut...')
#1 C:\xampp\htdocs\siakad\system\Database\BaseConnection.php(663): CodeIgniter\Database\MySQLi\Connection->execute('UPDATE `tbl_mut...')
#2 C:\xampp\htdocs\siakad\system\Database\BaseConnection.php(591): CodeIgniter\Database\BaseConnection->simpleQuery('UPDATE `tbl_mut...')
#3 C:\xampp\htdocs\siakad\system\Database\BaseBuilder.php(1875): CodeIgniter\Database\BaseConnection->query('UPDATE `tbl_mut...', Array, false)
#4 C:\xampp\htdocs\siakad\app\Models\ModelSurat.php(58): CodeIgniter\Database\BaseBuilder->update(Array)
#5 C:\xampp\htdocs\siakad\app\Controllers\Surat.php(56): App\Models\ModelSurat->editmutasi(Array)
#6 C:\xampp\htdocs\siakad\system\CodeIgniter.php(802): App\Controllers\Surat->tambahmutasi('1235')
#7 C:\xampp\htdocs\siakad\system\CodeIgniter.php(399): CodeIgniter\CodeIgniter->runController(Object(App\Controllers\Surat))
#8 C:\xampp\htdocs\siakad\system\CodeIgniter.php(317): CodeIgniter\CodeIgniter->handleRequest(NULL, Object(Config\Cache), false)
#9 C:\xampp\htdocs\siakad\public\index.php(37): CodeIgniter\CodeIgniter->run()
#10 C:\xampp\htdocs\siakad\system\Commands\Server\rewrite.php(43): require_once('C:\\xampp\\htdocs...')
#11 {main}
ERROR - 2024-05-26 17:31:56 --> Unknown column 'nisn' in 'where clause'
CRITICAL - 2024-05-26 17:31:56 --> Unknown column 'nisn' in 'where clause'
#0 C:\xampp\htdocs\siakad\system\Database\MySQLi\Connection.php(280): mysqli->query('UPDATE `tbl_mut...')
#1 C:\xampp\htdocs\siakad\system\Database\BaseConnection.php(663): CodeIgniter\Database\MySQLi\Connection->execute('UPDATE `tbl_mut...')
#2 C:\xampp\htdocs\siakad\system\Database\BaseConnection.php(591): CodeIgniter\Database\BaseConnection->simpleQuery('UPDATE `tbl_mut...')
#3 C:\xampp\htdocs\siakad\system\Database\BaseBuilder.php(1875): CodeIgniter\Database\BaseConnection->query('UPDATE `tbl_mut...', Array, false)
#4 C:\xampp\htdocs\siakad\app\Models\ModelSurat.php(58): CodeIgniter\Database\BaseBuilder->update(Array)
#5 C:\xampp\htdocs\siakad\app\Controllers\Surat.php(56): App\Models\ModelSurat->editmutasi(Array)
#6 C:\xampp\htdocs\siakad\system\CodeIgniter.php(802): App\Controllers\Surat->tambahmutasi('1235')
#7 C:\xampp\htdocs\siakad\system\CodeIgniter.php(399): CodeIgniter\CodeIgniter->runController(Object(App\Controllers\Surat))
#8 C:\xampp\htdocs\siakad\system\CodeIgniter.php(317): CodeIgniter\CodeIgniter->handleRequest(NULL, Object(Config\Cache), false)
#9 C:\xampp\htdocs\siakad\public\index.php(37): CodeIgniter\CodeIgniter->run()
#10 C:\xampp\htdocs\siakad\system\Commands\Server\rewrite.php(43): require_once('C:\\xampp\\htdocs...')
#11 {main}
ERROR - 2024-05-26 17:33:36 --> Unknown column 'nisn' in 'where clause'
CRITICAL - 2024-05-26 17:33:36 --> Unknown column 'nisn' in 'where clause'
#0 C:\xampp\htdocs\siakad\system\Database\MySQLi\Connection.php(280): mysqli->query('UPDATE `tbl_mut...')
#1 C:\xampp\htdocs\siakad\system\Database\BaseConnection.php(663): CodeIgniter\Database\MySQLi\Connection->execute('UPDATE `tbl_mut...')
#2 C:\xampp\htdocs\siakad\system\Database\BaseConnection.php(591): CodeIgniter\Database\BaseConnection->simpleQuery('UPDATE `tbl_mut...')
#3 C:\xampp\htdocs\siakad\system\Database\BaseBuilder.php(1875): CodeIgniter\Database\BaseConnection->query('UPDATE `tbl_mut...', Array, false)
#4 C:\xampp\htdocs\siakad\app\Models\ModelSurat.php(58): CodeIgniter\Database\BaseBuilder->update(Array)
#5 C:\xampp\htdocs\siakad\app\Controllers\Surat.php(56): App\Models\ModelSurat->editmutasi(Array)
#6 C:\xampp\htdocs\siakad\system\CodeIgniter.php(802): App\Controllers\Surat->tambahmutasi('1235')
#7 C:\xampp\htdocs\siakad\system\CodeIgniter.php(399): CodeIgniter\CodeIgniter->runController(Object(App\Controllers\Surat))
#8 C:\xampp\htdocs\siakad\system\CodeIgniter.php(317): CodeIgniter\CodeIgniter->handleRequest(NULL, Object(Config\Cache), false)
#9 C:\xampp\htdocs\siakad\public\index.php(37): CodeIgniter\CodeIgniter->run()
#10 C:\xampp\htdocs\siakad\system\Commands\Server\rewrite.php(43): require_once('C:\\xampp\\htdocs...')
#11 {main}
ERROR - 2024-05-26 17:45:07 --> Unknown column 'tbl_siswa.id_kelas' in 'on clause'
CRITICAL - 2024-05-26 17:45:07 --> Unknown column 'tbl_siswa.id_kelas' in 'on clause'
#0 C:\xampp\htdocs\siakad\system\Database\MySQLi\Connection.php(280): mysqli->query('SELECT *\nFROM `...')
#1 C:\xampp\htdocs\siakad\system\Database\BaseConnection.php(663): CodeIgniter\Database\MySQLi\Connection->execute('SELECT *\nFROM `...')
#2 C:\xampp\htdocs\siakad\system\Database\BaseConnection.php(591): CodeIgniter\Database\BaseConnection->simpleQuery('SELECT *\nFROM `...')
#3 C:\xampp\htdocs\siakad\system\Database\BaseBuilder.php(1428): CodeIgniter\Database\BaseConnection->query('SELECT *\nFROM `...', Array, false)
#4 C:\xampp\htdocs\siakad\app\Models\ModelSurat.php(46): CodeIgniter\Database\BaseBuilder->get()
#5 C:\xampp\htdocs\siakad\app\Controllers\Surat.php(75): App\Models\ModelSurat->permohonan('1235')
#6 C:\xampp\htdocs\siakad\system\CodeIgniter.php(802): App\Controllers\Surat->suratpindah('1235')
#7 C:\xampp\htdocs\siakad\system\CodeIgniter.php(399): CodeIgniter\CodeIgniter->runController(Object(App\Controllers\Surat))
#8 C:\xampp\htdocs\siakad\system\CodeIgniter.php(317): CodeIgniter\CodeIgniter->handleRequest(NULL, Object(Config\Cache), false)
#9 C:\xampp\htdocs\siakad\public\index.php(37): CodeIgniter\CodeIgniter->run()
#10 C:\xampp\htdocs\siakad\system\Commands\Server\rewrite.php(43): require_once('C:\\xampp\\htdocs...')
#11 {main}
CRITICAL - 2024-05-26 17:51:48 --> Undefined index: nisn
#0 C:\xampp\htdocs\siakad\app\Models\ModelSurat.php(55): CodeIgniter\Debug\Exceptions->errorHandler(8, 'Undefined index...', 'C:\\xampp\\htdocs...', 55, Array)
#1 C:\xampp\htdocs\siakad\app\Controllers\Surat.php(56): App\Models\ModelSurat->editmutasi(Array)
#2 C:\xampp\htdocs\siakad\system\CodeIgniter.php(802): App\Controllers\Surat->tambahmutasi('1235')
#3 C:\xampp\htdocs\siakad\system\CodeIgniter.php(399): CodeIgniter\CodeIgniter->runController(Object(App\Controllers\Surat))
#4 C:\xampp\htdocs\siakad\system\CodeIgniter.php(317): CodeIgniter\CodeIgniter->handleRequest(NULL, Object(Config\Cache), false)
#5 C:\xampp\htdocs\siakad\public\index.php(37): CodeIgniter\CodeIgniter->run()
#6 C:\xampp\htdocs\siakad\system\Commands\Server\rewrite.php(43): require_once('C:\\xampp\\htdocs...')
#7 {main}
CRITICAL - 2024-05-26 18:19:29 --> Undefined index: nomor_surat
#0 C:\xampp\htdocs\siakad\app\Views\admin\surat\surat_pindah.php(147): CodeIgniter\Debug\Exceptions->errorHandler(8, 'Undefined index...', 'C:\\xampp\\htdocs...', 147, Array)
#1 C:\xampp\htdocs\siakad\system\View\View.php(214): include('C:\\xampp\\htdocs...')
#2 C:\xampp\htdocs\siakad\system\View\View.php(217): CodeIgniter\View\View->CodeIgniter\View\{closure}()
#3 C:\xampp\htdocs\siakad\system\Common.php(1092): CodeIgniter\View\View->render('admin/surat/sur...', Array, true)
#4 C:\xampp\htdocs\siakad\app\Controllers\Surat.php(78): view('admin/surat/sur...', Array)
#5 C:\xampp\htdocs\siakad\system\CodeIgniter.php(802): App\Controllers\Surat->suratpindah('2')
#6 C:\xampp\htdocs\siakad\system\CodeIgniter.php(399): CodeIgniter\CodeIgniter->runController(Object(App\Controllers\Surat))
#7 C:\xampp\htdocs\siakad\system\CodeIgniter.php(317): CodeIgniter\CodeIgniter->handleRequest(NULL, Object(Config\Cache), false)
#8 C:\xampp\htdocs\siakad\public\index.php(37): CodeIgniter\CodeIgniter->run()
#9 C:\xampp\htdocs\siakad\system\Commands\Server\rewrite.php(43): require_once('C:\\xampp\\htdocs...')
#10 {main}
CRITICAL - 2024-05-26 18:19:30 --> Undefined index: nomor_surat
#0 C:\xampp\htdocs\siakad\app\Views\admin\surat\surat_pindah.php(147): CodeIgniter\Debug\Exceptions->errorHandler(8, 'Undefined index...', 'C:\\xampp\\htdocs...', 147, Array)
#1 C:\xampp\htdocs\siakad\system\View\View.php(214): include('C:\\xampp\\htdocs...')
#2 C:\xampp\htdocs\siakad\system\View\View.php(217): CodeIgniter\View\View->CodeIgniter\View\{closure}()
#3 C:\xampp\htdocs\siakad\system\Common.php(1092): CodeIgniter\View\View->render('admin/surat/sur...', Array, true)
#4 C:\xampp\htdocs\siakad\app\Controllers\Surat.php(78): view('admin/surat/sur...', Array)
#5 C:\xampp\htdocs\siakad\system\CodeIgniter.php(802): App\Controllers\Surat->suratpindah('2')
#6 C:\xampp\htdocs\siakad\system\CodeIgniter.php(399): CodeIgniter\CodeIgniter->runController(Object(App\Controllers\Surat))
#7 C:\xampp\htdocs\siakad\system\CodeIgniter.php(317): CodeIgniter\CodeIgniter->handleRequest(NULL, Object(Config\Cache), false)
#8 C:\xampp\htdocs\siakad\public\index.php(37): CodeIgniter\CodeIgniter->run()
#9 C:\xampp\htdocs\siakad\system\Commands\Server\rewrite.php(43): require_once('C:\\xampp\\htdocs...')
#10 {main}
CRITICAL - 2024-05-26 18:19:30 --> Undefined index: nomor_surat
#0 C:\xampp\htdocs\siakad\app\Views\admin\surat\surat_pindah.php(147): CodeIgniter\Debug\Exceptions->errorHandler(8, 'Undefined index...', 'C:\\xampp\\htdocs...', 147, Array)
#1 C:\xampp\htdocs\siakad\system\View\View.php(214): include('C:\\xampp\\htdocs...')
#2 C:\xampp\htdocs\siakad\system\View\View.php(217): CodeIgniter\View\View->CodeIgniter\View\{closure}()
#3 C:\xampp\htdocs\siakad\system\Common.php(1092): CodeIgniter\View\View->render('admin/surat/sur...', Array, true)
#4 C:\xampp\htdocs\siakad\app\Controllers\Surat.php(78): view('admin/surat/sur...', Array)
#5 C:\xampp\htdocs\siakad\system\CodeIgniter.php(802): App\Controllers\Surat->suratpindah('2')
#6 C:\xampp\htdocs\siakad\system\CodeIgniter.php(399): CodeIgniter\CodeIgniter->runController(Object(App\Controllers\Surat))
#7 C:\xampp\htdocs\siakad\system\CodeIgniter.php(317): CodeIgniter\CodeIgniter->handleRequest(NULL, Object(Config\Cache), false)
#8 C:\xampp\htdocs\siakad\public\index.php(37): CodeIgniter\CodeIgniter->run()
#9 C:\xampp\htdocs\siakad\system\Commands\Server\rewrite.php(43): require_once('C:\\xampp\\htdocs...')
#10 {main}
CRITICAL - 2024-05-26 19:07:33 --> Undefined variable: biodata
#0 C:\xampp\htdocs\siakad\app\Views\admin\surat\surat_pindah.php(182): CodeIgniter\Debug\Exceptions->errorHandler(8, 'Undefined varia...', 'C:\\xampp\\htdocs...', 182, Array)
#1 C:\xampp\htdocs\siakad\system\View\View.php(214): include('C:\\xampp\\htdocs...')
#2 C:\xampp\htdocs\siakad\system\View\View.php(217): CodeIgniter\View\View->CodeIgniter\View\{closure}()
#3 C:\xampp\htdocs\siakad\system\Common.php(1092): CodeIgniter\View\View->render('admin/surat/sur...', Array, true)
#4 C:\xampp\htdocs\siakad\app\Controllers\Surat.php(78): view('admin/surat/sur...', Array)
#5 C:\xampp\htdocs\siakad\system\CodeIgniter.php(802): App\Controllers\Surat->suratpindah('2')
#6 C:\xampp\htdocs\siakad\system\CodeIgniter.php(399): CodeIgniter\CodeIgniter->runController(Object(App\Controllers\Surat))
#7 C:\xampp\htdocs\siakad\system\CodeIgniter.php(317): CodeIgniter\CodeIgniter->handleRequest(NULL, Object(Config\Cache), false)
#8 C:\xampp\htdocs\siakad\public\index.php(37): CodeIgniter\CodeIgniter->run()
#9 C:\xampp\htdocs\siakad\system\Commands\Server\rewrite.php(43): require_once('C:\\xampp\\htdocs...')
#10 {main}
CRITICAL - 2024-05-26 19:07:34 --> Undefined variable: biodata
#0 C:\xampp\htdocs\siakad\app\Views\admin\surat\surat_pindah.php(182): CodeIgniter\Debug\Exceptions->errorHandler(8, 'Undefined varia...', 'C:\\xampp\\htdocs...', 182, Array)
#1 C:\xampp\htdocs\siakad\system\View\View.php(214): include('C:\\xampp\\htdocs...')
#2 C:\xampp\htdocs\siakad\system\View\View.php(217): CodeIgniter\View\View->CodeIgniter\View\{closure}()
#3 C:\xampp\htdocs\siakad\system\Common.php(1092): CodeIgniter\View\View->render('admin/surat/sur...', Array, true)
#4 C:\xampp\htdocs\siakad\app\Controllers\Surat.php(78): view('admin/surat/sur...', Array)
#5 C:\xampp\htdocs\siakad\system\CodeIgniter.php(802): App\Controllers\Surat->suratpindah('2')
#6 C:\xampp\htdocs\siakad\system\CodeIgniter.php(399): CodeIgniter\CodeIgniter->runController(Object(App\Controllers\Surat))
#7 C:\xampp\htdocs\siakad\system\CodeIgniter.php(317): CodeIgniter\CodeIgniter->handleRequest(NULL, Object(Config\Cache), false)
#8 C:\xampp\htdocs\siakad\public\index.php(37): CodeIgniter\CodeIgniter->run()
#9 C:\xampp\htdocs\siakad\system\Commands\Server\rewrite.php(43): require_once('C:\\xampp\\htdocs...')
#10 {main}
CRITICAL - 2024-05-26 19:28:15 --> Call to undefined function d F Y()
#0 C:\xampp\htdocs\siakad\system\View\View.php(214): include()
#1 C:\xampp\htdocs\siakad\system\View\View.php(217): CodeIgniter\View\View->CodeIgniter\View\{closure}()
#2 C:\xampp\htdocs\siakad\system\Common.php(1092): CodeIgniter\View\View->render('admin/surat/sur...', Array, true)
#3 C:\xampp\htdocs\siakad\app\Controllers\Surat.php(78): view('admin/surat/sur...', Array)
#4 C:\xampp\htdocs\siakad\system\CodeIgniter.php(802): App\Controllers\Surat->suratpindah('2')
#5 C:\xampp\htdocs\siakad\system\CodeIgniter.php(399): CodeIgniter\CodeIgniter->runController(Object(App\Controllers\Surat))
#6 C:\xampp\htdocs\siakad\system\CodeIgniter.php(317): CodeIgniter\CodeIgniter->handleRequest(NULL, Object(Config\Cache), false)
#7 C:\xampp\htdocs\siakad\public\index.php(37): CodeIgniter\CodeIgniter->run()
#8 C:\xampp\htdocs\siakad\system\Commands\Server\rewrite.php(43): require_once('C:\\xampp\\htdocs...')
#9 {main}
CRITICAL - 2024-05-26 19:28:16 --> Call to undefined function d F Y()
#0 C:\xampp\htdocs\siakad\system\View\View.php(214): include()
#1 C:\xampp\htdocs\siakad\system\View\View.php(217): CodeIgniter\View\View->CodeIgniter\View\{closure}()
#2 C:\xampp\htdocs\siakad\system\Common.php(1092): CodeIgniter\View\View->render('admin/surat/sur...', Array, true)
#3 C:\xampp\htdocs\siakad\app\Controllers\Surat.php(78): view('admin/surat/sur...', Array)
#4 C:\xampp\htdocs\siakad\system\CodeIgniter.php(802): App\Controllers\Surat->suratpindah('2')
#5 C:\xampp\htdocs\siakad\system\CodeIgniter.php(399): CodeIgniter\CodeIgniter->runController(Object(App\Controllers\Surat))
#6 C:\xampp\htdocs\siakad\system\CodeIgniter.php(317): CodeIgniter\CodeIgniter->handleRequest(NULL, Object(Config\Cache), false)
#7 C:\xampp\htdocs\siakad\public\index.php(37): CodeIgniter\CodeIgniter->run()
#8 C:\xampp\htdocs\siakad\system\Commands\Server\rewrite.php(43): require_once('C:\\xampp\\htdocs...')
#9 {main}
CRITICAL - 2024-05-26 19:28:16 --> Call to undefined function d F Y()
#0 C:\xampp\htdocs\siakad\system\View\View.php(214): include()
#1 C:\xampp\htdocs\siakad\system\View\View.php(217): CodeIgniter\View\View->CodeIgniter\View\{closure}()
#2 C:\xampp\htdocs\siakad\system\Common.php(1092): CodeIgniter\View\View->render('admin/surat/sur...', Array, true)
#3 C:\xampp\htdocs\siakad\app\Controllers\Surat.php(78): view('admin/surat/sur...', Array)
#4 C:\xampp\htdocs\siakad\system\CodeIgniter.php(802): App\Controllers\Surat->suratpindah('2')
#5 C:\xampp\htdocs\siakad\system\CodeIgniter.php(399): CodeIgniter\CodeIgniter->runController(Object(App\Controllers\Surat))
#6 C:\xampp\htdocs\siakad\system\CodeIgniter.php(317): CodeIgniter\CodeIgniter->handleRequest(NULL, Object(Config\Cache), false)
#7 C:\xampp\htdocs\siakad\public\index.php(37): CodeIgniter\CodeIgniter->run()
#8 C:\xampp\htdocs\siakad\system\Commands\Server\rewrite.php(43): require_once('C:\\xampp\\htdocs...')
#9 {main}
CRITICAL - 2024-05-26 20:07:50 --> Undefined index: nama_kecamatan
#0 C:\xampp\htdocs\siakad\app\Views\admin\surat\permohonan.php(118): CodeIgniter\Debug\Exceptions->errorHandler(8, 'Undefined index...', 'C:\\xampp\\htdocs...', 118, Array)
#1 C:\xampp\htdocs\siakad\system\View\View.php(214): include('C:\\xampp\\htdocs...')
#2 C:\xampp\htdocs\siakad\system\View\View.php(217): CodeIgniter\View\View->CodeIgniter\View\{closure}()
#3 C:\xampp\htdocs\siakad\system\Common.php(1092): CodeIgniter\View\View->render('admin/surat/per...', Array, true)
#4 C:\xampp\htdocs\siakad\app\Controllers\Surat.php(103): view('admin/surat/per...', Array)
#5 C:\xampp\htdocs\siakad\system\CodeIgniter.php(802): App\Controllers\Surat->printmohon('3')
#6 C:\xampp\htdocs\siakad\system\CodeIgniter.php(399): CodeIgniter\CodeIgniter->runController(Object(App\Controllers\Surat))
#7 C:\xampp\htdocs\siakad\system\CodeIgniter.php(317): CodeIgniter\CodeIgniter->handleRequest(NULL, Object(Config\Cache), false)
#8 C:\xampp\htdocs\siakad\public\index.php(37): CodeIgniter\CodeIgniter->run()
#9 C:\xampp\htdocs\siakad\system\Commands\Server\rewrite.php(43): require_once('C:\\xampp\\htdocs...')
#10 {main}
