ERROR - 2024-04-25 10:32:55 --> Column 'id_tingkat' in where clause is ambiguous
CRITICAL - 2024-04-25 10:32:55 --> Column 'id_tingkat' in where clause is ambiguous
#0 C:\xampp\htdocs\siakad\system\Database\MySQLi\Connection.php(280): mysqli->query('SELECT *\nFROM `...')
#1 C:\xampp\htdocs\siakad\system\Database\BaseConnection.php(663): CodeIgniter\Database\MySQLi\Connection->execute('SELECT *\nFROM `...')
#2 C:\xampp\htdocs\siakad\system\Database\BaseConnection.php(591): CodeIgniter\Database\BaseConnection->simpleQuery('SELECT *\nFROM `...')
#3 C:\xampp\htdocs\siakad\system\Database\BaseBuilder.php(1428): CodeIgniter\Database\BaseConnection->query('SELECT *\nFROM `...', Array, false)
#4 C:\xampp\htdocs\siakad\app\Models\ModelPeserta.php(170): CodeIgniter\Database\BaseBuilder->get()
#5 C:\xampp\htdocs\siakad\app\Controllers\Peserta.php(54): App\Models\ModelPeserta->lulus()
#6 C:\xampp\htdocs\siakad\system\CodeIgniter.php(802): App\Controllers\Peserta->index()
#7 C:\xampp\htdocs\siakad\system\CodeIgniter.php(399): CodeIgniter\CodeIgniter->runController(Object(App\Controllers\Peserta))
#8 C:\xampp\htdocs\siakad\system\CodeIgniter.php(317): CodeIgniter\CodeIgniter->handleRequest(NULL, Object(Config\Cache), false)
#9 C:\xampp\htdocs\siakad\public\index.php(37): CodeIgniter\CodeIgniter->run()
#10 C:\xampp\htdocs\siakad\system\Commands\Server\rewrite.php(43): require_once('C:\\xampp\\htdocs...')
#11 {main}
CRITICAL - 2024-04-25 12:29:04 --> syntax error, unexpected 'session' (T_STRING)
#0 C:\xampp\htdocs\siakad\system\Router\Router.php(160): CodeIgniter\Router\Router->autoRoute('peserta')
#1 C:\xampp\htdocs\siakad\system\CodeIgniter.php(702): CodeIgniter\Router\Router->handle('peserta')
#2 C:\xampp\htdocs\siakad\system\CodeIgniter.php(358): CodeIgniter\CodeIgniter->tryToRouteIt(Object(CodeIgniter\Router\RouteCollection))
#3 C:\xampp\htdocs\siakad\system\CodeIgniter.php(317): CodeIgniter\CodeIgniter->handleRequest(NULL, Object(Config\Cache), false)
#4 C:\xampp\htdocs\siakad\public\index.php(37): CodeIgniter\CodeIgniter->run()
#5 C:\xampp\htdocs\siakad\system\Commands\Server\rewrite.php(43): require_once('C:\\xampp\\htdocs...')
#6 {main}
CRITICAL - 2024-04-25 12:34:16 --> syntax error, unexpected ';', expecting ')'
#0 C:\xampp\htdocs\siakad\system\Router\Router.php(160): CodeIgniter\Router\Router->autoRoute('peserta')
#1 C:\xampp\htdocs\siakad\system\CodeIgniter.php(702): CodeIgniter\Router\Router->handle('peserta')
#2 C:\xampp\htdocs\siakad\system\CodeIgniter.php(358): CodeIgniter\CodeIgniter->tryToRouteIt(Object(CodeIgniter\Router\RouteCollection))
#3 C:\xampp\htdocs\siakad\system\CodeIgniter.php(317): CodeIgniter\CodeIgniter->handleRequest(NULL, Object(Config\Cache), false)
#4 C:\xampp\htdocs\siakad\public\index.php(37): CodeIgniter\CodeIgniter->run()
#5 C:\xampp\htdocs\siakad\system\Commands\Server\rewrite.php(43): require_once('C:\\xampp\\htdocs...')
#6 {main}
CRITICAL - 2024-04-25 12:36:01 --> Undefined variable: nisn
#0 C:\xampp\htdocs\siakad\app\Controllers\Peserta.php(574): CodeIgniter\Debug\Exceptions->errorHandler(8, 'Undefined varia...', 'C:\\xampp\\htdocs...', 574, Array)
#1 C:\xampp\htdocs\siakad\system\CodeIgniter.php(802): App\Controllers\Peserta->lulus()
#2 C:\xampp\htdocs\siakad\system\CodeIgniter.php(399): CodeIgniter\CodeIgniter->runController(Object(App\Controllers\Peserta))
#3 C:\xampp\htdocs\siakad\system\CodeIgniter.php(317): CodeIgniter\CodeIgniter->handleRequest(NULL, Object(Config\Cache), false)
#4 C:\xampp\htdocs\siakad\public\index.php(37): CodeIgniter\CodeIgniter->run()
#5 C:\xampp\htdocs\siakad\system\Commands\Server\rewrite.php(43): require_once('C:\\xampp\\htdocs...')
#6 {main}
CRITICAL - 2024-04-25 12:36:43 --> Too few arguments to function App\Models\ModelPeserta::detail_data(), 0 passed in C:\xampp\htdocs\siakad\app\Controllers\Peserta.php on line 55 and exactly 1 expected
#0 C:\xampp\htdocs\siakad\app\Controllers\Peserta.php(55): App\Models\ModelPeserta->detail_data()
#1 C:\xampp\htdocs\siakad\system\CodeIgniter.php(802): App\Controllers\Peserta->index()
#2 C:\xampp\htdocs\siakad\system\CodeIgniter.php(399): CodeIgniter\CodeIgniter->runController(Object(App\Controllers\Peserta))
#3 C:\xampp\htdocs\siakad\system\CodeIgniter.php(317): CodeIgniter\CodeIgniter->handleRequest(NULL, Object(Config\Cache), false)
#4 C:\xampp\htdocs\siakad\public\index.php(37): CodeIgniter\CodeIgniter->run()
#5 C:\xampp\htdocs\siakad\system\Commands\Server\rewrite.php(43): require_once('C:\\xampp\\htdocs...')
#6 {main}
CRITICAL - 2024-04-25 12:37:34 --> Undefined variable: nisn
#0 C:\xampp\htdocs\siakad\app\Controllers\Peserta.php(574): CodeIgniter\Debug\Exceptions->errorHandler(8, 'Undefined varia...', 'C:\\xampp\\htdocs...', 574, Array)
#1 C:\xampp\htdocs\siakad\system\CodeIgniter.php(802): App\Controllers\Peserta->lulus()
#2 C:\xampp\htdocs\siakad\system\CodeIgniter.php(399): CodeIgniter\CodeIgniter->runController(Object(App\Controllers\Peserta))
#3 C:\xampp\htdocs\siakad\system\CodeIgniter.php(317): CodeIgniter\CodeIgniter->handleRequest(NULL, Object(Config\Cache), false)
#4 C:\xampp\htdocs\siakad\public\index.php(37): CodeIgniter\CodeIgniter->run()
#5 C:\xampp\htdocs\siakad\system\Commands\Server\rewrite.php(43): require_once('C:\\xampp\\htdocs...')
#6 {main}
CRITICAL - 2024-04-25 12:38:47 --> Undefined variable: nisn
#0 C:\xampp\htdocs\siakad\app\Controllers\Peserta.php(574): CodeIgniter\Debug\Exceptions->errorHandler(8, 'Undefined varia...', 'C:\\xampp\\htdocs...', 574, Array)
#1 C:\xampp\htdocs\siakad\system\CodeIgniter.php(802): App\Controllers\Peserta->lulus()
#2 C:\xampp\htdocs\siakad\system\CodeIgniter.php(399): CodeIgniter\CodeIgniter->runController(Object(App\Controllers\Peserta))
#3 C:\xampp\htdocs\siakad\system\CodeIgniter.php(317): CodeIgniter\CodeIgniter->handleRequest(NULL, Object(Config\Cache), false)
#4 C:\xampp\htdocs\siakad\public\index.php(37): CodeIgniter\CodeIgniter->run()
#5 C:\xampp\htdocs\siakad\system\Commands\Server\rewrite.php(43): require_once('C:\\xampp\\htdocs...')
#6 {main}
CRITICAL - 2024-04-25 13:10:06 --> Undefined index: tingkat
#0 C:\xampp\htdocs\siakad\app\Views\admin\peserta\v_peserta.php(324): CodeIgniter\Debug\Exceptions->errorHandler(8, 'Undefined index...', 'C:\\xampp\\htdocs...', 324, Array)
#1 C:\xampp\htdocs\siakad\system\View\View.php(214): include('C:\\xampp\\htdocs...')
#2 C:\xampp\htdocs\siakad\system\View\View.php(217): CodeIgniter\View\View->CodeIgniter\View\{closure}()
#3 C:\xampp\htdocs\siakad\system\Common.php(1092): CodeIgniter\View\View->render('admin/peserta/v...', Array, true)
#4 C:\xampp\htdocs\siakad\app\Controllers\Peserta.php(59): view('admin/peserta/v...', Array)
#5 C:\xampp\htdocs\siakad\system\CodeIgniter.php(802): App\Controllers\Peserta->index()
#6 C:\xampp\htdocs\siakad\system\CodeIgniter.php(399): CodeIgniter\CodeIgniter->runController(Object(App\Controllers\Peserta))
#7 C:\xampp\htdocs\siakad\system\CodeIgniter.php(317): CodeIgniter\CodeIgniter->handleRequest(NULL, Object(Config\Cache), false)
#8 C:\xampp\htdocs\siakad\public\index.php(37): CodeIgniter\CodeIgniter->run()
#9 C:\xampp\htdocs\siakad\system\Commands\Server\rewrite.php(43): require_once('C:\\xampp\\htdocs...')
#10 {main}
CRITICAL - 2024-04-25 13:33:01 --> Undefined offset: 1
#0 C:\xampp\htdocs\siakad\app\Controllers\Peserta.php(604): CodeIgniter\Debug\Exceptions->errorHandler(8, 'Undefined offse...', 'C:\\xampp\\htdocs...', 604, Array)
#1 C:\xampp\htdocs\siakad\system\CodeIgniter.php(802): App\Controllers\Peserta->naik()
#2 C:\xampp\htdocs\siakad\system\CodeIgniter.php(399): CodeIgniter\CodeIgniter->runController(Object(App\Controllers\Peserta))
#3 C:\xampp\htdocs\siakad\system\CodeIgniter.php(317): CodeIgniter\CodeIgniter->handleRequest(NULL, Object(Config\Cache), false)
#4 C:\xampp\htdocs\siakad\public\index.php(37): CodeIgniter\CodeIgniter->run()
#5 C:\xampp\htdocs\siakad\system\Commands\Server\rewrite.php(43): require_once('C:\\xampp\\htdocs...')
#6 {main}
CRITICAL - 2024-04-25 13:40:55 --> Undefined index: nisn
#0 C:\xampp\htdocs\siakad\app\Controllers\Peserta.php(596): CodeIgniter\Debug\Exceptions->errorHandler(8, 'Undefined index...', 'C:\\xampp\\htdocs...', 596, Array)
#1 C:\xampp\htdocs\siakad\system\CodeIgniter.php(802): App\Controllers\Peserta->naik()
#2 C:\xampp\htdocs\siakad\system\CodeIgniter.php(399): CodeIgniter\CodeIgniter->runController(Object(App\Controllers\Peserta))
#3 C:\xampp\htdocs\siakad\system\CodeIgniter.php(317): CodeIgniter\CodeIgniter->handleRequest(NULL, Object(Config\Cache), false)
#4 C:\xampp\htdocs\siakad\public\index.php(37): CodeIgniter\CodeIgniter->run()
#5 C:\xampp\htdocs\siakad\system\Commands\Server\rewrite.php(43): require_once('C:\\xampp\\htdocs...')
#6 {main}
CRITICAL - 2024-04-25 13:41:31 --> Undefined offset: 1
#0 C:\xampp\htdocs\siakad\app\Controllers\Peserta.php(604): CodeIgniter\Debug\Exceptions->errorHandler(8, 'Undefined offse...', 'C:\\xampp\\htdocs...', 604, Array)
#1 C:\xampp\htdocs\siakad\system\CodeIgniter.php(802): App\Controllers\Peserta->naik()
#2 C:\xampp\htdocs\siakad\system\CodeIgniter.php(399): CodeIgniter\CodeIgniter->runController(Object(App\Controllers\Peserta))
#3 C:\xampp\htdocs\siakad\system\CodeIgniter.php(317): CodeIgniter\CodeIgniter->handleRequest(NULL, Object(Config\Cache), false)
#4 C:\xampp\htdocs\siakad\public\index.php(37): CodeIgniter\CodeIgniter->run()
#5 C:\xampp\htdocs\siakad\system\Commands\Server\rewrite.php(43): require_once('C:\\xampp\\htdocs...')
#6 {main}
